   1              		.cpu arm9
   2              		.fpu softvfp
   3              		.eabi_attribute 20, 1
   4              		.eabi_attribute 21, 1
   5              		.eabi_attribute 23, 3
   6              		.eabi_attribute 24, 1
   7              		.eabi_attribute 25, 1
   8              		.eabi_attribute 26, 1
   9              		.eabi_attribute 30, 6
  10              		.eabi_attribute 34, 0
  11              		.eabi_attribute 18, 4
  12              		.file	"AudioListener.cpp"
  13              		.text
  14              	.Ltext0:
  15              		.cfi_sections	.debug_frame
  16              		.align	2
  17              		.global	_ZN9tinyUnity13AudioListenerC2Ev
  19              	_ZN9tinyUnity13AudioListenerC2Ev:
  20              	.LFB1:
  21              		.file 1 "../source/tinyUnity/audio/AudioListener.cpp"
   1:../source/tinyUnity/audio/AudioListener.cpp **** /*
   2:../source/tinyUnity/audio/AudioListener.cpp ****  * AudioListender.cpp
   3:../source/tinyUnity/audio/AudioListener.cpp ****  *
   4:../source/tinyUnity/audio/AudioListener.cpp ****  *  Created on: 2013-07-12
   5:../source/tinyUnity/audio/AudioListener.cpp ****  *      Author: awiebe
   6:../source/tinyUnity/audio/AudioListener.cpp ****  */
   7:../source/tinyUnity/audio/AudioListener.cpp **** 
   8:../source/tinyUnity/audio/AudioListener.cpp **** #include "AudioListener.h"
   9:../source/tinyUnity/audio/AudioListener.cpp **** 
  10:../source/tinyUnity/audio/AudioListener.cpp **** namespace tinyUnity {
  11:../source/tinyUnity/audio/AudioListener.cpp **** 
  12:../source/tinyUnity/audio/AudioListener.cpp **** AudioListener::AudioListener() {
  22              		.loc 1 12 0
  23              		.cfi_startproc
  24              		@ Function supports interworking.
  25              		@ args = 0, pretend = 0, frame = 8
  26              		@ frame_needed = 1, uses_anonymous_args = 0
  27 0000 00482DE9 		stmfd	sp!, {fp, lr}
  28              	.LCFI0:
  29              		.cfi_def_cfa_offset 8
  30              		.cfi_offset 11, -8
  31              		.cfi_offset 14, -4
  32 0004 04B08DE2 		add	fp, sp, #4
  33              	.LCFI1:
  34              		.cfi_def_cfa 11, 4
  35 0008 08D04DE2 		sub	sp, sp, #8
  36 000c 08000BE5 		str	r0, [fp, #-8]
  37              	.LBB2:
  38              		.loc 1 12 0
  39 0010 08301BE5 		ldr	r3, [fp, #-8]
  40 0014 0300A0E1 		mov	r0, r3
  41 0018 FEFFFFEB 		bl	_ZN9tinyUnity9ComponentC2Ev
  42 001c 08301BE5 		ldr	r3, [fp, #-8]
  43 0020 14209FE5 		ldr	r2, .L4
  44 0024 002083E5 		str	r2, [r3]
  45              	.LBE2:
  13:../source/tinyUnity/audio/AudioListener.cpp **** 	// TODO Auto-generated constructor stub
  14:../source/tinyUnity/audio/AudioListener.cpp **** 
  15:../source/tinyUnity/audio/AudioListener.cpp **** }
  46              		.loc 1 15 0
  47 0028 08301BE5 		ldr	r3, [fp, #-8]
  48 002c 0300A0E1 		mov	r0, r3
  49 0030 04D04BE2 		sub	sp, fp, #4
  50              		@ sp needed
  51 0034 0048BDE8 		ldmfd	sp!, {fp, lr}
  52 0038 1EFF2FE1 		bx	lr
  53              	.L5:
  54              		.align	2
  55              	.L4:
  56 003c 08000000 		.word	_ZTVN9tinyUnity13AudioListenerE+8
  57              		.cfi_endproc
  58              	.LFE1:
  60              		.global	_ZN9tinyUnity13AudioListenerC1Ev
  61              		.set	_ZN9tinyUnity13AudioListenerC1Ev,_ZN9tinyUnity13AudioListenerC2Ev
  62              		.align	2
  63              		.global	_ZN9tinyUnity13AudioListenerD2Ev
  65              	_ZN9tinyUnity13AudioListenerD2Ev:
  66              	.LFB4:
  16:../source/tinyUnity/audio/AudioListener.cpp **** 
  17:../source/tinyUnity/audio/AudioListener.cpp **** AudioListener::~AudioListener() {
  67              		.loc 1 17 0
  68              		.cfi_startproc
  69              		@ Function supports interworking.
  70              		@ args = 0, pretend = 0, frame = 8
  71              		@ frame_needed = 1, uses_anonymous_args = 0
  72 0040 00482DE9 		stmfd	sp!, {fp, lr}
  73              	.LCFI2:
  74              		.cfi_def_cfa_offset 8
  75              		.cfi_offset 11, -8
  76              		.cfi_offset 14, -4
  77 0044 04B08DE2 		add	fp, sp, #4
  78              	.LCFI3:
  79              		.cfi_def_cfa 11, 4
  80 0048 08D04DE2 		sub	sp, sp, #8
  81 004c 08000BE5 		str	r0, [fp, #-8]
  82              	.LBB3:
  83              		.loc 1 17 0
  84 0050 08301BE5 		ldr	r3, [fp, #-8]
  85 0054 20209FE5 		ldr	r2, .L9
  86 0058 002083E5 		str	r2, [r3]
  87 005c 08301BE5 		ldr	r3, [fp, #-8]
  18:../source/tinyUnity/audio/AudioListener.cpp **** 	// TODO Auto-generated destructor stub
  19:../source/tinyUnity/audio/AudioListener.cpp **** }
  88              		.loc 1 19 0
  89 0060 0300A0E1 		mov	r0, r3
  90 0064 FEFFFFEB 		bl	_ZN9tinyUnity9ComponentD2Ev
  91              	.LBE3:
  92 0068 08301BE5 		ldr	r3, [fp, #-8]
  93 006c 0300A0E1 		mov	r0, r3
  94 0070 04D04BE2 		sub	sp, fp, #4
  95              		@ sp needed
  96 0074 0048BDE8 		ldmfd	sp!, {fp, lr}
  97 0078 1EFF2FE1 		bx	lr
  98              	.L10:
  99              		.align	2
 100              	.L9:
 101 007c 08000000 		.word	_ZTVN9tinyUnity13AudioListenerE+8
 102              		.cfi_endproc
 103              	.LFE4:
 105              		.global	_ZN9tinyUnity13AudioListenerD1Ev
 106              		.set	_ZN9tinyUnity13AudioListenerD1Ev,_ZN9tinyUnity13AudioListenerD2Ev
 107              		.weak	_ZTVN9tinyUnity13AudioListenerE
 108              		.section	.rodata._ZTVN9tinyUnity13AudioListenerE,"aG",%progbits,_ZTVN9tinyUnity13AudioListenerE,co
 109              		.align	3
 112              	_ZTVN9tinyUnity13AudioListenerE:
 113 0000 00000000 		.word	0
 114 0004 00000000 		.word	0
 115 0008 00000000 		.word	_ZN9tinyUnity9Component11fixedUpdateEv
 116 000c 00000000 		.word	_ZN9tinyUnity9Component6updateEv
 117 0010 00000000 		.word	_ZN9tinyUnity9Component5awakeEv
 118 0014 00000000 		.word	_ZN9tinyUnity9Component16onCollisionEnterEv
 119 0018 00000000 		.word	_ZN9tinyUnity9Component15onCollisionExitEv
 120 001c 00000000 		.text
 121              	.Letext0:
 122              		.file 2 "../source/tinyUnity/audio/../Component.h"
 123              		.file 3 "../source/tinyUnity/audio/AudioListener.h"
DEFINED SYMBOLS
                            *ABS*:00000000 AudioListener.cpp
/var/folders/0q/0rgskkgj3ms6cdw3tql51gsc0000gv/T//ccOuOlyO.s:16     .text:00000000 $a
/var/folders/0q/0rgskkgj3ms6cdw3tql51gsc0000gv/T//ccOuOlyO.s:19     .text:00000000 _ZN9tinyUnity13AudioListenerC2Ev
/var/folders/0q/0rgskkgj3ms6cdw3tql51gsc0000gv/T//ccOuOlyO.s:56     .text:0000003c $d
/var/folders/0q/0rgskkgj3ms6cdw3tql51gsc0000gv/T//ccOuOlyO.s:112    .rodata._ZTVN9tinyUnity13AudioListenerE:00000000 _ZTVN9tinyUnity13AudioListenerE
/var/folders/0q/0rgskkgj3ms6cdw3tql51gsc0000gv/T//ccOuOlyO.s:19     .text:00000000 _ZN9tinyUnity13AudioListenerC1Ev
/var/folders/0q/0rgskkgj3ms6cdw3tql51gsc0000gv/T//ccOuOlyO.s:62     .text:00000040 $a
/var/folders/0q/0rgskkgj3ms6cdw3tql51gsc0000gv/T//ccOuOlyO.s:65     .text:00000040 _ZN9tinyUnity13AudioListenerD2Ev
/var/folders/0q/0rgskkgj3ms6cdw3tql51gsc0000gv/T//ccOuOlyO.s:101    .text:0000007c $d
/var/folders/0q/0rgskkgj3ms6cdw3tql51gsc0000gv/T//ccOuOlyO.s:65     .text:00000040 _ZN9tinyUnity13AudioListenerD1Ev
/var/folders/0q/0rgskkgj3ms6cdw3tql51gsc0000gv/T//ccOuOlyO.s:109    .rodata._ZTVN9tinyUnity13AudioListenerE:00000000 $d
                     .debug_frame:00000010 $d
                           .group:00000000 wm4.1.c1d3c39fe92b3c0ea0c4445ea1455857

UNDEFINED SYMBOLS
_ZN9tinyUnity9ComponentC2Ev
_ZN9tinyUnity9ComponentD2Ev
_ZN9tinyUnity9Component11fixedUpdateEv
_ZN9tinyUnity9Component6updateEv
_ZN9tinyUnity9Component5awakeEv
_ZN9tinyUnity9Component16onCollisionEnterEv
_ZN9tinyUnity9Component15onCollisionExitEv
