   1              		.cpu arm9
   2              		.fpu softvfp
   3              		.eabi_attribute 20, 1
   4              		.eabi_attribute 21, 1
   5              		.eabi_attribute 23, 3
   6              		.eabi_attribute 24, 1
   7              		.eabi_attribute 25, 1
   8              		.eabi_attribute 26, 1
   9              		.eabi_attribute 30, 6
  10              		.eabi_attribute 34, 0
  11              		.eabi_attribute 18, 4
  12              		.file	"AudioSource.cpp"
  13              		.text
  14              	.Ltext0:
  15              		.cfi_sections	.debug_frame
  16              		.align	2
  17              		.global	_ZN11AudioSourceC2Ev
  19              	_ZN11AudioSourceC2Ev:
  20              	.LFB1:
  21              		.file 1 "../source/tinyUnity/audio/AudioSource.cpp"
   1:../source/tinyUnity/audio/AudioSource.cpp **** /*
   2:../source/tinyUnity/audio/AudioSource.cpp ****  * AudioSource.cpp
   3:../source/tinyUnity/audio/AudioSource.cpp ****  *
   4:../source/tinyUnity/audio/AudioSource.cpp ****  *  Created on: 2013-06-15
   5:../source/tinyUnity/audio/AudioSource.cpp ****  *      Author: awiebe
   6:../source/tinyUnity/audio/AudioSource.cpp ****  */
   7:../source/tinyUnity/audio/AudioSource.cpp **** 
   8:../source/tinyUnity/audio/AudioSource.cpp **** #include "AudioSource.h"
   9:../source/tinyUnity/audio/AudioSource.cpp **** 
  10:../source/tinyUnity/audio/AudioSource.cpp **** AudioSource::AudioSource() {
  22              		.loc 1 10 0
  23              		.cfi_startproc
  24              		@ Function supports interworking.
  25              		@ args = 0, pretend = 0, frame = 8
  26              		@ frame_needed = 1, uses_anonymous_args = 0
  27              		@ link register save eliminated.
  28 0000 04B02DE5 		str	fp, [sp, #-4]!
  29              	.LCFI0:
  30              		.cfi_def_cfa_offset 4
  31              		.cfi_offset 11, -4
  32 0004 00B08DE2 		add	fp, sp, #0
  33              	.LCFI1:
  34              		.cfi_def_cfa_register 11
  35 0008 0CD04DE2 		sub	sp, sp, #12
  36 000c 08000BE5 		str	r0, [fp, #-8]
  11:../source/tinyUnity/audio/AudioSource.cpp **** 	// TODO Auto-generated constructor stub
  12:../source/tinyUnity/audio/AudioSource.cpp **** 
  13:../source/tinyUnity/audio/AudioSource.cpp **** }
  37              		.loc 1 13 0
  38 0010 08301BE5 		ldr	r3, [fp, #-8]
  39 0014 0300A0E1 		mov	r0, r3
  40 0018 00D04BE2 		sub	sp, fp, #0
  41              		@ sp needed
  42 001c 04B09DE4 		ldr	fp, [sp], #4
  43 0020 1EFF2FE1 		bx	lr
  44              		.cfi_endproc
  45              	.LFE1:
  47              		.global	_ZN11AudioSourceC1Ev
  48              		.set	_ZN11AudioSourceC1Ev,_ZN11AudioSourceC2Ev
  49              		.align	2
  50              		.global	_ZN11AudioSourceD2Ev
  52              	_ZN11AudioSourceD2Ev:
  53              	.LFB4:
  14:../source/tinyUnity/audio/AudioSource.cpp **** 
  15:../source/tinyUnity/audio/AudioSource.cpp **** AudioSource::~AudioSource() {
  54              		.loc 1 15 0
  55              		.cfi_startproc
  56              		@ Function supports interworking.
  57              		@ args = 0, pretend = 0, frame = 8
  58              		@ frame_needed = 1, uses_anonymous_args = 0
  59              		@ link register save eliminated.
  60 0024 04B02DE5 		str	fp, [sp, #-4]!
  61              	.LCFI2:
  62              		.cfi_def_cfa_offset 4
  63              		.cfi_offset 11, -4
  64 0028 00B08DE2 		add	fp, sp, #0
  65              	.LCFI3:
  66              		.cfi_def_cfa_register 11
  67 002c 0CD04DE2 		sub	sp, sp, #12
  68 0030 08000BE5 		str	r0, [fp, #-8]
  16:../source/tinyUnity/audio/AudioSource.cpp **** 	// TODO Auto-generated destructor stub
  17:../source/tinyUnity/audio/AudioSource.cpp **** }
  69              		.loc 1 17 0
  70 0034 08301BE5 		ldr	r3, [fp, #-8]
  71 0038 0300A0E1 		mov	r0, r3
  72 003c 00D04BE2 		sub	sp, fp, #0
  73              		@ sp needed
  74 0040 04B09DE4 		ldr	fp, [sp], #4
  75 0044 1EFF2FE1 		bx	lr
  76              		.cfi_endproc
  77              	.LFE4:
  79              		.global	_ZN11AudioSourceD1Ev
  80              		.set	_ZN11AudioSourceD1Ev,_ZN11AudioSourceD2Ev
  81              	.Letext0:
  82              		.file 2 "../source/tinyUnity/audio/AudioSource.h"
DEFINED SYMBOLS
                            *ABS*:00000000 AudioSource.cpp
/var/folders/0q/0rgskkgj3ms6cdw3tql51gsc0000gv/T//cciem53Z.s:16     .text:00000000 $a
/var/folders/0q/0rgskkgj3ms6cdw3tql51gsc0000gv/T//cciem53Z.s:19     .text:00000000 _ZN11AudioSourceC2Ev
/var/folders/0q/0rgskkgj3ms6cdw3tql51gsc0000gv/T//cciem53Z.s:19     .text:00000000 _ZN11AudioSourceC1Ev
/var/folders/0q/0rgskkgj3ms6cdw3tql51gsc0000gv/T//cciem53Z.s:52     .text:00000024 _ZN11AudioSourceD2Ev
/var/folders/0q/0rgskkgj3ms6cdw3tql51gsc0000gv/T//cciem53Z.s:52     .text:00000024 _ZN11AudioSourceD1Ev
                     .debug_frame:00000010 $d
                           .group:00000000 wm4.1.c1d3c39fe92b3c0ea0c4445ea1455857

NO UNDEFINED SYMBOLS
