   1              		.cpu arm9
   2              		.fpu softvfp
   3              		.eabi_attribute 20, 1
   4              		.eabi_attribute 21, 1
   5              		.eabi_attribute 23, 3
   6              		.eabi_attribute 24, 1
   7              		.eabi_attribute 25, 1
   8              		.eabi_attribute 26, 1
   9              		.eabi_attribute 30, 4
  10              		.eabi_attribute 34, 0
  11              		.eabi_attribute 18, 4
  12              		.file	"Debug.cpp"
  13              		.text
  14              	.Ltext0:
  15              		.cfi_sections	.debug_frame
  16              		.section	.text.startup,"ax",%progbits
  17              		.align	2
  19              	_GLOBAL__sub_I_Debug.cpp:
  20              	.LFB949:
  21              		.file 1 "../source/tinyUnity/Debug.cpp"
   1:../source/tinyUnity/Debug.cpp **** /*
   2:../source/tinyUnity/Debug.cpp ****  * Debug.cpp
   3:../source/tinyUnity/Debug.cpp ****  *
   4:../source/tinyUnity/Debug.cpp ****  *  Created on: 2013-06-21
   5:../source/tinyUnity/Debug.cpp ****  *      Author: awiebe
   6:../source/tinyUnity/Debug.cpp ****  */
   7:../source/tinyUnity/Debug.cpp **** 
   8:../source/tinyUnity/Debug.cpp **** #include "Debug.h"
   9:../source/tinyUnity/Debug.cpp **** 
  10:../source/tinyUnity/Debug.cpp **** namespace tinyUnity {
  11:../source/tinyUnity/Debug.cpp **** 
  12:../source/tinyUnity/Debug.cpp **** //Debug::Debug() {
  13:../source/tinyUnity/Debug.cpp **** //	// TODO Auto-generated constructor stub
  14:../source/tinyUnity/Debug.cpp **** //
  15:../source/tinyUnity/Debug.cpp **** //}
  16:../source/tinyUnity/Debug.cpp **** //
  17:../source/tinyUnity/Debug.cpp **** //Debug::~Debug() {
  18:../source/tinyUnity/Debug.cpp **** //	// TODO Auto-generated destructor stub
  19:../source/tinyUnity/Debug.cpp **** //}
  20:../source/tinyUnity/Debug.cpp **** 
  21:../source/tinyUnity/Debug.cpp **** } /* namespace tinyUnity */
  22              		.loc 1 21 0
  23              		.cfi_startproc
  24              		@ Function supports interworking.
  25              		@ args = 0, pretend = 0, frame = 0
  26              		@ frame_needed = 0, uses_anonymous_args = 0
  27              	.LVL0:
  28 0000 10402DE9 		stmfd	sp!, {r4, lr}
  29              	.LCFI0:
  30              		.cfi_def_cfa_offset 8
  31              		.cfi_offset 4, -8
  32              		.cfi_offset 14, -4
  33              	.LBB4:
  34              	.LBB5:
  35              		.file 2 "/Users/awiebe/devkitPro/devkitARM/arm-none-eabi/include/c++/4.8.2/iostream"
   1:/Users/awiebe/devkitPro/devkitARM/arm-none-eabi/include/c++/4.8.2/iostream **** // Standard iostream objects -*- C++ -*-
   2:/Users/awiebe/devkitPro/devkitARM/arm-none-eabi/include/c++/4.8.2/iostream **** 
   3:/Users/awiebe/devkitPro/devkitARM/arm-none-eabi/include/c++/4.8.2/iostream **** // Copyright (C) 1997-2013 Free Software Foundation, Inc.
   4:/Users/awiebe/devkitPro/devkitARM/arm-none-eabi/include/c++/4.8.2/iostream **** //
   5:/Users/awiebe/devkitPro/devkitARM/arm-none-eabi/include/c++/4.8.2/iostream **** // This file is part of the GNU ISO C++ Library.  This library is free
   6:/Users/awiebe/devkitPro/devkitARM/arm-none-eabi/include/c++/4.8.2/iostream **** // software; you can redistribute it and/or modify it under the
   7:/Users/awiebe/devkitPro/devkitARM/arm-none-eabi/include/c++/4.8.2/iostream **** // terms of the GNU General Public License as published by the
   8:/Users/awiebe/devkitPro/devkitARM/arm-none-eabi/include/c++/4.8.2/iostream **** // Free Software Foundation; either version 3, or (at your option)
   9:/Users/awiebe/devkitPro/devkitARM/arm-none-eabi/include/c++/4.8.2/iostream **** // any later version.
  10:/Users/awiebe/devkitPro/devkitARM/arm-none-eabi/include/c++/4.8.2/iostream **** 
  11:/Users/awiebe/devkitPro/devkitARM/arm-none-eabi/include/c++/4.8.2/iostream **** // This library is distributed in the hope that it will be useful,
  12:/Users/awiebe/devkitPro/devkitARM/arm-none-eabi/include/c++/4.8.2/iostream **** // but WITHOUT ANY WARRANTY; without even the implied warranty of
  13:/Users/awiebe/devkitPro/devkitARM/arm-none-eabi/include/c++/4.8.2/iostream **** // MERCHANTABILITY or FITNESS FOR A PARTICULAR PURPOSE.  See the
  14:/Users/awiebe/devkitPro/devkitARM/arm-none-eabi/include/c++/4.8.2/iostream **** // GNU General Public License for more details.
  15:/Users/awiebe/devkitPro/devkitARM/arm-none-eabi/include/c++/4.8.2/iostream **** 
  16:/Users/awiebe/devkitPro/devkitARM/arm-none-eabi/include/c++/4.8.2/iostream **** // Under Section 7 of GPL version 3, you are granted additional
  17:/Users/awiebe/devkitPro/devkitARM/arm-none-eabi/include/c++/4.8.2/iostream **** // permissions described in the GCC Runtime Library Exception, version
  18:/Users/awiebe/devkitPro/devkitARM/arm-none-eabi/include/c++/4.8.2/iostream **** // 3.1, as published by the Free Software Foundation.
  19:/Users/awiebe/devkitPro/devkitARM/arm-none-eabi/include/c++/4.8.2/iostream **** 
  20:/Users/awiebe/devkitPro/devkitARM/arm-none-eabi/include/c++/4.8.2/iostream **** // You should have received a copy of the GNU General Public License and
  21:/Users/awiebe/devkitPro/devkitARM/arm-none-eabi/include/c++/4.8.2/iostream **** // a copy of the GCC Runtime Library Exception along with this program;
  22:/Users/awiebe/devkitPro/devkitARM/arm-none-eabi/include/c++/4.8.2/iostream **** // see the files COPYING3 and COPYING.RUNTIME respectively.  If not, see
  23:/Users/awiebe/devkitPro/devkitARM/arm-none-eabi/include/c++/4.8.2/iostream **** // <http://www.gnu.org/licenses/>.
  24:/Users/awiebe/devkitPro/devkitARM/arm-none-eabi/include/c++/4.8.2/iostream **** 
  25:/Users/awiebe/devkitPro/devkitARM/arm-none-eabi/include/c++/4.8.2/iostream **** /** @file include/iostream
  26:/Users/awiebe/devkitPro/devkitARM/arm-none-eabi/include/c++/4.8.2/iostream ****  *  This is a Standard C++ Library header.
  27:/Users/awiebe/devkitPro/devkitARM/arm-none-eabi/include/c++/4.8.2/iostream ****  */
  28:/Users/awiebe/devkitPro/devkitARM/arm-none-eabi/include/c++/4.8.2/iostream **** 
  29:/Users/awiebe/devkitPro/devkitARM/arm-none-eabi/include/c++/4.8.2/iostream **** //
  30:/Users/awiebe/devkitPro/devkitARM/arm-none-eabi/include/c++/4.8.2/iostream **** // ISO C++ 14882: 27.3  Standard iostream objects
  31:/Users/awiebe/devkitPro/devkitARM/arm-none-eabi/include/c++/4.8.2/iostream **** //
  32:/Users/awiebe/devkitPro/devkitARM/arm-none-eabi/include/c++/4.8.2/iostream **** 
  33:/Users/awiebe/devkitPro/devkitARM/arm-none-eabi/include/c++/4.8.2/iostream **** #ifndef _GLIBCXX_IOSTREAM
  34:/Users/awiebe/devkitPro/devkitARM/arm-none-eabi/include/c++/4.8.2/iostream **** #define _GLIBCXX_IOSTREAM 1
  35:/Users/awiebe/devkitPro/devkitARM/arm-none-eabi/include/c++/4.8.2/iostream **** 
  36:/Users/awiebe/devkitPro/devkitARM/arm-none-eabi/include/c++/4.8.2/iostream **** #pragma GCC system_header
  37:/Users/awiebe/devkitPro/devkitARM/arm-none-eabi/include/c++/4.8.2/iostream **** 
  38:/Users/awiebe/devkitPro/devkitARM/arm-none-eabi/include/c++/4.8.2/iostream **** #include <bits/c++config.h>
  39:/Users/awiebe/devkitPro/devkitARM/arm-none-eabi/include/c++/4.8.2/iostream **** #include <ostream>
  40:/Users/awiebe/devkitPro/devkitARM/arm-none-eabi/include/c++/4.8.2/iostream **** #include <istream>
  41:/Users/awiebe/devkitPro/devkitARM/arm-none-eabi/include/c++/4.8.2/iostream **** 
  42:/Users/awiebe/devkitPro/devkitARM/arm-none-eabi/include/c++/4.8.2/iostream **** namespace std _GLIBCXX_VISIBILITY(default)
  43:/Users/awiebe/devkitPro/devkitARM/arm-none-eabi/include/c++/4.8.2/iostream **** {
  44:/Users/awiebe/devkitPro/devkitARM/arm-none-eabi/include/c++/4.8.2/iostream **** _GLIBCXX_BEGIN_NAMESPACE_VERSION
  45:/Users/awiebe/devkitPro/devkitARM/arm-none-eabi/include/c++/4.8.2/iostream **** 
  46:/Users/awiebe/devkitPro/devkitARM/arm-none-eabi/include/c++/4.8.2/iostream ****   /**
  47:/Users/awiebe/devkitPro/devkitARM/arm-none-eabi/include/c++/4.8.2/iostream ****    *  @name Standard Stream Objects
  48:/Users/awiebe/devkitPro/devkitARM/arm-none-eabi/include/c++/4.8.2/iostream ****    *
  49:/Users/awiebe/devkitPro/devkitARM/arm-none-eabi/include/c++/4.8.2/iostream ****    *  The &lt;iostream&gt; header declares the eight <em>standard stream
  50:/Users/awiebe/devkitPro/devkitARM/arm-none-eabi/include/c++/4.8.2/iostream ****    *  objects</em>.  For other declarations, see
  51:/Users/awiebe/devkitPro/devkitARM/arm-none-eabi/include/c++/4.8.2/iostream ****    *  http://gcc.gnu.org/onlinedocs/libstdc++/manual/bk01pt11ch24.html
  52:/Users/awiebe/devkitPro/devkitARM/arm-none-eabi/include/c++/4.8.2/iostream ****    *  and the @link iosfwd I/O forward declarations @endlink
  53:/Users/awiebe/devkitPro/devkitARM/arm-none-eabi/include/c++/4.8.2/iostream ****    *
  54:/Users/awiebe/devkitPro/devkitARM/arm-none-eabi/include/c++/4.8.2/iostream ****    *  They are required by default to cooperate with the global C
  55:/Users/awiebe/devkitPro/devkitARM/arm-none-eabi/include/c++/4.8.2/iostream ****    *  library's @c FILE streams, and to be available during program
  56:/Users/awiebe/devkitPro/devkitARM/arm-none-eabi/include/c++/4.8.2/iostream ****    *  startup and termination. For more information, see the HOWTO
  57:/Users/awiebe/devkitPro/devkitARM/arm-none-eabi/include/c++/4.8.2/iostream ****    *  linked to above.
  58:/Users/awiebe/devkitPro/devkitARM/arm-none-eabi/include/c++/4.8.2/iostream ****   */
  59:/Users/awiebe/devkitPro/devkitARM/arm-none-eabi/include/c++/4.8.2/iostream ****   //@{
  60:/Users/awiebe/devkitPro/devkitARM/arm-none-eabi/include/c++/4.8.2/iostream ****   extern istream cin;		/// Linked to standard input
  61:/Users/awiebe/devkitPro/devkitARM/arm-none-eabi/include/c++/4.8.2/iostream ****   extern ostream cout;		/// Linked to standard output
  62:/Users/awiebe/devkitPro/devkitARM/arm-none-eabi/include/c++/4.8.2/iostream ****   extern ostream cerr;		/// Linked to standard error (unbuffered)
  63:/Users/awiebe/devkitPro/devkitARM/arm-none-eabi/include/c++/4.8.2/iostream ****   extern ostream clog;		/// Linked to standard error (buffered)
  64:/Users/awiebe/devkitPro/devkitARM/arm-none-eabi/include/c++/4.8.2/iostream **** 
  65:/Users/awiebe/devkitPro/devkitARM/arm-none-eabi/include/c++/4.8.2/iostream **** #ifdef _GLIBCXX_USE_WCHAR_T
  66:/Users/awiebe/devkitPro/devkitARM/arm-none-eabi/include/c++/4.8.2/iostream ****   extern wistream wcin;		/// Linked to standard input
  67:/Users/awiebe/devkitPro/devkitARM/arm-none-eabi/include/c++/4.8.2/iostream ****   extern wostream wcout;	/// Linked to standard output
  68:/Users/awiebe/devkitPro/devkitARM/arm-none-eabi/include/c++/4.8.2/iostream ****   extern wostream wcerr;	/// Linked to standard error (unbuffered)
  69:/Users/awiebe/devkitPro/devkitARM/arm-none-eabi/include/c++/4.8.2/iostream ****   extern wostream wclog;	/// Linked to standard error (buffered)
  70:/Users/awiebe/devkitPro/devkitARM/arm-none-eabi/include/c++/4.8.2/iostream **** #endif
  71:/Users/awiebe/devkitPro/devkitARM/arm-none-eabi/include/c++/4.8.2/iostream ****   //@}
  72:/Users/awiebe/devkitPro/devkitARM/arm-none-eabi/include/c++/4.8.2/iostream **** 
  73:/Users/awiebe/devkitPro/devkitARM/arm-none-eabi/include/c++/4.8.2/iostream ****   // For construction of filebuffers for cout, cin, cerr, clog et. al.
  74:/Users/awiebe/devkitPro/devkitARM/arm-none-eabi/include/c++/4.8.2/iostream ****   static ios_base::Init __ioinit;
  36              		.loc 2 74 0
  37 0004 1C409FE5 		ldr	r4, .L2
  38 0008 0400A0E1 		mov	r0, r4
  39 000c FEFFFFEB 		bl	_ZNSt8ios_base4InitC1Ev
  40              	.LVL1:
  41 0010 0400A0E1 		mov	r0, r4
  42 0014 10109FE5 		ldr	r1, .L2+4
  43 0018 10209FE5 		ldr	r2, .L2+8
  44 001c FEFFFFEB 		bl	__aeabi_atexit
  45              	.LVL2:
  46              	.LBE5:
  47              	.LBE4:
  48              		.loc 1 21 0
  49 0020 1040BDE8 		ldmfd	sp!, {r4, lr}
  50 0024 1EFF2FE1 		bx	lr
  51              	.L3:
  52              		.align	2
  53              	.L2:
  54 0028 00000000 		.word	.LANCHOR0
  55 002c 00000000 		.word	_ZNSt8ios_base4InitD1Ev
  56 0030 00000000 		.word	__dso_handle
  57              		.cfi_endproc
  58              	.LFE949:
  60              		.section	.init_array,"aw",%init_array
  61              		.align	2
  62 0000 00000000 		.word	_GLOBAL__sub_I_Debug.cpp(target1)
  63              		.bss
  64              		.set	.LANCHOR0,. + 0
  67              	_ZStL8__ioinit:
  68 0000 00       		.space	1
  69              		.text
  70              	.Letext0:
  71              		.file 3 "/Users/awiebe/devkitPro/devkitARM/lib/gcc/arm-none-eabi/4.8.2/include/stddef.h"
  72              		.file 4 "/Users/awiebe/devkitPro/devkitARM/arm-none-eabi/include/sys/lock.h"
  73              		.file 5 "/Users/awiebe/devkitPro/devkitARM/arm-none-eabi/include/sys/_types.h"
  74              		.file 6 "/Users/awiebe/devkitPro/devkitARM/arm-none-eabi/include/sys/reent.h"
  75              		.file 7 "/Users/awiebe/devkitPro/devkitARM/lib/gcc/arm-none-eabi/4.8.2/include/stdarg.h"
  76              		.file 8 "<built-in>"
  77              		.file 9 "/Users/awiebe/devkitPro/devkitARM/arm-none-eabi/include/wchar.h"
  78              		.file 10 "/Users/awiebe/devkitPro/devkitARM/arm-none-eabi/include/c++/4.8.2/cwchar"
  79              		.file 11 "/Users/awiebe/devkitPro/devkitARM/arm-none-eabi/include/c++/4.8.2/arm-none-eabi/bits/c++
  80              		.file 12 "/Users/awiebe/devkitPro/devkitARM/arm-none-eabi/include/c++/4.8.2/clocale"
  81              		.file 13 "/Users/awiebe/devkitPro/devkitARM/arm-none-eabi/include/c++/4.8.2/bits/ios_base.h"
  82              		.file 14 "/Users/awiebe/devkitPro/devkitARM/arm-none-eabi/include/c++/4.8.2/cwctype"
  83              		.file 15 "/Users/awiebe/devkitPro/devkitARM/arm-none-eabi/include/c++/4.8.2/ext/new_allocator.h"
  84              		.file 16 "/Users/awiebe/devkitPro/devkitARM/arm-none-eabi/include/c++/4.8.2/ext/numeric_traits.h"
  85              		.file 17 "/Users/awiebe/devkitPro/devkitARM/arm-none-eabi/include/c++/4.8.2/exception"
  86              		.file 18 "/Users/awiebe/devkitPro/devkitARM/arm-none-eabi/include/c++/4.8.2/debug/debug.h"
  87              		.file 19 "/Users/awiebe/devkitPro/devkitARM/arm-none-eabi/include/locale.h"
  88              		.file 20 "/Users/awiebe/devkitPro/devkitARM/arm-none-eabi/include/c++/4.8.2/arm-none-eabi/bits/ato
  89              		.file 21 "/Users/awiebe/devkitPro/devkitARM/arm-none-eabi/include/wctype.h"
  90              		.file 22 "../source/tinyUnity/Debug.h"
DEFINED SYMBOLS
                            *ABS*:00000000 Debug.cpp
/var/folders/0q/0rgskkgj3ms6cdw3tql51gsc0000gv/T//cctrkF2f.s:17     .text.startup:00000000 $a
/var/folders/0q/0rgskkgj3ms6cdw3tql51gsc0000gv/T//cctrkF2f.s:19     .text.startup:00000000 _GLOBAL__sub_I_Debug.cpp
/var/folders/0q/0rgskkgj3ms6cdw3tql51gsc0000gv/T//cctrkF2f.s:54     .text.startup:00000028 $d
/var/folders/0q/0rgskkgj3ms6cdw3tql51gsc0000gv/T//cctrkF2f.s:61     .init_array:00000000 $d
/var/folders/0q/0rgskkgj3ms6cdw3tql51gsc0000gv/T//cctrkF2f.s:67     .bss:00000000 _ZStL8__ioinit
/var/folders/0q/0rgskkgj3ms6cdw3tql51gsc0000gv/T//cctrkF2f.s:68     .bss:00000000 $d
                     .debug_frame:00000010 $d
                           .group:00000000 wm4.1.ef717f0b0fe6f53a02cd0d67063b9d5b
                           .group:00000000 wm4.cconfig.h.31.797f02f88fd1ddbfee82d99dd1b479e3
                           .group:00000000 wm4.cconfig.h.434.069089a5f433cea001bd4e8dc11c2229
                           .group:00000000 wm4.newlib.h.8.30891898d18e8c5555d1f81eacc760e7
                           .group:00000000 wm4.features.h.22.6a4ca7cd053637cc1d0db6c16f39b2d7
                           .group:00000000 wm4.config.h.212.4163ef2871a828c674038d036b081cfd
                           .group:00000000 wm4._ansi.h.23.ec336385f0acb2b8514cd40ae0acc4ae
                           .group:00000000 wm4.stddef.h.39.53370b0735a8416490adc8b60d370dcd
                           .group:00000000 wm4._default_types.h.6.9e4229723f5523536bc8f574589d6a99
                           .group:00000000 wm4.lock.h.2.9bc98482741e5e2a9450b12934a684ea
                           .group:00000000 wm4._types.h.54.d3d34a3b7f3cc230cd159baf022b4b08
                           .group:00000000 wm4.stddef.h.158.e57d9a24f6f3b6eaa274e44743a335a7
                           .group:00000000 wm4.reent.h.17.8bd9e4098e0428508c282cad794fae43
                           .group:00000000 wm4.wchar.h.8.acdef4366e64def8c588421024712d23
                           .group:00000000 wm4.stddef.h.158.0b18e63b88ce7fc060257c623cb99f7e
                           .group:00000000 wm4.stdarg.h.34.3a23a216c0c293b3d2ea2e89281481e6
                           .group:00000000 wm4.wchar.h.24.393ddc216e619cf8886e89ac3510bf06
                           .group:00000000 wm4.cwchar.48.9655a520fa8ea378dbf29aac758cd05c
                           .group:00000000 wm4.exception_defines.h.31.b944334bb23842f2d39bb0d8b467613a
                           .group:00000000 wm4.numeric_traits.h.30.aa01a98564b7e55086aad9e53c7e5c53
                           .group:00000000 wm4.concept_check.h.31.3d579f007de71573a5abea960f72bfb9
                           .group:00000000 wm4.move.h.145.4b06c65520ac6c631f0bce14e08d77ba
                           .group:00000000 wm4.debug.h.30.d58369f6a5680b4507179eb46c141328
                           .group:00000000 wm4.stl_iterator.h.61.cbfa7ffe68f3dce8a2b1dd0d976aa9d2
                           .group:00000000 wm4.stl_algobase.h.497.0479359017b8dfc6c11e65de61b7ec36
                           .group:00000000 wm4.stddef.h.158.bfd00fa34c523ce50423876e66a2d374
                           .group:00000000 wm4.locale.h.15.11f0b9b758251d0735c4c1b9e384a9a0
                           .group:00000000 wm4.clocale.45.c36d2d5b631a875aa5273176b54fdf0f
                           .group:00000000 wm4.ctype.h.2.c8defeb78957b878a8c8884c0f101735
                           .group:00000000 wm4.cctype.45.4b4d69d285702e3c8b7b8905a29a50e7
                           .group:00000000 wm4.gthr.h.27.ceb1c66b926f052afcba57e8784df0d4
                           .group:00000000 wm4.gthrdefault.h.27.a68b9b921e40c20d71a47376dc5677fb
                           .group:00000000 wm4.atomicity.h.111.79decd8dc33743090fdbd96a0d0d2856
                           .group:00000000 wm4.wctype.h.2.898a9b94aa35d125e245195b099726a8
                           .group:00000000 wm4.wctype.h.17.936ad50d01b3d645973f6b73aa9c4cb8
                           .group:00000000 wm4.cwctype.54.6582aca101688c1c3785d03bc15e2af6

UNDEFINED SYMBOLS
_ZNSt8ios_base4InitC1Ev
__aeabi_atexit
_ZNSt8ios_base4InitD1Ev
__dso_handle
