   1              		.cpu arm9
   2              		.fpu softvfp
   3              		.eabi_attribute 20, 1
   4              		.eabi_attribute 21, 1
   5              		.eabi_attribute 23, 3
   6              		.eabi_attribute 24, 1
   7              		.eabi_attribute 25, 1
   8              		.eabi_attribute 26, 1
   9              		.eabi_attribute 30, 4
  10              		.eabi_attribute 34, 0
  11              		.eabi_attribute 18, 4
  12              		.file	"Engine.cpp"
  13              		.text
  14              	.Ltext0:
  15              		.cfi_sections	.debug_frame
  16              		.align	2
  17              		.global	_ZN9tinyUnity6ObjectD2Ev
  19              	_ZN9tinyUnity6ObjectD2Ev:
  20              	.LFB4:
  21              		.file 1 "../source/tinyUnity/Engine.cpp"
   1:../source/tinyUnity/Engine.cpp **** /*
   2:../source/tinyUnity/Engine.cpp ****  * Object.cpp
   3:../source/tinyUnity/Engine.cpp ****  *
   4:../source/tinyUnity/Engine.cpp ****  *  Created on: 2013-06-21
   5:../source/tinyUnity/Engine.cpp ****  *      Author: awiebe
   6:../source/tinyUnity/Engine.cpp ****  */
   7:../source/tinyUnity/Engine.cpp **** 
   8:../source/tinyUnity/Engine.cpp **** #include "Object.h"
   9:../source/tinyUnity/Engine.cpp **** //#define DEFERRED_RELEASE
  10:../source/tinyUnity/Engine.cpp **** namespace tinyUnity {
  11:../source/tinyUnity/Engine.cpp **** 
  12:../source/tinyUnity/Engine.cpp **** Object::Object()
  13:../source/tinyUnity/Engine.cpp **** {
  14:../source/tinyUnity/Engine.cpp **** 	this->referenceCount=1;
  15:../source/tinyUnity/Engine.cpp **** 	// TODO Auto-generated constructor stub
  16:../source/tinyUnity/Engine.cpp **** 
  17:../source/tinyUnity/Engine.cpp **** }
  18:../source/tinyUnity/Engine.cpp **** 
  19:../source/tinyUnity/Engine.cpp **** Object::~Object() {
  22              		.loc 1 19 0
  23              		.cfi_startproc
  24              		@ Function supports interworking.
  25              		@ args = 0, pretend = 0, frame = 0
  26              		@ frame_needed = 0, uses_anonymous_args = 0
  27              		@ link register save eliminated.
  28              	.LVL0:
  29              	.LBB5:
  30              		.loc 1 19 0
  31 0000 04309FE5 		ldr	r3, .L2
  32 0004 003080E5 		str	r3, [r0]
  33              	.LBE5:
  20:../source/tinyUnity/Engine.cpp **** 	// TODO Auto-generated destructor stub
  21:../source/tinyUnity/Engine.cpp **** }
  34              		.loc 1 21 0
  35 0008 1EFF2FE1 		bx	lr
  36              	.L3:
  37              		.align	2
  38              	.L2:
  39 000c 08000000 		.word	.LANCHOR0+8
  40              		.cfi_endproc
  41              	.LFE4:
  43              		.global	_ZN9tinyUnity6ObjectD1Ev
  44              		.set	_ZN9tinyUnity6ObjectD1Ev,_ZN9tinyUnity6ObjectD2Ev
  45              		.align	2
  46              		.global	_ZN9tinyUnity6ObjectD0Ev
  48              	_ZN9tinyUnity6ObjectD0Ev:
  49              	.LFB6:
  19:../source/tinyUnity/Engine.cpp **** 	// TODO Auto-generated destructor stub
  50              		.loc 1 19 0
  51              		.cfi_startproc
  52              		@ Function supports interworking.
  53              		@ args = 0, pretend = 0, frame = 0
  54              		@ frame_needed = 0, uses_anonymous_args = 0
  55              	.LVL1:
  56 0010 10402DE9 		stmfd	sp!, {r4, lr}
  57              	.LCFI0:
  58              		.cfi_def_cfa_offset 8
  59              		.cfi_offset 4, -8
  60              		.cfi_offset 14, -4
  61              	.LBB6:
  62              	.LBB7:
  19:../source/tinyUnity/Engine.cpp **** 	// TODO Auto-generated destructor stub
  63              		.loc 1 19 0
  64 0014 14309FE5 		ldr	r3, .L5
  65              	.LBE7:
  66              	.LBE6:
  67 0018 0040A0E1 		mov	r4, r0
  68              	.LBB9:
  69              	.LBB8:
  70 001c 003080E5 		str	r3, [r0]
  71              	.LBE8:
  72              	.LBE9:
  73              		.loc 1 21 0
  74 0020 FEFFFFEB 		bl	_ZdlPv
  75              	.LVL2:
  76 0024 0400A0E1 		mov	r0, r4
  77 0028 1040BDE8 		ldmfd	sp!, {r4, lr}
  78              	.LVL3:
  79 002c 1EFF2FE1 		bx	lr
  80              	.L6:
  81              		.align	2
  82              	.L5:
  83 0030 08000000 		.word	.LANCHOR0+8
  84              		.cfi_endproc
  85              	.LFE6:
  87              		.align	2
  88              		.global	_ZN9tinyUnity6ObjectC2Ev
  90              	_ZN9tinyUnity6ObjectC2Ev:
  91              	.LFB1:
  12:../source/tinyUnity/Engine.cpp **** {
  92              		.loc 1 12 0
  93              		.cfi_startproc
  94              		@ Function supports interworking.
  95              		@ args = 0, pretend = 0, frame = 0
  96              		@ frame_needed = 0, uses_anonymous_args = 0
  97              		@ link register save eliminated.
  98              	.LVL4:
  99              	.LBB10:
  12:../source/tinyUnity/Engine.cpp **** {
 100              		.loc 1 12 0
 101 0034 0C209FE5 		ldr	r2, .L8
 102 0038 002080E5 		str	r2, [r0]
  14:../source/tinyUnity/Engine.cpp **** 	// TODO Auto-generated constructor stub
 103              		.loc 1 14 0
 104 003c 0120A0E3 		mov	r2, #1
 105 0040 042080E5 		str	r2, [r0, #4]
 106              	.LBE10:
  17:../source/tinyUnity/Engine.cpp **** 
 107              		.loc 1 17 0
 108 0044 1EFF2FE1 		bx	lr
 109              	.L9:
 110              		.align	2
 111              	.L8:
 112 0048 08000000 		.word	.LANCHOR0+8
 113              		.cfi_endproc
 114              	.LFE1:
 116              		.global	_ZN9tinyUnity6ObjectC1Ev
 117              		.set	_ZN9tinyUnity6ObjectC1Ev,_ZN9tinyUnity6ObjectC2Ev
 118              		.align	2
 119              		.global	_ZN9tinyUnity6Object6retainEv
 121              	_ZN9tinyUnity6Object6retainEv:
 122              	.LFB7:
  22:../source/tinyUnity/Engine.cpp **** 
  23:../source/tinyUnity/Engine.cpp **** Object* Object::retain()
  24:../source/tinyUnity/Engine.cpp **** {
 123              		.loc 1 24 0
 124              		.cfi_startproc
 125              		@ Function supports interworking.
 126              		@ args = 0, pretend = 0, frame = 0
 127              		@ frame_needed = 0, uses_anonymous_args = 0
 128              		@ link register save eliminated.
 129              	.LVL5:
  25:../source/tinyUnity/Engine.cpp **** 	this->referenceCount++;
 130              		.loc 1 25 0
 131 004c 042090E5 		ldr	r2, [r0, #4]
 132 0050 012082E2 		add	r2, r2, #1
 133 0054 042080E5 		str	r2, [r0, #4]
  26:../source/tinyUnity/Engine.cpp **** 	return this;
  27:../source/tinyUnity/Engine.cpp **** }
 134              		.loc 1 27 0
 135 0058 1EFF2FE1 		bx	lr
 136              		.cfi_endproc
 137              	.LFE7:
 139              		.align	2
 140              		.global	_ZN9tinyUnity6Object7releaseEv
 142              	_ZN9tinyUnity6Object7releaseEv:
 143              	.LFB8:
  28:../source/tinyUnity/Engine.cpp **** 
  29:../source/tinyUnity/Engine.cpp **** int Object::release()
  30:../source/tinyUnity/Engine.cpp **** {
 144              		.loc 1 30 0
 145              		.cfi_startproc
 146              		@ Function supports interworking.
 147              		@ args = 0, pretend = 0, frame = 0
 148              		@ frame_needed = 0, uses_anonymous_args = 0
 149              	.LVL6:
  31:../source/tinyUnity/Engine.cpp **** 	this->referenceCount--;
 150              		.loc 1 31 0
 151 005c 043090E5 		ldr	r3, [r0, #4]
  30:../source/tinyUnity/Engine.cpp **** 	this->referenceCount--;
 152              		.loc 1 30 0
 153 0060 10402DE9 		stmfd	sp!, {r4, lr}
 154              	.LCFI1:
 155              		.cfi_def_cfa_offset 8
 156              		.cfi_offset 4, -8
 157              		.cfi_offset 14, -4
 158              		.loc 1 31 0
 159 0064 013043E2 		sub	r3, r3, #1
  32:../source/tinyUnity/Engine.cpp **** 	if(this->referenceCount == 0)
 160              		.loc 1 32 0
 161 0068 000053E3 		cmp	r3, #0
  30:../source/tinyUnity/Engine.cpp **** 	this->referenceCount--;
 162              		.loc 1 30 0
 163 006c 0040A0E1 		mov	r4, r0
  31:../source/tinyUnity/Engine.cpp **** 	this->referenceCount--;
 164              		.loc 1 31 0
 165 0070 043080E5 		str	r3, [r0, #4]
 166              		.loc 1 32 0
  33:../source/tinyUnity/Engine.cpp **** 	{
  34:../source/tinyUnity/Engine.cpp **** 	#ifdef DEFERRED_RELEASE
  35:../source/tinyUnity/Engine.cpp **** 	#error "Deferred release system not implemented"
  36:../source/tinyUnity/Engine.cpp **** 	#else
  37:../source/tinyUnity/Engine.cpp **** 		this->~Object();
 167              		.loc 1 37 0
 168 0074 00309005 		ldreq	r3, [r0]
 169 0078 00C09305 		ldreq	ip, [r3]
 170 007c 0FE0A001 		moveq	lr, pc
 171 0080 1CFF2F01 		bxeq	ip
 172              	.LVL7:
 173              	.L12:
  38:../source/tinyUnity/Engine.cpp **** 	#endif
  39:../source/tinyUnity/Engine.cpp **** 	}
  40:../source/tinyUnity/Engine.cpp **** 	return this->referenceCount;
  41:../source/tinyUnity/Engine.cpp **** }
 174              		.loc 1 41 0
 175 0084 040094E5 		ldr	r0, [r4, #4]
 176 0088 1040BDE8 		ldmfd	sp!, {r4, lr}
 177              	.LVL8:
 178 008c 1EFF2FE1 		bx	lr
 179              		.cfi_endproc
 180              	.LFE8:
 182              		.global	_ZTVN9tinyUnity6ObjectE
 183              		.section	.rodata
 184              		.align	3
 185              		.set	.LANCHOR0,. + 0
 188              	_ZTVN9tinyUnity6ObjectE:
 189 0000 00000000 		.word	0
 190 0004 00000000 		.word	0
 191 0008 00000000 		.word	_ZN9tinyUnity6ObjectD1Ev
 192 000c 00000000 		.word	_ZN9tinyUnity6ObjectD0Ev
 193              		.text
 194              	.Letext0:
 195              		.file 2 "../source/tinyUnity/Object.h"
DEFINED SYMBOLS
                            *ABS*:00000000 Engine.cpp
/var/folders/0q/0rgskkgj3ms6cdw3tql51gsc0000gv/T//ccmtsVZM.s:16     .text:00000000 $a
/var/folders/0q/0rgskkgj3ms6cdw3tql51gsc0000gv/T//ccmtsVZM.s:19     .text:00000000 _ZN9tinyUnity6ObjectD2Ev
/var/folders/0q/0rgskkgj3ms6cdw3tql51gsc0000gv/T//ccmtsVZM.s:39     .text:0000000c $d
/var/folders/0q/0rgskkgj3ms6cdw3tql51gsc0000gv/T//ccmtsVZM.s:19     .text:00000000 _ZN9tinyUnity6ObjectD1Ev
/var/folders/0q/0rgskkgj3ms6cdw3tql51gsc0000gv/T//ccmtsVZM.s:45     .text:00000010 $a
/var/folders/0q/0rgskkgj3ms6cdw3tql51gsc0000gv/T//ccmtsVZM.s:48     .text:00000010 _ZN9tinyUnity6ObjectD0Ev
/var/folders/0q/0rgskkgj3ms6cdw3tql51gsc0000gv/T//ccmtsVZM.s:83     .text:00000030 $d
/var/folders/0q/0rgskkgj3ms6cdw3tql51gsc0000gv/T//ccmtsVZM.s:87     .text:00000034 $a
/var/folders/0q/0rgskkgj3ms6cdw3tql51gsc0000gv/T//ccmtsVZM.s:90     .text:00000034 _ZN9tinyUnity6ObjectC2Ev
/var/folders/0q/0rgskkgj3ms6cdw3tql51gsc0000gv/T//ccmtsVZM.s:112    .text:00000048 $d
/var/folders/0q/0rgskkgj3ms6cdw3tql51gsc0000gv/T//ccmtsVZM.s:90     .text:00000034 _ZN9tinyUnity6ObjectC1Ev
/var/folders/0q/0rgskkgj3ms6cdw3tql51gsc0000gv/T//ccmtsVZM.s:118    .text:0000004c $a
/var/folders/0q/0rgskkgj3ms6cdw3tql51gsc0000gv/T//ccmtsVZM.s:121    .text:0000004c _ZN9tinyUnity6Object6retainEv
/var/folders/0q/0rgskkgj3ms6cdw3tql51gsc0000gv/T//ccmtsVZM.s:142    .text:0000005c _ZN9tinyUnity6Object7releaseEv
/var/folders/0q/0rgskkgj3ms6cdw3tql51gsc0000gv/T//ccmtsVZM.s:188    .rodata:00000000 _ZTVN9tinyUnity6ObjectE
/var/folders/0q/0rgskkgj3ms6cdw3tql51gsc0000gv/T//ccmtsVZM.s:184    .rodata:00000000 $d
                     .debug_frame:00000010 $d
                           .group:00000000 wm4.1.ef717f0b0fe6f53a02cd0d67063b9d5b

UNDEFINED SYMBOLS
_ZdlPv
