   1              		.cpu arm9
   2              		.fpu softvfp
   3              		.eabi_attribute 20, 1
   4              		.eabi_attribute 21, 1
   5              		.eabi_attribute 23, 3
   6              		.eabi_attribute 24, 1
   7              		.eabi_attribute 25, 1
   8              		.eabi_attribute 26, 1
   9              		.eabi_attribute 30, 4
  10              		.eabi_attribute 34, 0
  11              		.eabi_attribute 18, 4
  12              		.file	"RenderMaster.cpp"
  13              		.text
  14              	.Ltext0:
  15              		.cfi_sections	.debug_frame
  16              		.align	2
  17              		.global	_ZN9tinyUnity12RenderMasterD2Ev
  19              	_ZN9tinyUnity12RenderMasterD2Ev:
  20              	.LFB198:
  21              		.file 1 "../source/tinyUnity/RenderMaster.cpp"
   1:../source/tinyUnity/RenderMaster.cpp **** /*
   2:../source/tinyUnity/RenderMaster.cpp ****  * RenderMaster.cpp
   3:../source/tinyUnity/RenderMaster.cpp ****  *
   4:../source/tinyUnity/RenderMaster.cpp ****  *  Created on: 2013-06-15
   5:../source/tinyUnity/RenderMaster.cpp ****  *      Author: awiebe
   6:../source/tinyUnity/RenderMaster.cpp ****  */
   7:../source/tinyUnity/RenderMaster.cpp **** 
   8:../source/tinyUnity/RenderMaster.cpp **** #include "RenderMaster.h"
   9:../source/tinyUnity/RenderMaster.cpp **** namespace tinyUnity{
  10:../source/tinyUnity/RenderMaster.cpp **** RenderMaster::RenderMaster() {
  11:../source/tinyUnity/RenderMaster.cpp **** 	// TODO Auto-generated constructor stub
  12:../source/tinyUnity/RenderMaster.cpp **** 
  13:../source/tinyUnity/RenderMaster.cpp **** }
  14:../source/tinyUnity/RenderMaster.cpp **** 
  15:../source/tinyUnity/RenderMaster.cpp **** RenderMaster::~RenderMaster() {
  22              		.loc 1 15 0
  23              		.cfi_startproc
  24              		@ Function supports interworking.
  25              		@ args = 0, pretend = 0, frame = 0
  26              		@ frame_needed = 0, uses_anonymous_args = 0
  27              		@ link register save eliminated.
  28              	.LVL0:
  29              	.LBB5:
  30              		.loc 1 15 0
  31 0000 04309FE5 		ldr	r3, .L2
  32 0004 003080E5 		str	r3, [r0]
  33              	.LBE5:
  16:../source/tinyUnity/RenderMaster.cpp **** 	// TODO Auto-generated destructor stub
  17:../source/tinyUnity/RenderMaster.cpp **** }
  34              		.loc 1 17 0
  35 0008 1EFF2FE1 		bx	lr
  36              	.L3:
  37              		.align	2
  38              	.L2:
  39 000c 08000000 		.word	.LANCHOR0+8
  40              		.cfi_endproc
  41              	.LFE198:
  43              		.global	_ZN9tinyUnity12RenderMasterD1Ev
  44              		.set	_ZN9tinyUnity12RenderMasterD1Ev,_ZN9tinyUnity12RenderMasterD2Ev
  45              		.align	2
  46              		.global	_ZN9tinyUnity12RenderMasterD0Ev
  48              	_ZN9tinyUnity12RenderMasterD0Ev:
  49              	.LFB200:
  15:../source/tinyUnity/RenderMaster.cpp **** 	// TODO Auto-generated destructor stub
  50              		.loc 1 15 0
  51              		.cfi_startproc
  52              		@ Function supports interworking.
  53              		@ args = 0, pretend = 0, frame = 0
  54              		@ frame_needed = 0, uses_anonymous_args = 0
  55              	.LVL1:
  56 0010 10402DE9 		stmfd	sp!, {r4, lr}
  57              	.LCFI0:
  58              		.cfi_def_cfa_offset 8
  59              		.cfi_offset 4, -8
  60              		.cfi_offset 14, -4
  61              	.LBB6:
  62              	.LBB7:
  15:../source/tinyUnity/RenderMaster.cpp **** 	// TODO Auto-generated destructor stub
  63              		.loc 1 15 0
  64 0014 14309FE5 		ldr	r3, .L5
  65              	.LBE7:
  66              	.LBE6:
  67 0018 0040A0E1 		mov	r4, r0
  68              	.LBB9:
  69              	.LBB8:
  70 001c 003080E5 		str	r3, [r0]
  71              	.LBE8:
  72              	.LBE9:
  73              		.loc 1 17 0
  74 0020 FEFFFFEB 		bl	_ZdlPv
  75              	.LVL2:
  76 0024 0400A0E1 		mov	r0, r4
  77 0028 1040BDE8 		ldmfd	sp!, {r4, lr}
  78              	.LVL3:
  79 002c 1EFF2FE1 		bx	lr
  80              	.L6:
  81              		.align	2
  82              	.L5:
  83 0030 08000000 		.word	.LANCHOR0+8
  84              		.cfi_endproc
  85              	.LFE200:
  87              		.align	2
  88              		.global	_ZN9tinyUnity12RenderMasterC2Ev
  90              	_ZN9tinyUnity12RenderMasterC2Ev:
  91              	.LFB195:
  10:../source/tinyUnity/RenderMaster.cpp **** 	// TODO Auto-generated constructor stub
  92              		.loc 1 10 0
  93              		.cfi_startproc
  94              		@ Function supports interworking.
  95              		@ args = 0, pretend = 0, frame = 0
  96              		@ frame_needed = 0, uses_anonymous_args = 0
  97              		@ link register save eliminated.
  98              	.LVL4:
  99              	.LBB10:
  10:../source/tinyUnity/RenderMaster.cpp **** 	// TODO Auto-generated constructor stub
 100              		.loc 1 10 0
 101 0034 04309FE5 		ldr	r3, .L8
 102 0038 003080E5 		str	r3, [r0]
 103              	.LBE10:
  13:../source/tinyUnity/RenderMaster.cpp **** 
 104              		.loc 1 13 0
 105 003c 1EFF2FE1 		bx	lr
 106              	.L9:
 107              		.align	2
 108              	.L8:
 109 0040 08000000 		.word	.LANCHOR0+8
 110              		.cfi_endproc
 111              	.LFE195:
 113              		.global	_ZN9tinyUnity12RenderMasterC1Ev
 114              		.set	_ZN9tinyUnity12RenderMasterC1Ev,_ZN9tinyUnity12RenderMasterC2Ev
 115              		.global	_ZTVN9tinyUnity12RenderMasterE
 116              		.section	.rodata
 117              		.align	3
 118              		.set	.LANCHOR0,. + 0
 121              	_ZTVN9tinyUnity12RenderMasterE:
 122 0000 00000000 		.word	0
 123 0004 00000000 		.word	0
 124 0008 00000000 		.word	_ZN9tinyUnity12RenderMasterD1Ev
 125 000c 00000000 		.word	_ZN9tinyUnity12RenderMasterD0Ev
 126              		.text
 127              	.Letext0:
 128              		.file 2 "/Users/awiebe/devkitPro/devkitARM/arm-none-eabi/include/machine/_default_types.h"
 129              		.file 3 "/Users/awiebe/devkitPro/devkitARM/arm-none-eabi/include/stdint.h"
 130              		.file 4 "/Users/awiebe/devkitPro/libnds/include/nds/ndstypes.h"
 131              		.file 5 "/Users/awiebe/devkitPro/libnds/include/nds/arm9/dynamicArray.h"
 132              		.file 6 "/Users/awiebe/devkitPro/libnds/include/nds/arm9/videoGL.h"
 133              		.file 7 "/Users/awiebe/devkitPro/libnds/include/nds/arm9/background.h"
 134              		.file 8 "/Users/awiebe/devkitPro/libnds/include/nds/arm9/sprite.h"
 135              		.file 9 "../source/tinyUnity/RenderMaster.h"
 136              		.file 10 "/Users/awiebe/devkitPro/libnds/include/nds/arm9/video.h"
 137              		.file 11 "../source/tinyUnity/types.h"
DEFINED SYMBOLS
                            *ABS*:00000000 RenderMaster.cpp
/var/folders/0q/0rgskkgj3ms6cdw3tql51gsc0000gv/T//ccTLlQeM.s:16     .text:00000000 $a
/var/folders/0q/0rgskkgj3ms6cdw3tql51gsc0000gv/T//ccTLlQeM.s:19     .text:00000000 _ZN9tinyUnity12RenderMasterD2Ev
/var/folders/0q/0rgskkgj3ms6cdw3tql51gsc0000gv/T//ccTLlQeM.s:39     .text:0000000c $d
/var/folders/0q/0rgskkgj3ms6cdw3tql51gsc0000gv/T//ccTLlQeM.s:19     .text:00000000 _ZN9tinyUnity12RenderMasterD1Ev
/var/folders/0q/0rgskkgj3ms6cdw3tql51gsc0000gv/T//ccTLlQeM.s:45     .text:00000010 $a
/var/folders/0q/0rgskkgj3ms6cdw3tql51gsc0000gv/T//ccTLlQeM.s:48     .text:00000010 _ZN9tinyUnity12RenderMasterD0Ev
/var/folders/0q/0rgskkgj3ms6cdw3tql51gsc0000gv/T//ccTLlQeM.s:83     .text:00000030 $d
/var/folders/0q/0rgskkgj3ms6cdw3tql51gsc0000gv/T//ccTLlQeM.s:87     .text:00000034 $a
/var/folders/0q/0rgskkgj3ms6cdw3tql51gsc0000gv/T//ccTLlQeM.s:90     .text:00000034 _ZN9tinyUnity12RenderMasterC2Ev
/var/folders/0q/0rgskkgj3ms6cdw3tql51gsc0000gv/T//ccTLlQeM.s:109    .text:00000040 $d
/var/folders/0q/0rgskkgj3ms6cdw3tql51gsc0000gv/T//ccTLlQeM.s:90     .text:00000034 _ZN9tinyUnity12RenderMasterC1Ev
/var/folders/0q/0rgskkgj3ms6cdw3tql51gsc0000gv/T//ccTLlQeM.s:121    .rodata:00000000 _ZTVN9tinyUnity12RenderMasterE
/var/folders/0q/0rgskkgj3ms6cdw3tql51gsc0000gv/T//ccTLlQeM.s:117    .rodata:00000000 $d
                     .debug_frame:00000010 $d
                           .group:00000000 wm4.1.ef717f0b0fe6f53a02cd0d67063b9d5b
                           .group:00000000 wm4.features.h.22.6a4ca7cd053637cc1d0db6c16f39b2d7
                           .group:00000000 wm4._default_types.h.15.8b2cb27e528498f8ff711db085d6e489
                           .group:00000000 wm4.stdint.h.20.796e373797e732130a803d4c0338fa1b
                           .group:00000000 wm4.stdbool.h.29.918586c125f920236001deb211f41e92
                           .group:00000000 wm4.ndstypes.h.43.843a766a29031d4e29a34080490bc9e7
                           .group:00000000 wm4.dma.h.50.a955dbc97e195f4838666434bca4a52b
                           .group:00000000 wm4.newlib.h.8.30891898d18e8c5555d1f81eacc760e7
                           .group:00000000 wm4.config.h.212.4163ef2871a828c674038d036b081cfd
                           .group:00000000 wm4._ansi.h.23.ec336385f0acb2b8514cd40ae0acc4ae
                           .group:00000000 wm4.sassert.h.43.7e84097964ba1c61c895bb636f8df047
                           .group:00000000 wm4.video.h.83.235168beab22bda04c79ff9483358ca5
                           .group:00000000 wm4.trig_lut.h.31.05e8d4f6471e5776263e413a2d294f89
                           .group:00000000 wm4.math.h.33.ee7a4ca882824fafdd2f17cf66692f53
                           .group:00000000 wm4.stdlib.h.13.4ed386f5c1a80d71e72172885d946ef2
                           .group:00000000 wm4.stddef.h.184.ee8e6917b4e86549ab466905cf65c430
                           .group:00000000 wm4.stddef.h.39.14405de79e849c7e89fd312e10f494ac
                           .group:00000000 wm4.lock.h.2.9bc98482741e5e2a9450b12934a684ea
                           .group:00000000 wm4._types.h.54.d3d34a3b7f3cc230cd159baf022b4b08
                           .group:00000000 wm4.stddef.h.158.e57d9a24f6f3b6eaa274e44743a335a7
                           .group:00000000 wm4.reent.h.17.8bd9e4098e0428508c282cad794fae43
                           .group:00000000 wm4.alloca.h.8.dfc0c703c47ec3e69746825b17d9e66d
                           .group:00000000 wm4.stdlib.h.53.1a82a3cc35cb0a04319c41bcf41d2a02
                           .group:00000000 wm4.cdefs.h.56.d8c921dd752528cc5369e93873b9bfb1
                           .group:00000000 wm4.string.h.15.dab3980bf35408a4c507182805e2de3a
                           .group:00000000 wm4.stddef.h.158.bfd00fa34c523ce50423876e66a2d374
                           .group:00000000 wm4.string.h.126.6ff3aa59129e7f66b2c273baf353e066
                           .group:00000000 wm4.videoGL.h.52.c73e1a09c4f988160d4a8ba260f501f7
                           .group:00000000 wm4.nds.h.219.3a246e32827d01484c32560cb6386a4e
                           .group:00000000 wm4.libversion.h.2.18bf62264b22c269b0002d03167cd230
                           .group:00000000 wm4.bios.h.30.169aa6d169a53cccccf3763844018a52
                           .group:00000000 wm4.card.h.35.5af8b1d928ff6ee2d22f183e9cc6cbe4
                           .group:00000000 wm4.interrupts.h.36.0043cda252880b023f6c6ebf569dd321
                           .group:00000000 wm4.ipc.h.30.fbcd65cbf2747d2105139787728cf9e6
                           .group:00000000 wm4.memory.h.33.5d65bad382e61a8ebefcc049f5d87b52
                           .group:00000000 wm4.system.h.37.48409549d245f15638a161f782a42fc7
                           .group:00000000 wm4.timers.h.39.4b84c7e880d6307c6b835d087ae7883b
                           .group:00000000 wm4.input.h.26.668c351ed5998cd41b7cf188a22bed7c
                           .group:00000000 wm4.malloc.h.4.62bd13b8107d5245f60bd92bb5994838
                           .group:00000000 wm4.malloc.h.148.73b7de3bd065dafbd594b04197a9466e
                           .group:00000000 wm4.background.h.126.e2819423dbec0f01a2c161be17215d1b
                           .group:00000000 wm4.exceptions.h.25.52606812c666ab6cfd8bf635c7f2a084
                           .group:00000000 wm4.guitarGrip.h.26.5ddf3818ecb5c8b4af08c800ce313a80
                           .group:00000000 wm4.piano.h.29.f45975aa2219b49eb0380c2585d1f4b5
                           .group:00000000 wm4.rumble.h.29.041709ebb3e71022d49e6e8cd0c3ddfc
                           .group:00000000 wm4.sprite.h.48.d5d68d7969c43c17fbe48e3349c2572c

UNDEFINED SYMBOLS
_ZdlPv
