   1              		.cpu arm9
   2              		.fpu softvfp
   3              		.eabi_attribute 20, 1
   4              		.eabi_attribute 21, 1
   5              		.eabi_attribute 23, 3
   6              		.eabi_attribute 24, 1
   7              		.eabi_attribute 25, 1
   8              		.eabi_attribute 26, 1
   9              		.eabi_attribute 30, 4
  10              		.eabi_attribute 34, 0
  11              		.eabi_attribute 18, 4
  12              		.file	"SubMesh.cpp"
  13              		.text
  14              	.Ltext0:
  15              		.cfi_sections	.debug_frame
  16              		.align	2
  17              		.global	_ZN9tinyUnity7SubMeshD2Ev
  19              	_ZN9tinyUnity7SubMeshD2Ev:
  20              	.LFB114:
  21              		.file 1 "../source/tinyUnity/SubMesh.cpp"
   1:../source/tinyUnity/SubMesh.cpp **** /*
   2:../source/tinyUnity/SubMesh.cpp ****  * SubMesh.cpp
   3:../source/tinyUnity/SubMesh.cpp ****  *
   4:../source/tinyUnity/SubMesh.cpp ****  *  Created on: 2013-06-15
   5:../source/tinyUnity/SubMesh.cpp ****  *      Author: awiebe
   6:../source/tinyUnity/SubMesh.cpp ****  */
   7:../source/tinyUnity/SubMesh.cpp **** 
   8:../source/tinyUnity/SubMesh.cpp **** #include "SubMesh.h"
   9:../source/tinyUnity/SubMesh.cpp **** namespace tinyUnity{
  10:../source/tinyUnity/SubMesh.cpp **** template <typename T,typename N>
  11:../source/tinyUnity/SubMesh.cpp **** SubMesh::SubMesh(T* a_triangleIndicies,N count)
  12:../source/tinyUnity/SubMesh.cpp **** {
  13:../source/tinyUnity/SubMesh.cpp **** 	this->triangleIndicies = a_triangleIndicies;
  14:../source/tinyUnity/SubMesh.cpp **** 	indiciesLength = count;
  15:../source/tinyUnity/SubMesh.cpp **** 	// TODO Auto-generated constructor stub
  16:../source/tinyUnity/SubMesh.cpp **** 
  17:../source/tinyUnity/SubMesh.cpp **** }
  18:../source/tinyUnity/SubMesh.cpp **** 
  19:../source/tinyUnity/SubMesh.cpp **** SubMesh::~SubMesh() {
  22              		.loc 1 19 0
  23              		.cfi_startproc
  24              		@ Function supports interworking.
  25              		@ args = 0, pretend = 0, frame = 0
  26              		@ frame_needed = 0, uses_anonymous_args = 0
  27              		@ link register save eliminated.
  28              	.LVL0:
  29              	.LBB5:
  30              		.loc 1 19 0
  31 0000 04309FE5 		ldr	r3, .L2
  32 0004 003080E5 		str	r3, [r0]
  33              	.LBE5:
  20:../source/tinyUnity/SubMesh.cpp **** 	// TODO Auto-generated destructor stub
  21:../source/tinyUnity/SubMesh.cpp **** }
  34              		.loc 1 21 0
  35 0008 1EFF2FE1 		bx	lr
  36              	.L3:
  37              		.align	2
  38              	.L2:
  39 000c 08000000 		.word	.LANCHOR0+8
  40              		.cfi_endproc
  41              	.LFE114:
  43              		.global	_ZN9tinyUnity7SubMeshD1Ev
  44              		.set	_ZN9tinyUnity7SubMeshD1Ev,_ZN9tinyUnity7SubMeshD2Ev
  45              		.align	2
  46              		.global	_ZN9tinyUnity7SubMeshD0Ev
  48              	_ZN9tinyUnity7SubMeshD0Ev:
  49              	.LFB116:
  19:../source/tinyUnity/SubMesh.cpp **** 	// TODO Auto-generated destructor stub
  50              		.loc 1 19 0
  51              		.cfi_startproc
  52              		@ Function supports interworking.
  53              		@ args = 0, pretend = 0, frame = 0
  54              		@ frame_needed = 0, uses_anonymous_args = 0
  55              	.LVL1:
  56 0010 10402DE9 		stmfd	sp!, {r4, lr}
  57              	.LCFI0:
  58              		.cfi_def_cfa_offset 8
  59              		.cfi_offset 4, -8
  60              		.cfi_offset 14, -4
  61              	.LBB6:
  62              	.LBB7:
  19:../source/tinyUnity/SubMesh.cpp **** 	// TODO Auto-generated destructor stub
  63              		.loc 1 19 0
  64 0014 14309FE5 		ldr	r3, .L5
  65              	.LBE7:
  66              	.LBE6:
  67 0018 0040A0E1 		mov	r4, r0
  68              	.LBB9:
  69              	.LBB8:
  70 001c 003080E5 		str	r3, [r0]
  71              	.LBE8:
  72              	.LBE9:
  73              		.loc 1 21 0
  74 0020 FEFFFFEB 		bl	_ZdlPv
  75              	.LVL2:
  76 0024 0400A0E1 		mov	r0, r4
  77 0028 1040BDE8 		ldmfd	sp!, {r4, lr}
  78              	.LVL3:
  79 002c 1EFF2FE1 		bx	lr
  80              	.L6:
  81              		.align	2
  82              	.L5:
  83 0030 08000000 		.word	.LANCHOR0+8
  84              		.cfi_endproc
  85              	.LFE116:
  87              		.align	2
  88              		.global	_ZN9tinyUnity7SubMesh4drawEv
  90              	_ZN9tinyUnity7SubMesh4drawEv:
  91              	.LFB117:
  22:../source/tinyUnity/SubMesh.cpp **** 
  23:../source/tinyUnity/SubMesh.cpp **** void tinyUnity::SubMesh::draw()
  24:../source/tinyUnity/SubMesh.cpp **** {
  92              		.loc 1 24 0
  93              		.cfi_startproc
  94              		@ Function supports interworking.
  95              		@ args = 0, pretend = 0, frame = 0
  96              		@ frame_needed = 0, uses_anonymous_args = 0
  97              	.LVL4:
  98 0034 08402DE9 		stmfd	sp!, {r3, lr}
  99              	.LCFI1:
 100              		.cfi_def_cfa_offset 8
 101              		.cfi_offset 3, -8
 102              		.cfi_offset 14, -4
 103              	.LBB10:
  25:../source/tinyUnity/SubMesh.cpp **** 	this->material->execute();
 104              		.loc 1 25 0
 105 0038 100090E5 		ldr	r0, [r0, #16]
 106              	.LVL5:
 107 003c 003090E5 		ldr	r3, [r0]
 108 0040 08C093E5 		ldr	ip, [r3, #8]
 109 0044 0FE0A0E1 		mov	lr, pc
 110 0048 1CFF2FE1 		bx	ip
 111              	.LVL6:
 112              	.LBE10:
  26:../source/tinyUnity/SubMesh.cpp **** 
  27:../source/tinyUnity/SubMesh.cpp **** 	for(int i=0; i<this->indiciesLength;i++)
  28:../source/tinyUnity/SubMesh.cpp **** 	{
  29:../source/tinyUnity/SubMesh.cpp **** 		//glVertex()
  30:../source/tinyUnity/SubMesh.cpp **** 	}
  31:../source/tinyUnity/SubMesh.cpp **** }
 113              		.loc 1 31 0
 114 004c 0840BDE8 		ldmfd	sp!, {r3, lr}
 115 0050 1EFF2FE1 		bx	lr
 116              		.cfi_endproc
 117              	.LFE117:
 119              		.global	_ZTVN9tinyUnity7SubMeshE
 120              		.section	.rodata
 121              		.align	3
 122              		.set	.LANCHOR0,. + 0
 125              	_ZTVN9tinyUnity7SubMeshE:
 126 0000 00000000 		.word	0
 127 0004 00000000 		.word	0
 128 0008 00000000 		.word	_ZN9tinyUnity7SubMeshD1Ev
 129 000c 00000000 		.word	_ZN9tinyUnity7SubMeshD0Ev
 130              		.text
 131              	.Letext0:
 132              		.file 2 "/Users/awiebe/devkitPro/devkitARM/arm-none-eabi/include/machine/_default_types.h"
 133              		.file 3 "/Users/awiebe/devkitPro/devkitARM/arm-none-eabi/include/stdint.h"
 134              		.file 4 "/Users/awiebe/devkitPro/libnds/include/nds/ndstypes.h"
 135              		.file 5 "/Users/awiebe/devkitPro/libnds/include/nds/arm9/dynamicArray.h"
 136              		.file 6 "/Users/awiebe/devkitPro/libnds/include/nds/arm9/videoGL.h"
 137              		.file 7 "../source/tinyUnity/SubMesh.h"
 138              		.file 8 "../source/tinyUnity/types.h"
DEFINED SYMBOLS
                            *ABS*:00000000 SubMesh.cpp
/var/folders/0q/0rgskkgj3ms6cdw3tql51gsc0000gv/T//cczJXQCa.s:16     .text:00000000 $a
/var/folders/0q/0rgskkgj3ms6cdw3tql51gsc0000gv/T//cczJXQCa.s:19     .text:00000000 _ZN9tinyUnity7SubMeshD2Ev
/var/folders/0q/0rgskkgj3ms6cdw3tql51gsc0000gv/T//cczJXQCa.s:39     .text:0000000c $d
/var/folders/0q/0rgskkgj3ms6cdw3tql51gsc0000gv/T//cczJXQCa.s:19     .text:00000000 _ZN9tinyUnity7SubMeshD1Ev
/var/folders/0q/0rgskkgj3ms6cdw3tql51gsc0000gv/T//cczJXQCa.s:45     .text:00000010 $a
/var/folders/0q/0rgskkgj3ms6cdw3tql51gsc0000gv/T//cczJXQCa.s:48     .text:00000010 _ZN9tinyUnity7SubMeshD0Ev
/var/folders/0q/0rgskkgj3ms6cdw3tql51gsc0000gv/T//cczJXQCa.s:83     .text:00000030 $d
/var/folders/0q/0rgskkgj3ms6cdw3tql51gsc0000gv/T//cczJXQCa.s:87     .text:00000034 $a
/var/folders/0q/0rgskkgj3ms6cdw3tql51gsc0000gv/T//cczJXQCa.s:90     .text:00000034 _ZN9tinyUnity7SubMesh4drawEv
/var/folders/0q/0rgskkgj3ms6cdw3tql51gsc0000gv/T//cczJXQCa.s:125    .rodata:00000000 _ZTVN9tinyUnity7SubMeshE
/var/folders/0q/0rgskkgj3ms6cdw3tql51gsc0000gv/T//cczJXQCa.s:121    .rodata:00000000 $d
                     .debug_frame:00000010 $d
                           .group:00000000 wm4.1.ef717f0b0fe6f53a02cd0d67063b9d5b
                           .group:00000000 wm4.features.h.22.6a4ca7cd053637cc1d0db6c16f39b2d7
                           .group:00000000 wm4._default_types.h.15.8b2cb27e528498f8ff711db085d6e489
                           .group:00000000 wm4.stdint.h.20.796e373797e732130a803d4c0338fa1b
                           .group:00000000 wm4.stdbool.h.29.918586c125f920236001deb211f41e92
                           .group:00000000 wm4.ndstypes.h.43.843a766a29031d4e29a34080490bc9e7
                           .group:00000000 wm4.dma.h.50.a955dbc97e195f4838666434bca4a52b
                           .group:00000000 wm4.newlib.h.8.30891898d18e8c5555d1f81eacc760e7
                           .group:00000000 wm4.config.h.212.4163ef2871a828c674038d036b081cfd
                           .group:00000000 wm4._ansi.h.23.ec336385f0acb2b8514cd40ae0acc4ae
                           .group:00000000 wm4.sassert.h.43.7e84097964ba1c61c895bb636f8df047
                           .group:00000000 wm4.video.h.83.235168beab22bda04c79ff9483358ca5
                           .group:00000000 wm4.trig_lut.h.31.05e8d4f6471e5776263e413a2d294f89
                           .group:00000000 wm4.math.h.33.ee7a4ca882824fafdd2f17cf66692f53
                           .group:00000000 wm4.stdlib.h.13.4ed386f5c1a80d71e72172885d946ef2
                           .group:00000000 wm4.stddef.h.184.ee8e6917b4e86549ab466905cf65c430
                           .group:00000000 wm4.stddef.h.39.14405de79e849c7e89fd312e10f494ac
                           .group:00000000 wm4.lock.h.2.9bc98482741e5e2a9450b12934a684ea
                           .group:00000000 wm4._types.h.54.d3d34a3b7f3cc230cd159baf022b4b08
                           .group:00000000 wm4.stddef.h.158.e57d9a24f6f3b6eaa274e44743a335a7
                           .group:00000000 wm4.reent.h.17.8bd9e4098e0428508c282cad794fae43
                           .group:00000000 wm4.alloca.h.8.dfc0c703c47ec3e69746825b17d9e66d
                           .group:00000000 wm4.stdlib.h.53.1a82a3cc35cb0a04319c41bcf41d2a02
                           .group:00000000 wm4.cdefs.h.56.d8c921dd752528cc5369e93873b9bfb1
                           .group:00000000 wm4.string.h.15.dab3980bf35408a4c507182805e2de3a
                           .group:00000000 wm4.stddef.h.158.bfd00fa34c523ce50423876e66a2d374
                           .group:00000000 wm4.string.h.126.6ff3aa59129e7f66b2c273baf353e066
                           .group:00000000 wm4.videoGL.h.52.c73e1a09c4f988160d4a8ba260f501f7

UNDEFINED SYMBOLS
_ZdlPv
