   1              		.cpu arm9
   2              		.fpu softvfp
   3              		.eabi_attribute 20, 1
   4              		.eabi_attribute 21, 1
   5              		.eabi_attribute 23, 3
   6              		.eabi_attribute 24, 1
   7              		.eabi_attribute 25, 1
   8              		.eabi_attribute 26, 1
   9              		.eabi_attribute 30, 4
  10              		.eabi_attribute 34, 0
  11              		.eabi_attribute 18, 4
  12              		.file	"Box.cpp"
  13              		.text
  14              	.Ltext0:
  15              		.cfi_sections	.debug_frame
  16              		.align	2
  17              		.global	_ZN9tinyUnity3BoxC2Ev
  19              	_ZN9tinyUnity3BoxC2Ev:
  20              	.LFB187:
  21              		.file 1 "../source/tinyUnity/physics/Box.cpp"
   1:../source/tinyUnity/physics/Box.cpp **** /*
   2:../source/tinyUnity/physics/Box.cpp ****  * Box.cpp
   3:../source/tinyUnity/physics/Box.cpp ****  *
   4:../source/tinyUnity/physics/Box.cpp ****  *  Created on: 2013-07-09
   5:../source/tinyUnity/physics/Box.cpp ****  *      Author: awiebe
   6:../source/tinyUnity/physics/Box.cpp ****  */
   7:../source/tinyUnity/physics/Box.cpp **** 
   8:../source/tinyUnity/physics/Box.cpp **** #include "Box.h"
   9:../source/tinyUnity/physics/Box.cpp **** 
  10:../source/tinyUnity/physics/Box.cpp **** namespace tinyUnity {
  11:../source/tinyUnity/physics/Box.cpp **** 
  12:../source/tinyUnity/physics/Box.cpp **** Box::Box() {
  22              		.loc 1 12 0
  23              		.cfi_startproc
  24              		@ Function supports interworking.
  25              		@ args = 0, pretend = 0, frame = 0
  26              		@ frame_needed = 0, uses_anonymous_args = 0
  27              	.LVL0:
  28 0000 10402DE9 		stmfd	sp!, {r4, lr}
  29              	.LCFI0:
  30              		.cfi_def_cfa_offset 8
  31              		.cfi_offset 4, -8
  32              		.cfi_offset 14, -4
  33              	.LBB2:
  34              		.loc 1 12 0
  35 0004 1C309FE5 		ldr	r3, .L2
  36              	.LBE2:
  37 0008 0040A0E1 		mov	r4, r0
  38              	.LBB3:
  39 000c 043080E4 		str	r3, [r0], #4
  40              	.LVL1:
  41 0010 FEFFFFEB 		bl	_ZN9tinyUnity7Vector3C1Ev
  42              	.LVL2:
  43 0014 100084E2 		add	r0, r4, #16
  44 0018 FEFFFFEB 		bl	_ZN9tinyUnity7Vector3C1Ev
  45              	.LVL3:
  46              	.LBE3:
  13:../source/tinyUnity/physics/Box.cpp **** 	// TODO Auto-generated constructor stub
  14:../source/tinyUnity/physics/Box.cpp **** 
  15:../source/tinyUnity/physics/Box.cpp **** }
  47              		.loc 1 15 0
  48 001c 0400A0E1 		mov	r0, r4
  49 0020 1040BDE8 		ldmfd	sp!, {r4, lr}
  50              	.LVL4:
  51 0024 1EFF2FE1 		bx	lr
  52              	.L3:
  53              		.align	2
  54              	.L2:
  55 0028 08000000 		.word	.LANCHOR0+8
  56              		.cfi_endproc
  57              	.LFE187:
  59              		.global	_ZN9tinyUnity3BoxC1Ev
  60              		.set	_ZN9tinyUnity3BoxC1Ev,_ZN9tinyUnity3BoxC2Ev
  61              		.align	2
  62              		.global	_ZN9tinyUnity3BoxD2Ev
  64              	_ZN9tinyUnity3BoxD2Ev:
  65              	.LFB190:
  16:../source/tinyUnity/physics/Box.cpp **** 
  17:../source/tinyUnity/physics/Box.cpp **** Box::~Box() {
  66              		.loc 1 17 0
  67              		.cfi_startproc
  68              		@ Function supports interworking.
  69              		@ args = 0, pretend = 0, frame = 0
  70              		@ frame_needed = 0, uses_anonymous_args = 0
  71              	.LVL5:
  72 002c 10402DE9 		stmfd	sp!, {r4, lr}
  73              	.LCFI1:
  74              		.cfi_def_cfa_offset 8
  75              		.cfi_offset 4, -8
  76              		.cfi_offset 14, -4
  77              	.LBB4:
  78              		.loc 1 17 0
  79 0030 1C309FE5 		ldr	r3, .L5
  80              	.LBE4:
  81 0034 0040A0E1 		mov	r4, r0
  82              	.LBB5:
  83 0038 103080E4 		str	r3, [r0], #16
  84              	.LVL6:
  85 003c FEFFFFEB 		bl	_ZN9tinyUnity7Vector3D1Ev
  86              	.LVL7:
  18:../source/tinyUnity/physics/Box.cpp **** 	// TODO Auto-generated destructor stub
  19:../source/tinyUnity/physics/Box.cpp **** }
  87              		.loc 1 19 0
  88 0040 040084E2 		add	r0, r4, #4
  89 0044 FEFFFFEB 		bl	_ZN9tinyUnity7Vector3D1Ev
  90              	.LVL8:
  91              	.LBE5:
  92 0048 0400A0E1 		mov	r0, r4
  93 004c 1040BDE8 		ldmfd	sp!, {r4, lr}
  94              	.LVL9:
  95 0050 1EFF2FE1 		bx	lr
  96              	.L6:
  97              		.align	2
  98              	.L5:
  99 0054 08000000 		.word	.LANCHOR0+8
 100              		.cfi_endproc
 101              	.LFE190:
 103              		.global	_ZN9tinyUnity3BoxD1Ev
 104              		.set	_ZN9tinyUnity3BoxD1Ev,_ZN9tinyUnity3BoxD2Ev
 105              		.align	2
 106              		.global	_ZN9tinyUnity3BoxD0Ev
 108              	_ZN9tinyUnity3BoxD0Ev:
 109              	.LFB192:
  17:../source/tinyUnity/physics/Box.cpp **** 	// TODO Auto-generated destructor stub
 110              		.loc 1 17 0
 111              		.cfi_startproc
 112              		@ Function supports interworking.
 113              		@ args = 0, pretend = 0, frame = 0
 114              		@ frame_needed = 0, uses_anonymous_args = 0
 115              	.LVL10:
 116 0058 10402DE9 		stmfd	sp!, {r4, lr}
 117              	.LCFI2:
 118              		.cfi_def_cfa_offset 8
 119              		.cfi_offset 4, -8
 120              		.cfi_offset 14, -4
  17:../source/tinyUnity/physics/Box.cpp **** 	// TODO Auto-generated destructor stub
 121              		.loc 1 17 0
 122 005c 0040A0E1 		mov	r4, r0
 123              		.loc 1 19 0
 124 0060 FEFFFFEB 		bl	_ZN9tinyUnity3BoxD1Ev
 125              	.LVL11:
 126 0064 0400A0E1 		mov	r0, r4
 127 0068 FEFFFFEB 		bl	_ZdlPv
 128              	.LVL12:
 129 006c 0400A0E1 		mov	r0, r4
 130 0070 1040BDE8 		ldmfd	sp!, {r4, lr}
 131              	.LVL13:
 132 0074 1EFF2FE1 		bx	lr
 133              		.cfi_endproc
 134              	.LFE192:
 136              		.global	_ZTVN9tinyUnity3BoxE
 137              		.section	.rodata
 138              		.align	3
 139              		.set	.LANCHOR0,. + 0
 142              	_ZTVN9tinyUnity3BoxE:
 143 0000 00000000 		.word	0
 144 0004 00000000 		.word	0
 145 0008 00000000 		.word	_ZN9tinyUnity3BoxD1Ev
 146 000c 00000000 		.word	_ZN9tinyUnity3BoxD0Ev
 147              		.text
 148              	.Letext0:
 149              		.file 2 "/Users/awiebe/devkitPro/devkitARM/arm-none-eabi/include/machine/_default_types.h"
 150              		.file 3 "/Users/awiebe/devkitPro/devkitARM/arm-none-eabi/include/stdint.h"
 151              		.file 4 "/Users/awiebe/devkitPro/libnds/include/nds/ndstypes.h"
 152              		.file 5 "/Users/awiebe/devkitPro/libnds/include/nds/arm9/dynamicArray.h"
 153              		.file 6 "/Users/awiebe/devkitPro/libnds/include/nds/arm9/videoGL.h"
 154              		.file 7 "/Users/awiebe/devkitPro/libnds/include/nds/arm9/background.h"
 155              		.file 8 "/Users/awiebe/devkitPro/libnds/include/nds/arm9/sprite.h"
 156              		.file 9 "../source/tinyUnity/physics/Box.h"
 157              		.file 10 "/Users/awiebe/devkitPro/libnds/include/nds/arm9/video.h"
 158              		.file 11 "../source/tinyUnity/physics/../types.h"
DEFINED SYMBOLS
                            *ABS*:00000000 Box.cpp
/var/folders/0q/0rgskkgj3ms6cdw3tql51gsc0000gv/T//ccwyAKqr.s:16     .text:00000000 $a
/var/folders/0q/0rgskkgj3ms6cdw3tql51gsc0000gv/T//ccwyAKqr.s:19     .text:00000000 _ZN9tinyUnity3BoxC2Ev
/var/folders/0q/0rgskkgj3ms6cdw3tql51gsc0000gv/T//ccwyAKqr.s:55     .text:00000028 $d
/var/folders/0q/0rgskkgj3ms6cdw3tql51gsc0000gv/T//ccwyAKqr.s:19     .text:00000000 _ZN9tinyUnity3BoxC1Ev
/var/folders/0q/0rgskkgj3ms6cdw3tql51gsc0000gv/T//ccwyAKqr.s:61     .text:0000002c $a
/var/folders/0q/0rgskkgj3ms6cdw3tql51gsc0000gv/T//ccwyAKqr.s:64     .text:0000002c _ZN9tinyUnity3BoxD2Ev
/var/folders/0q/0rgskkgj3ms6cdw3tql51gsc0000gv/T//ccwyAKqr.s:99     .text:00000054 $d
/var/folders/0q/0rgskkgj3ms6cdw3tql51gsc0000gv/T//ccwyAKqr.s:64     .text:0000002c _ZN9tinyUnity3BoxD1Ev
/var/folders/0q/0rgskkgj3ms6cdw3tql51gsc0000gv/T//ccwyAKqr.s:105    .text:00000058 $a
/var/folders/0q/0rgskkgj3ms6cdw3tql51gsc0000gv/T//ccwyAKqr.s:108    .text:00000058 _ZN9tinyUnity3BoxD0Ev
/var/folders/0q/0rgskkgj3ms6cdw3tql51gsc0000gv/T//ccwyAKqr.s:142    .rodata:00000000 _ZTVN9tinyUnity3BoxE
/var/folders/0q/0rgskkgj3ms6cdw3tql51gsc0000gv/T//ccwyAKqr.s:138    .rodata:00000000 $d
                     .debug_frame:00000010 $d
                           .group:00000000 wm4.1.ef717f0b0fe6f53a02cd0d67063b9d5b
                           .group:00000000 wm4.features.h.22.6a4ca7cd053637cc1d0db6c16f39b2d7
                           .group:00000000 wm4._default_types.h.15.8b2cb27e528498f8ff711db085d6e489
                           .group:00000000 wm4.stdint.h.20.796e373797e732130a803d4c0338fa1b
                           .group:00000000 wm4.stdbool.h.29.918586c125f920236001deb211f41e92
                           .group:00000000 wm4.ndstypes.h.43.843a766a29031d4e29a34080490bc9e7
                           .group:00000000 wm4.dma.h.50.a955dbc97e195f4838666434bca4a52b
                           .group:00000000 wm4.newlib.h.8.30891898d18e8c5555d1f81eacc760e7
                           .group:00000000 wm4.config.h.212.4163ef2871a828c674038d036b081cfd
                           .group:00000000 wm4._ansi.h.23.ec336385f0acb2b8514cd40ae0acc4ae
                           .group:00000000 wm4.sassert.h.43.7e84097964ba1c61c895bb636f8df047
                           .group:00000000 wm4.video.h.83.235168beab22bda04c79ff9483358ca5
                           .group:00000000 wm4.trig_lut.h.31.05e8d4f6471e5776263e413a2d294f89
                           .group:00000000 wm4.math.h.33.ee7a4ca882824fafdd2f17cf66692f53
                           .group:00000000 wm4.stdlib.h.13.4ed386f5c1a80d71e72172885d946ef2
                           .group:00000000 wm4.stddef.h.184.ee8e6917b4e86549ab466905cf65c430
                           .group:00000000 wm4.stddef.h.39.14405de79e849c7e89fd312e10f494ac
                           .group:00000000 wm4.lock.h.2.9bc98482741e5e2a9450b12934a684ea
                           .group:00000000 wm4._types.h.54.d3d34a3b7f3cc230cd159baf022b4b08
                           .group:00000000 wm4.stddef.h.158.e57d9a24f6f3b6eaa274e44743a335a7
                           .group:00000000 wm4.reent.h.17.8bd9e4098e0428508c282cad794fae43
                           .group:00000000 wm4.alloca.h.8.dfc0c703c47ec3e69746825b17d9e66d
                           .group:00000000 wm4.stdlib.h.53.1a82a3cc35cb0a04319c41bcf41d2a02
                           .group:00000000 wm4.cdefs.h.56.d8c921dd752528cc5369e93873b9bfb1
                           .group:00000000 wm4.string.h.15.dab3980bf35408a4c507182805e2de3a
                           .group:00000000 wm4.stddef.h.158.bfd00fa34c523ce50423876e66a2d374
                           .group:00000000 wm4.string.h.126.6ff3aa59129e7f66b2c273baf353e066
                           .group:00000000 wm4.videoGL.h.52.c73e1a09c4f988160d4a8ba260f501f7
                           .group:00000000 wm4.nds.h.219.3a246e32827d01484c32560cb6386a4e
                           .group:00000000 wm4.libversion.h.2.18bf62264b22c269b0002d03167cd230
                           .group:00000000 wm4.bios.h.30.169aa6d169a53cccccf3763844018a52
                           .group:00000000 wm4.card.h.35.5af8b1d928ff6ee2d22f183e9cc6cbe4
                           .group:00000000 wm4.interrupts.h.36.0043cda252880b023f6c6ebf569dd321
                           .group:00000000 wm4.ipc.h.30.fbcd65cbf2747d2105139787728cf9e6
                           .group:00000000 wm4.memory.h.33.5d65bad382e61a8ebefcc049f5d87b52
                           .group:00000000 wm4.system.h.37.48409549d245f15638a161f782a42fc7
                           .group:00000000 wm4.timers.h.39.4b84c7e880d6307c6b835d087ae7883b
                           .group:00000000 wm4.input.h.26.668c351ed5998cd41b7cf188a22bed7c
                           .group:00000000 wm4.malloc.h.4.62bd13b8107d5245f60bd92bb5994838
                           .group:00000000 wm4.malloc.h.148.73b7de3bd065dafbd594b04197a9466e
                           .group:00000000 wm4.background.h.126.e2819423dbec0f01a2c161be17215d1b
                           .group:00000000 wm4.exceptions.h.25.52606812c666ab6cfd8bf635c7f2a084
                           .group:00000000 wm4.guitarGrip.h.26.5ddf3818ecb5c8b4af08c800ce313a80
                           .group:00000000 wm4.piano.h.29.f45975aa2219b49eb0380c2585d1f4b5
                           .group:00000000 wm4.rumble.h.29.041709ebb3e71022d49e6e8cd0c3ddfc
                           .group:00000000 wm4.sprite.h.48.d5d68d7969c43c17fbe48e3349c2572c

UNDEFINED SYMBOLS
_ZN9tinyUnity7Vector3C1Ev
_ZN9tinyUnity7Vector3D1Ev
_ZdlPv
