   1              		.cpu arm9
   2              		.fpu softvfp
   3              		.eabi_attribute 20, 1
   4              		.eabi_attribute 21, 1
   5              		.eabi_attribute 23, 3
   6              		.eabi_attribute 24, 1
   7              		.eabi_attribute 25, 1
   8              		.eabi_attribute 26, 1
   9              		.eabi_attribute 30, 6
  10              		.eabi_attribute 34, 0
  11              		.eabi_attribute 18, 4
  12              		.file	"Engine.cpp"
  13              		.text
  14              	.Ltext0:
  15              		.cfi_sections	.debug_frame
  16              		.align	2
  17              		.global	_ZN9tinyUnity6ObjectC2Ev
  19              	_ZN9tinyUnity6ObjectC2Ev:
  20              	.LFB1:
  21              		.file 1 "../source/tinyUnity/Engine.cpp"
   1:../source/tinyUnity/Engine.cpp **** /*
   2:../source/tinyUnity/Engine.cpp ****  * Object.cpp
   3:../source/tinyUnity/Engine.cpp ****  *
   4:../source/tinyUnity/Engine.cpp ****  *  Created on: 2013-06-21
   5:../source/tinyUnity/Engine.cpp ****  *      Author: awiebe
   6:../source/tinyUnity/Engine.cpp ****  */
   7:../source/tinyUnity/Engine.cpp **** 
   8:../source/tinyUnity/Engine.cpp **** #include "Object.h"
   9:../source/tinyUnity/Engine.cpp **** //#define DEFERRED_RELEASE
  10:../source/tinyUnity/Engine.cpp **** namespace tinyUnity {
  11:../source/tinyUnity/Engine.cpp **** 
  12:../source/tinyUnity/Engine.cpp **** Object::Object()
  22              		.loc 1 12 0
  23              		.cfi_startproc
  24              		@ Function supports interworking.
  25              		@ args = 0, pretend = 0, frame = 8
  26              		@ frame_needed = 1, uses_anonymous_args = 0
  27              		@ link register save eliminated.
  28 0000 04B02DE5 		str	fp, [sp, #-4]!
  29              	.LCFI0:
  30              		.cfi_def_cfa_offset 4
  31              		.cfi_offset 11, -4
  32 0004 00B08DE2 		add	fp, sp, #0
  33              	.LCFI1:
  34              		.cfi_def_cfa_register 11
  35 0008 0CD04DE2 		sub	sp, sp, #12
  36 000c 08000BE5 		str	r0, [fp, #-8]
  37              	.LBB2:
  38              		.loc 1 12 0
  39 0010 08301BE5 		ldr	r3, [fp, #-8]
  40 0014 20209FE5 		ldr	r2, .L4
  41 0018 002083E5 		str	r2, [r3]
  13:../source/tinyUnity/Engine.cpp **** {
  14:../source/tinyUnity/Engine.cpp **** 	this->referenceCount=1;
  42              		.loc 1 14 0
  43 001c 08301BE5 		ldr	r3, [fp, #-8]
  44 0020 0120A0E3 		mov	r2, #1
  45 0024 042083E5 		str	r2, [r3, #4]
  46              	.LBE2:
  15:../source/tinyUnity/Engine.cpp **** 	// TODO Auto-generated constructor stub
  16:../source/tinyUnity/Engine.cpp **** 
  17:../source/tinyUnity/Engine.cpp **** }
  47              		.loc 1 17 0
  48 0028 08301BE5 		ldr	r3, [fp, #-8]
  49 002c 0300A0E1 		mov	r0, r3
  50 0030 00D04BE2 		sub	sp, fp, #0
  51              		@ sp needed
  52 0034 04B09DE4 		ldr	fp, [sp], #4
  53 0038 1EFF2FE1 		bx	lr
  54              	.L5:
  55              		.align	2
  56              	.L4:
  57 003c 08000000 		.word	_ZTVN9tinyUnity6ObjectE+8
  58              		.cfi_endproc
  59              	.LFE1:
  61              		.global	_ZN9tinyUnity6ObjectC1Ev
  62              		.set	_ZN9tinyUnity6ObjectC1Ev,_ZN9tinyUnity6ObjectC2Ev
  63              		.align	2
  64              		.global	_ZN9tinyUnity6ObjectD2Ev
  66              	_ZN9tinyUnity6ObjectD2Ev:
  67              	.LFB4:
  18:../source/tinyUnity/Engine.cpp **** 
  19:../source/tinyUnity/Engine.cpp **** Object::~Object() {
  68              		.loc 1 19 0
  69              		.cfi_startproc
  70              		@ Function supports interworking.
  71              		@ args = 0, pretend = 0, frame = 8
  72              		@ frame_needed = 1, uses_anonymous_args = 0
  73 0040 00482DE9 		stmfd	sp!, {fp, lr}
  74              	.LCFI2:
  75              		.cfi_def_cfa_offset 8
  76              		.cfi_offset 11, -8
  77              		.cfi_offset 14, -4
  78 0044 04B08DE2 		add	fp, sp, #4
  79              	.LCFI3:
  80              		.cfi_def_cfa 11, 4
  81 0048 08D04DE2 		sub	sp, sp, #8
  82 004c 08000BE5 		str	r0, [fp, #-8]
  83              	.LBB3:
  84              		.loc 1 19 0
  85 0050 08301BE5 		ldr	r3, [fp, #-8]
  86 0054 28209FE5 		ldr	r2, .L10
  87 0058 002083E5 		str	r2, [r3]
  88              	.LBE3:
  20:../source/tinyUnity/Engine.cpp **** 	// TODO Auto-generated destructor stub
  21:../source/tinyUnity/Engine.cpp **** }
  89              		.loc 1 21 0
  90 005c 0030A0E3 		mov	r3, #0
  91 0060 000053E3 		cmp	r3, #0
  92 0064 0100000A 		beq	.L8
  93              		.loc 1 21 0 is_stmt 0 discriminator 1
  94 0068 08001BE5 		ldr	r0, [fp, #-8]
  95 006c FEFFFFEB 		bl	_ZdlPv
  96              	.L8:
  97              		.loc 1 21 0 discriminator 2
  98 0070 08301BE5 		ldr	r3, [fp, #-8]
  99 0074 0300A0E1 		mov	r0, r3
 100 0078 04D04BE2 		sub	sp, fp, #4
 101              		@ sp needed
 102 007c 0048BDE8 		ldmfd	sp!, {fp, lr}
 103 0080 1EFF2FE1 		bx	lr
 104              	.L11:
 105              		.align	2
 106              	.L10:
 107 0084 08000000 		.word	_ZTVN9tinyUnity6ObjectE+8
 108              		.cfi_endproc
 109              	.LFE4:
 111              		.global	_ZN9tinyUnity6ObjectD1Ev
 112              		.set	_ZN9tinyUnity6ObjectD1Ev,_ZN9tinyUnity6ObjectD2Ev
 113              		.align	2
 114              		.global	_ZN9tinyUnity6ObjectD0Ev
 116              	_ZN9tinyUnity6ObjectD0Ev:
 117              	.LFB6:
  19:../source/tinyUnity/Engine.cpp **** 	// TODO Auto-generated destructor stub
 118              		.loc 1 19 0 is_stmt 1
 119              		.cfi_startproc
 120              		@ Function supports interworking.
 121              		@ args = 0, pretend = 0, frame = 8
 122              		@ frame_needed = 1, uses_anonymous_args = 0
 123 0088 00482DE9 		stmfd	sp!, {fp, lr}
 124              	.LCFI4:
 125              		.cfi_def_cfa_offset 8
 126              		.cfi_offset 11, -8
 127              		.cfi_offset 14, -4
 128 008c 04B08DE2 		add	fp, sp, #4
 129              	.LCFI5:
 130              		.cfi_def_cfa 11, 4
 131 0090 08D04DE2 		sub	sp, sp, #8
 132 0094 08000BE5 		str	r0, [fp, #-8]
 133              		.loc 1 21 0
 134 0098 08001BE5 		ldr	r0, [fp, #-8]
 135 009c FEFFFFEB 		bl	_ZN9tinyUnity6ObjectD1Ev
 136 00a0 08001BE5 		ldr	r0, [fp, #-8]
 137 00a4 FEFFFFEB 		bl	_ZdlPv
 138 00a8 08301BE5 		ldr	r3, [fp, #-8]
 139 00ac 0300A0E1 		mov	r0, r3
 140 00b0 04D04BE2 		sub	sp, fp, #4
 141              		@ sp needed
 142 00b4 0048BDE8 		ldmfd	sp!, {fp, lr}
 143 00b8 1EFF2FE1 		bx	lr
 144              		.cfi_endproc
 145              	.LFE6:
 147              		.align	2
 148              		.global	_ZN9tinyUnity6Object6retainEv
 150              	_ZN9tinyUnity6Object6retainEv:
 151              	.LFB7:
  22:../source/tinyUnity/Engine.cpp **** 
  23:../source/tinyUnity/Engine.cpp **** Object* Object::retain()
  24:../source/tinyUnity/Engine.cpp **** {
 152              		.loc 1 24 0
 153              		.cfi_startproc
 154              		@ Function supports interworking.
 155              		@ args = 0, pretend = 0, frame = 8
 156              		@ frame_needed = 1, uses_anonymous_args = 0
 157              		@ link register save eliminated.
 158 00bc 04B02DE5 		str	fp, [sp, #-4]!
 159              	.LCFI6:
 160              		.cfi_def_cfa_offset 4
 161              		.cfi_offset 11, -4
 162 00c0 00B08DE2 		add	fp, sp, #0
 163              	.LCFI7:
 164              		.cfi_def_cfa_register 11
 165 00c4 0CD04DE2 		sub	sp, sp, #12
 166 00c8 08000BE5 		str	r0, [fp, #-8]
  25:../source/tinyUnity/Engine.cpp **** 	this->referenceCount++;
 167              		.loc 1 25 0
 168 00cc 08301BE5 		ldr	r3, [fp, #-8]
 169 00d0 043093E5 		ldr	r3, [r3, #4]
 170 00d4 012083E2 		add	r2, r3, #1
 171 00d8 08301BE5 		ldr	r3, [fp, #-8]
 172 00dc 042083E5 		str	r2, [r3, #4]
  26:../source/tinyUnity/Engine.cpp **** 	return this;
 173              		.loc 1 26 0
 174 00e0 08301BE5 		ldr	r3, [fp, #-8]
  27:../source/tinyUnity/Engine.cpp **** }
 175              		.loc 1 27 0
 176 00e4 0300A0E1 		mov	r0, r3
 177 00e8 00D04BE2 		sub	sp, fp, #0
 178              		@ sp needed
 179 00ec 04B09DE4 		ldr	fp, [sp], #4
 180 00f0 1EFF2FE1 		bx	lr
 181              		.cfi_endproc
 182              	.LFE7:
 184              		.align	2
 185              		.global	_ZN9tinyUnity6Object7releaseEv
 187              	_ZN9tinyUnity6Object7releaseEv:
 188              	.LFB8:
  28:../source/tinyUnity/Engine.cpp **** 
  29:../source/tinyUnity/Engine.cpp **** int Object::release()
  30:../source/tinyUnity/Engine.cpp **** {
 189              		.loc 1 30 0
 190              		.cfi_startproc
 191              		@ Function supports interworking.
 192              		@ args = 0, pretend = 0, frame = 8
 193              		@ frame_needed = 1, uses_anonymous_args = 0
 194 00f4 00482DE9 		stmfd	sp!, {fp, lr}
 195              	.LCFI8:
 196              		.cfi_def_cfa_offset 8
 197              		.cfi_offset 11, -8
 198              		.cfi_offset 14, -4
 199 00f8 04B08DE2 		add	fp, sp, #4
 200              	.LCFI9:
 201              		.cfi_def_cfa 11, 4
 202 00fc 08D04DE2 		sub	sp, sp, #8
 203 0100 08000BE5 		str	r0, [fp, #-8]
  31:../source/tinyUnity/Engine.cpp **** 	this->referenceCount--;
 204              		.loc 1 31 0
 205 0104 08301BE5 		ldr	r3, [fp, #-8]
 206 0108 043093E5 		ldr	r3, [r3, #4]
 207 010c 012043E2 		sub	r2, r3, #1
 208 0110 08301BE5 		ldr	r3, [fp, #-8]
 209 0114 042083E5 		str	r2, [r3, #4]
  32:../source/tinyUnity/Engine.cpp **** 	if(this->referenceCount == 0)
 210              		.loc 1 32 0
 211 0118 08301BE5 		ldr	r3, [fp, #-8]
 212 011c 043093E5 		ldr	r3, [r3, #4]
 213 0120 000053E3 		cmp	r3, #0
 214 0124 0500001A 		bne	.L18
  33:../source/tinyUnity/Engine.cpp **** 	{
  34:../source/tinyUnity/Engine.cpp **** 	#ifdef DEFERRED_RELEASE
  35:../source/tinyUnity/Engine.cpp **** 	#error "Deferred release system not implemented"
  36:../source/tinyUnity/Engine.cpp **** 	#else
  37:../source/tinyUnity/Engine.cpp **** 		this->~Object();
 215              		.loc 1 37 0
 216 0128 08301BE5 		ldr	r3, [fp, #-8]
 217 012c 003093E5 		ldr	r3, [r3]
 218 0130 003093E5 		ldr	r3, [r3]
 219 0134 08001BE5 		ldr	r0, [fp, #-8]
 220 0138 0FE0A0E1 		mov	lr, pc
 221 013c 13FF2FE1 		bx	r3
 222              	.L18:
  38:../source/tinyUnity/Engine.cpp **** 	#endif
  39:../source/tinyUnity/Engine.cpp **** 	}
  40:../source/tinyUnity/Engine.cpp **** 	return this->referenceCount;
 223              		.loc 1 40 0
 224 0140 08301BE5 		ldr	r3, [fp, #-8]
 225 0144 043093E5 		ldr	r3, [r3, #4]
  41:../source/tinyUnity/Engine.cpp **** }
 226              		.loc 1 41 0
 227 0148 0300A0E1 		mov	r0, r3
 228 014c 04D04BE2 		sub	sp, fp, #4
 229              		@ sp needed
 230 0150 0048BDE8 		ldmfd	sp!, {fp, lr}
 231 0154 1EFF2FE1 		bx	lr
 232              		.cfi_endproc
 233              	.LFE8:
 235              		.global	_ZTVN9tinyUnity6ObjectE
 236              		.section	.rodata
 237              		.align	3
 240              	_ZTVN9tinyUnity6ObjectE:
 241 0000 00000000 		.word	0
 242 0004 00000000 		.word	0
 243 0008 00000000 		.word	_ZN9tinyUnity6ObjectD1Ev
 244 000c 00000000 		.word	_ZN9tinyUnity6ObjectD0Ev
 245              		.text
 246              	.Letext0:
 247              		.file 2 "../source/tinyUnity/Object.h"
DEFINED SYMBOLS
                            *ABS*:00000000 Engine.cpp
/var/folders/0q/0rgskkgj3ms6cdw3tql51gsc0000gv/T//ccxs9m30.s:16     .text:00000000 $a
/var/folders/0q/0rgskkgj3ms6cdw3tql51gsc0000gv/T//ccxs9m30.s:19     .text:00000000 _ZN9tinyUnity6ObjectC2Ev
/var/folders/0q/0rgskkgj3ms6cdw3tql51gsc0000gv/T//ccxs9m30.s:57     .text:0000003c $d
/var/folders/0q/0rgskkgj3ms6cdw3tql51gsc0000gv/T//ccxs9m30.s:240    .rodata:00000000 _ZTVN9tinyUnity6ObjectE
/var/folders/0q/0rgskkgj3ms6cdw3tql51gsc0000gv/T//ccxs9m30.s:19     .text:00000000 _ZN9tinyUnity6ObjectC1Ev
/var/folders/0q/0rgskkgj3ms6cdw3tql51gsc0000gv/T//ccxs9m30.s:63     .text:00000040 $a
/var/folders/0q/0rgskkgj3ms6cdw3tql51gsc0000gv/T//ccxs9m30.s:66     .text:00000040 _ZN9tinyUnity6ObjectD2Ev
/var/folders/0q/0rgskkgj3ms6cdw3tql51gsc0000gv/T//ccxs9m30.s:107    .text:00000084 $d
/var/folders/0q/0rgskkgj3ms6cdw3tql51gsc0000gv/T//ccxs9m30.s:66     .text:00000040 _ZN9tinyUnity6ObjectD1Ev
/var/folders/0q/0rgskkgj3ms6cdw3tql51gsc0000gv/T//ccxs9m30.s:113    .text:00000088 $a
/var/folders/0q/0rgskkgj3ms6cdw3tql51gsc0000gv/T//ccxs9m30.s:116    .text:00000088 _ZN9tinyUnity6ObjectD0Ev
/var/folders/0q/0rgskkgj3ms6cdw3tql51gsc0000gv/T//ccxs9m30.s:150    .text:000000bc _ZN9tinyUnity6Object6retainEv
/var/folders/0q/0rgskkgj3ms6cdw3tql51gsc0000gv/T//ccxs9m30.s:187    .text:000000f4 _ZN9tinyUnity6Object7releaseEv
/var/folders/0q/0rgskkgj3ms6cdw3tql51gsc0000gv/T//ccxs9m30.s:237    .rodata:00000000 $d
                     .debug_frame:00000010 $d
                           .group:00000000 wm4.1.c1d3c39fe92b3c0ea0c4445ea1455857

UNDEFINED SYMBOLS
_ZdlPv
