   1              		.cpu arm9
   2              		.fpu softvfp
   3              		.eabi_attribute 20, 1
   4              		.eabi_attribute 21, 1
   5              		.eabi_attribute 23, 3
   6              		.eabi_attribute 24, 1
   7              		.eabi_attribute 25, 1
   8              		.eabi_attribute 26, 1
   9              		.eabi_attribute 30, 6
  10              		.eabi_attribute 34, 0
  11              		.eabi_attribute 18, 4
  12              		.file	"GameObject.cpp"
  13              		.text
  14              	.Ltext0:
  15              		.cfi_sections	.debug_frame
  16              		.section	.text._ZN9tinyUnity6Object9imageSizeEv,"axG",%progbits,_ZN9tinyUnity6Object9imageSizeEv,c
  17              		.align	2
  18              		.weak	_ZN9tinyUnity6Object9imageSizeEv
  20              	_ZN9tinyUnity6Object9imageSizeEv:
  21              	.LFB0:
  22              		.file 1 "../source/tinyUnity/Object.h"
   1:../source/tinyUnity/Object.h **** /*
   2:../source/tinyUnity/Object.h ****  * Object.h
   3:../source/tinyUnity/Object.h ****  *
   4:../source/tinyUnity/Object.h ****  *  Created on: 2013-06-21
   5:../source/tinyUnity/Object.h ****  *      Author: awiebe
   6:../source/tinyUnity/Object.h ****  */
   7:../source/tinyUnity/Object.h **** 
   8:../source/tinyUnity/Object.h **** #ifndef OBJECT_H_
   9:../source/tinyUnity/Object.h **** #define OBJECT_H_
  10:../source/tinyUnity/Object.h **** #include "config.h"
  11:../source/tinyUnity/Object.h **** namespace tinyUnity {
  12:../source/tinyUnity/Object.h **** 
  13:../source/tinyUnity/Object.h **** class Object {
  14:../source/tinyUnity/Object.h **** public:
  15:../source/tinyUnity/Object.h **** 	Object();
  16:../source/tinyUnity/Object.h **** 	virtual ~Object();
  17:../source/tinyUnity/Object.h **** 	Object* retain();
  18:../source/tinyUnity/Object.h **** 	int release();
  19:../source/tinyUnity/Object.h **** 
  20:../source/tinyUnity/Object.h **** 	//Return the size of the memory needed to serialize this object
  21:../source/tinyUnity/Object.h **** 	virtual int imageSize(){return sizeof(this);}
  23              		.loc 1 21 0
  24              		.cfi_startproc
  25              		@ Function supports interworking.
  26              		@ args = 0, pretend = 0, frame = 8
  27              		@ frame_needed = 1, uses_anonymous_args = 0
  28              		@ link register save eliminated.
  29 0000 04B02DE5 		str	fp, [sp, #-4]!
  30              	.LCFI0:
  31              		.cfi_def_cfa_offset 4
  32              		.cfi_offset 11, -4
  33 0004 00B08DE2 		add	fp, sp, #0
  34              	.LCFI1:
  35              		.cfi_def_cfa_register 11
  36 0008 0CD04DE2 		sub	sp, sp, #12
  37 000c 08000BE5 		str	r0, [fp, #-8]
  38              		.loc 1 21 0
  39 0010 0430A0E3 		mov	r3, #4
  40 0014 0300A0E1 		mov	r0, r3
  41 0018 00D04BE2 		sub	sp, fp, #0
  42              		@ sp needed
  43 001c 04B09DE4 		ldr	fp, [sp], #4
  44 0020 1EFF2FE1 		bx	lr
  45              		.cfi_endproc
  46              	.LFE0:
  48              		.data
  49              		.align	2
  52              	_ZL6glGlob:
  53 0000 00000000 		.word	glGlobalData
  54              		.section	.rodata
  55              		.align	2
  58              	_ZStL19piecewise_construct:
  59 0000 00       		.space	1
  60              		.text
  61              		.align	2
  62              		.global	_ZN9tinyUnity10GameObjectC2Ev
  64              	_ZN9tinyUnity10GameObjectC2Ev:
  65              	.LFB847:
  66              		.file 2 "../source/tinyUnity/GameObject.cpp"
   1:../source/tinyUnity/GameObject.cpp **** /*
   2:../source/tinyUnity/GameObject.cpp ****  * GameObject.cpp
   3:../source/tinyUnity/GameObject.cpp ****  *
   4:../source/tinyUnity/GameObject.cpp ****  *  Created on: 2013-07-09
   5:../source/tinyUnity/GameObject.cpp ****  *      Author: awiebe
   6:../source/tinyUnity/GameObject.cpp ****  */
   7:../source/tinyUnity/GameObject.cpp **** 
   8:../source/tinyUnity/GameObject.cpp **** #include "GameObject.h"
   9:../source/tinyUnity/GameObject.cpp **** 
  10:../source/tinyUnity/GameObject.cpp **** namespace tinyUnity {
  11:../source/tinyUnity/GameObject.cpp **** 
  12:../source/tinyUnity/GameObject.cpp **** GameObject::GameObject() {
  67              		.loc 2 12 0
  68              		.cfi_startproc
  69              		@ Function supports interworking.
  70              		@ args = 0, pretend = 0, frame = 8
  71              		@ frame_needed = 1, uses_anonymous_args = 0
  72 0000 00482DE9 		stmfd	sp!, {fp, lr}
  73              	.LCFI2:
  74              		.cfi_def_cfa_offset 8
  75              		.cfi_offset 11, -8
  76              		.cfi_offset 14, -4
  77 0004 04B08DE2 		add	fp, sp, #4
  78              	.LCFI3:
  79              		.cfi_def_cfa 11, 4
  80 0008 08D04DE2 		sub	sp, sp, #8
  81 000c 08000BE5 		str	r0, [fp, #-8]
  82              	.LBB2:
  83              		.loc 2 12 0
  84 0010 08301BE5 		ldr	r3, [fp, #-8]
  85 0014 0300A0E1 		mov	r0, r3
  86 0018 FEFFFFEB 		bl	_ZN9tinyUnity6ObjectC2Ev
  87 001c 08301BE5 		ldr	r3, [fp, #-8]
  88 0020 14209FE5 		ldr	r2, .L6
  89 0024 002083E5 		str	r2, [r3]
  90              	.LBE2:
  13:../source/tinyUnity/GameObject.cpp **** 	// TODO Auto-generated constructor stub
  14:../source/tinyUnity/GameObject.cpp **** 
  15:../source/tinyUnity/GameObject.cpp **** }
  91              		.loc 2 15 0
  92 0028 08301BE5 		ldr	r3, [fp, #-8]
  93 002c 0300A0E1 		mov	r0, r3
  94 0030 04D04BE2 		sub	sp, fp, #4
  95              		@ sp needed
  96 0034 0048BDE8 		ldmfd	sp!, {fp, lr}
  97 0038 1EFF2FE1 		bx	lr
  98              	.L7:
  99              		.align	2
 100              	.L6:
 101 003c 08000000 		.word	_ZTVN9tinyUnity10GameObjectE+8
 102              		.cfi_endproc
 103              	.LFE847:
 105              		.global	_ZN9tinyUnity10GameObjectC1Ev
 106              		.set	_ZN9tinyUnity10GameObjectC1Ev,_ZN9tinyUnity10GameObjectC2Ev
 107              		.align	2
 108              		.global	_ZN9tinyUnity10GameObjectD2Ev
 110              	_ZN9tinyUnity10GameObjectD2Ev:
 111              	.LFB850:
  16:../source/tinyUnity/GameObject.cpp **** 
  17:../source/tinyUnity/GameObject.cpp **** GameObject::~GameObject() {
 112              		.loc 2 17 0
 113              		.cfi_startproc
 114              		@ Function supports interworking.
 115              		@ args = 0, pretend = 0, frame = 8
 116              		@ frame_needed = 1, uses_anonymous_args = 0
 117 0040 00482DE9 		stmfd	sp!, {fp, lr}
 118              	.LCFI4:
 119              		.cfi_def_cfa_offset 8
 120              		.cfi_offset 11, -8
 121              		.cfi_offset 14, -4
 122 0044 04B08DE2 		add	fp, sp, #4
 123              	.LCFI5:
 124              		.cfi_def_cfa 11, 4
 125 0048 08D04DE2 		sub	sp, sp, #8
 126 004c 08000BE5 		str	r0, [fp, #-8]
 127              	.LBB3:
 128              		.loc 2 17 0
 129 0050 08301BE5 		ldr	r3, [fp, #-8]
 130 0054 34209FE5 		ldr	r2, .L12
 131 0058 002083E5 		str	r2, [r3]
 132 005c 08301BE5 		ldr	r3, [fp, #-8]
  18:../source/tinyUnity/GameObject.cpp **** 	// TODO Auto-generated destructor stub
  19:../source/tinyUnity/GameObject.cpp **** }
 133              		.loc 2 19 0
 134 0060 0300A0E1 		mov	r0, r3
 135 0064 FEFFFFEB 		bl	_ZN9tinyUnity6ObjectD2Ev
 136              	.LBE3:
 137 0068 0030A0E3 		mov	r3, #0
 138 006c 000053E3 		cmp	r3, #0
 139 0070 0100000A 		beq	.L10
 140              		.loc 2 19 0 is_stmt 0 discriminator 1
 141 0074 08001BE5 		ldr	r0, [fp, #-8]
 142 0078 FEFFFFEB 		bl	_ZdlPv
 143              	.L10:
 144              		.loc 2 19 0 discriminator 2
 145 007c 08301BE5 		ldr	r3, [fp, #-8]
 146 0080 0300A0E1 		mov	r0, r3
 147 0084 04D04BE2 		sub	sp, fp, #4
 148              		@ sp needed
 149 0088 0048BDE8 		ldmfd	sp!, {fp, lr}
 150 008c 1EFF2FE1 		bx	lr
 151              	.L13:
 152              		.align	2
 153              	.L12:
 154 0090 08000000 		.word	_ZTVN9tinyUnity10GameObjectE+8
 155              		.cfi_endproc
 156              	.LFE850:
 158              		.global	_ZN9tinyUnity10GameObjectD1Ev
 159              		.set	_ZN9tinyUnity10GameObjectD1Ev,_ZN9tinyUnity10GameObjectD2Ev
 160              		.align	2
 161              		.global	_ZN9tinyUnity10GameObjectD0Ev
 163              	_ZN9tinyUnity10GameObjectD0Ev:
 164              	.LFB852:
  17:../source/tinyUnity/GameObject.cpp **** 	// TODO Auto-generated destructor stub
 165              		.loc 2 17 0 is_stmt 1
 166              		.cfi_startproc
 167              		@ Function supports interworking.
 168              		@ args = 0, pretend = 0, frame = 8
 169              		@ frame_needed = 1, uses_anonymous_args = 0
 170 0094 00482DE9 		stmfd	sp!, {fp, lr}
 171              	.LCFI6:
 172              		.cfi_def_cfa_offset 8
 173              		.cfi_offset 11, -8
 174              		.cfi_offset 14, -4
 175 0098 04B08DE2 		add	fp, sp, #4
 176              	.LCFI7:
 177              		.cfi_def_cfa 11, 4
 178 009c 08D04DE2 		sub	sp, sp, #8
 179 00a0 08000BE5 		str	r0, [fp, #-8]
 180              		.loc 2 19 0
 181 00a4 08001BE5 		ldr	r0, [fp, #-8]
 182 00a8 FEFFFFEB 		bl	_ZN9tinyUnity10GameObjectD1Ev
 183 00ac 08001BE5 		ldr	r0, [fp, #-8]
 184 00b0 FEFFFFEB 		bl	_ZdlPv
 185 00b4 08301BE5 		ldr	r3, [fp, #-8]
 186 00b8 0300A0E1 		mov	r0, r3
 187 00bc 04D04BE2 		sub	sp, fp, #4
 188              		@ sp needed
 189 00c0 0048BDE8 		ldmfd	sp!, {fp, lr}
 190 00c4 1EFF2FE1 		bx	lr
 191              		.cfi_endproc
 192              	.LFE852:
 194              		.global	_ZTVN9tinyUnity10GameObjectE
 195              		.section	.rodata
 196 0001 00000000 		.align	3
 196      000000
 199              	_ZTVN9tinyUnity10GameObjectE:
 200 0008 00000000 		.word	0
 201 000c 00000000 		.word	0
 202 0010 00000000 		.word	_ZN9tinyUnity10GameObjectD1Ev
 203 0014 00000000 		.word	_ZN9tinyUnity10GameObjectD0Ev
 204 0018 00000000 		.word	_ZN9tinyUnity6Object9imageSizeEv
 205 001c 00000000 		.word	_ZN9tinyUnity6Object9serializeEv
 206 0020 00000000 		.word	_ZN9tinyUnity6Object11deserializeEPc
 207 0024 00000000 		.text
 208              	.Letext0:
 209              		.file 3 "/Users/awiebe/devkitPro/devkitARM/arm-none-eabi/include/machine/_default_types.h"
 210              		.file 4 "/Users/awiebe/devkitPro/devkitARM/arm-none-eabi/include/stdint.h"
 211              		.file 5 "/Users/awiebe/devkitPro/libnds/include/nds/ndstypes.h"
 212              		.file 6 "/Users/awiebe/devkitPro/libnds/include/nds/system.h"
 213              		.file 7 "/Users/awiebe/devkitPro/libnds/include/nds/arm9/dynamicArray.h"
 214              		.file 8 "/Users/awiebe/devkitPro/libnds/include/nds/arm9/background.h"
 215              		.file 9 "/Users/awiebe/devkitPro/libnds/include/nds/arm9/videoGL.h"
 216              		.file 10 "/Users/awiebe/devkitPro/libnds/include/nds/arm9/sprite.h"
 217              		.file 11 "/Users/awiebe/devkitPro/devkitARM/arm-none-eabi/include/c++/4.8.2/type_traits"
 218              		.file 12 "/Users/awiebe/devkitPro/devkitARM/arm-none-eabi/include/c++/4.8.2/arm-none-eabi/bits/c++
 219              		.file 13 "/Users/awiebe/devkitPro/devkitARM/arm-none-eabi/include/c++/4.8.2/ext/new_allocator.h"
 220              		.file 14 "/Users/awiebe/devkitPro/devkitARM/arm-none-eabi/include/c++/4.8.2/ext/numeric_traits.h"
 221              		.file 15 "/Users/awiebe/devkitPro/devkitARM/arm-none-eabi/include/c++/4.8.2/bits/cpp_type_traits.h
 222              		.file 16 "/Users/awiebe/devkitPro/devkitARM/arm-none-eabi/include/c++/4.8.2/debug/debug.h"
 223              		.file 17 "../source/tinyUnity/GameObject.h"
 224              		.file 18 "/Users/awiebe/devkitPro/devkitARM/arm-none-eabi/include/c++/4.8.2/bits/stl_pair.h"
 225              		.file 19 "/Users/awiebe/devkitPro/libnds/include/nds/arm9/video.h"
 226              		.file 20 "<built-in>"
DEFINED SYMBOLS
                            *ABS*:00000000 GameObject.cpp
/var/folders/0q/0rgskkgj3ms6cdw3tql51gsc0000gv/T//ccHzO3Fn.s:17     .text._ZN9tinyUnity6Object9imageSizeEv:00000000 $a
/var/folders/0q/0rgskkgj3ms6cdw3tql51gsc0000gv/T//ccHzO3Fn.s:20     .text._ZN9tinyUnity6Object9imageSizeEv:00000000 _ZN9tinyUnity6Object9imageSizeEv
/var/folders/0q/0rgskkgj3ms6cdw3tql51gsc0000gv/T//ccHzO3Fn.s:49     .data:00000000 $d
/var/folders/0q/0rgskkgj3ms6cdw3tql51gsc0000gv/T//ccHzO3Fn.s:52     .data:00000000 _ZL6glGlob
/var/folders/0q/0rgskkgj3ms6cdw3tql51gsc0000gv/T//ccHzO3Fn.s:55     .rodata:00000000 $d
/var/folders/0q/0rgskkgj3ms6cdw3tql51gsc0000gv/T//ccHzO3Fn.s:58     .rodata:00000000 _ZStL19piecewise_construct
/var/folders/0q/0rgskkgj3ms6cdw3tql51gsc0000gv/T//ccHzO3Fn.s:61     .text:00000000 $a
/var/folders/0q/0rgskkgj3ms6cdw3tql51gsc0000gv/T//ccHzO3Fn.s:64     .text:00000000 _ZN9tinyUnity10GameObjectC2Ev
/var/folders/0q/0rgskkgj3ms6cdw3tql51gsc0000gv/T//ccHzO3Fn.s:101    .text:0000003c $d
/var/folders/0q/0rgskkgj3ms6cdw3tql51gsc0000gv/T//ccHzO3Fn.s:199    .rodata:00000008 _ZTVN9tinyUnity10GameObjectE
/var/folders/0q/0rgskkgj3ms6cdw3tql51gsc0000gv/T//ccHzO3Fn.s:64     .text:00000000 _ZN9tinyUnity10GameObjectC1Ev
/var/folders/0q/0rgskkgj3ms6cdw3tql51gsc0000gv/T//ccHzO3Fn.s:107    .text:00000040 $a
/var/folders/0q/0rgskkgj3ms6cdw3tql51gsc0000gv/T//ccHzO3Fn.s:110    .text:00000040 _ZN9tinyUnity10GameObjectD2Ev
/var/folders/0q/0rgskkgj3ms6cdw3tql51gsc0000gv/T//ccHzO3Fn.s:154    .text:00000090 $d
/var/folders/0q/0rgskkgj3ms6cdw3tql51gsc0000gv/T//ccHzO3Fn.s:110    .text:00000040 _ZN9tinyUnity10GameObjectD1Ev
/var/folders/0q/0rgskkgj3ms6cdw3tql51gsc0000gv/T//ccHzO3Fn.s:160    .text:00000094 $a
/var/folders/0q/0rgskkgj3ms6cdw3tql51gsc0000gv/T//ccHzO3Fn.s:163    .text:00000094 _ZN9tinyUnity10GameObjectD0Ev
                     .debug_frame:00000010 $d
                           .group:00000000 wm4.1.7940548cbb415e0ae4b2385326857eac
                           .group:00000000 wm4.config.h.9.adf03a5a4c6c746d153e41cf03da5d6e
                           .group:00000000 wm4.nds.h.219.3a246e32827d01484c32560cb6386a4e
                           .group:00000000 wm4.libversion.h.2.18bf62264b22c269b0002d03167cd230
                           .group:00000000 wm4.stdint.h.4.659be5aa44c4ab4eb7c7cc2b24d8ceee
                           .group:00000000 wm4.features.h.22.6a4ca7cd053637cc1d0db6c16f39b2d7
                           .group:00000000 wm4._default_types.h.15.8b2cb27e528498f8ff711db085d6e489
                           .group:00000000 wm4.stdint.h.20.796e373797e732130a803d4c0338fa1b
                           .group:00000000 wm4.stdbool.h.29.918586c125f920236001deb211f41e92
                           .group:00000000 wm4.ndstypes.h.43.843a766a29031d4e29a34080490bc9e7
                           .group:00000000 wm4.bios.h.152.378f3b1fd073814d612a1ba3332493e4
                           .group:00000000 wm4.card.h.35.5af8b1d928ff6ee2d22f183e9cc6cbe4
                           .group:00000000 wm4.dma.h.46.470076ab039e7830357de3d6642dfa27
                           .group:00000000 wm4.interrupts.h.36.0043cda252880b023f6c6ebf569dd321
                           .group:00000000 wm4.ipc.h.30.fbcd65cbf2747d2105139787728cf9e6
                           .group:00000000 wm4.memory.h.33.5d65bad382e61a8ebefcc049f5d87b52
                           .group:00000000 wm4.system.h.37.48409549d245f15638a161f782a42fc7
                           .group:00000000 wm4.timers.h.39.4b84c7e880d6307c6b835d087ae7883b
                           .group:00000000 wm4.input.h.26.668c351ed5998cd41b7cf188a22bed7c
                           .group:00000000 wm4.newlib.h.8.30891898d18e8c5555d1f81eacc760e7
                           .group:00000000 wm4.config.h.212.4163ef2871a828c674038d036b081cfd
                           .group:00000000 wm4._ansi.h.23.dab33ce643b14ed3207d08fca482d2c9
                           .group:00000000 wm4.stdlib.h.13.4ed386f5c1a80d71e72172885d946ef2
                           .group:00000000 wm4.stddef.h.184.ee8e6917b4e86549ab466905cf65c430
                           .group:00000000 wm4.stddef.h.39.7a7c9736cc6d4c59c817f754af461a43
                           .group:00000000 wm4.lock.h.2.9bc98482741e5e2a9450b12934a684ea
                           .group:00000000 wm4._types.h.54.d3d34a3b7f3cc230cd159baf022b4b08
                           .group:00000000 wm4.stddef.h.158.e57d9a24f6f3b6eaa274e44743a335a7
                           .group:00000000 wm4.reent.h.17.8bd9e4098e0428508c282cad794fae43
                           .group:00000000 wm4.stdlib.h.53.a73f7e963d962393b7f9086194931e4a
                           .group:00000000 wm4.cdefs.h.56.862c22ff4fc3f08ba284da94c8439388
                           .group:00000000 wm4.string.h.15.dab3980bf35408a4c507182805e2de3a
                           .group:00000000 wm4.stddef.h.158.bfd00fa34c523ce50423876e66a2d374
                           .group:00000000 wm4.malloc.h.4.62bd13b8107d5245f60bd92bb5994838
                           .group:00000000 wm4.malloc.h.148.73b7de3bd065dafbd594b04197a9466e
                           .group:00000000 wm4.sassert.h.35.09af1094f947be321ad495ba445e020a
                           .group:00000000 wm4.video.h.100.1e8430a318c8dbd537397e7b54f75e06
                           .group:00000000 wm4.background.h.126.e2819423dbec0f01a2c161be17215d1b
                           .group:00000000 wm4.trig_lut.h.31.05e8d4f6471e5776263e413a2d294f89
                           .group:00000000 wm4.math.h.33.ee7a4ca882824fafdd2f17cf66692f53
                           .group:00000000 wm4.videoGL.h.52.c73e1a09c4f988160d4a8ba260f501f7
                           .group:00000000 wm4.exceptions.h.25.52606812c666ab6cfd8bf635c7f2a084
                           .group:00000000 wm4.guitarGrip.h.26.5ddf3818ecb5c8b4af08c800ce313a80
                           .group:00000000 wm4.piano.h.29.f45975aa2219b49eb0380c2585d1f4b5
                           .group:00000000 wm4.rumble.h.29.041709ebb3e71022d49e6e8cd0c3ddfc
                           .group:00000000 wm4.sprite.h.48.d5d68d7969c43c17fbe48e3349c2572c
                           .group:00000000 wm4.cconfig.h.31.c7dcfa542e28bd9698a8d20f88154445
                           .group:00000000 wm4.cconfig.h.434.069089a5f433cea001bd4e8dc11c2229
                           .group:00000000 wm4.exception_defines.h.31.b944334bb23842f2d39bb0d8b467613a
                           .group:00000000 wm4.numeric_traits.h.30.aa01a98564b7e55086aad9e53c7e5c53
                           .group:00000000 wm4.concept_check.h.31.3d579f007de71573a5abea960f72bfb9
                           .group:00000000 wm4.type_traits.30.50c46aa307e7a8ab77156aef79316fff
                           .group:00000000 wm4.move.h.142.423dcca5e718bf1b0a544eb61ae8c60d
                           .group:00000000 wm4.debug.h.30.d58369f6a5680b4507179eb46c141328
                           .group:00000000 wm4.stl_iterator.h.61.8a566d39b117b448087ef185ba94d11c
                           .group:00000000 wm4.stl_algobase.h.495.6cac589b3940118adfc6ef3f8132a921
                           .group:00000000 wm4.atomic_lockfree_defines.h.31.d5c6334fb1e95c9462b052951f1411df
                           .group:00000000 wm4.alloc_traits.h.92.a767d537a24e6ec551b4cadfd08e330c
                           .group:00000000 wm4.functional_hash.h.70.cc33b6cebe8994531b9602e1a54d32b1

UNDEFINED SYMBOLS
glGlobalData
_ZN9tinyUnity6ObjectC2Ev
_ZN9tinyUnity6ObjectD2Ev
_ZdlPv
_ZN9tinyUnity6Object9serializeEv
_ZN9tinyUnity6Object11deserializeEPc
