   1              		.cpu arm9
   2              		.fpu softvfp
   3              		.eabi_attribute 20, 1
   4              		.eabi_attribute 21, 1
   5              		.eabi_attribute 23, 3
   6              		.eabi_attribute 24, 1
   7              		.eabi_attribute 25, 1
   8              		.eabi_attribute 26, 1
   9              		.eabi_attribute 30, 6
  10              		.eabi_attribute 34, 0
  11              		.eabi_attribute 18, 4
  12              		.file	"MonoBehaviour.cpp"
  13              		.text
  14              	.Ltext0:
  15              		.cfi_sections	.debug_frame
  16              		.section	.text._ZN9tinyUnity9BehaviourC2Ev,"axG",%progbits,_ZN9tinyUnity9BehaviourC5Ev,comdat
  17              		.align	2
  18              		.weak	_ZN9tinyUnity9BehaviourC2Ev
  20              	_ZN9tinyUnity9BehaviourC2Ev:
  21              	.LFB2:
  22              		.file 1 "../source/tinyUnity/Behaviour.h"
   1:../source/tinyUnity/Behaviour.h **** /*
   2:../source/tinyUnity/Behaviour.h ****  * Behaviour.h
   3:../source/tinyUnity/Behaviour.h ****  *
   4:../source/tinyUnity/Behaviour.h ****  *  Created on: Sep 1, 2014
   5:../source/tinyUnity/Behaviour.h ****  *      Author: awiebe
   6:../source/tinyUnity/Behaviour.h ****  */
   7:../source/tinyUnity/Behaviour.h **** 
   8:../source/tinyUnity/Behaviour.h **** #ifndef BEHAVIOUR_H_
   9:../source/tinyUnity/Behaviour.h **** #define BEHAVIOUR_H_
  10:../source/tinyUnity/Behaviour.h **** #include "Component.h"
  11:../source/tinyUnity/Behaviour.h **** namespace tinyUnity {
  12:../source/tinyUnity/Behaviour.h **** 
  13:../source/tinyUnity/Behaviour.h **** class Behaviour: public Component {
  23              		.loc 1 13 0
  24              		.cfi_startproc
  25              		@ Function supports interworking.
  26              		@ args = 0, pretend = 0, frame = 8
  27              		@ frame_needed = 1, uses_anonymous_args = 0
  28 0000 00482DE9 		stmfd	sp!, {fp, lr}
  29              	.LCFI0:
  30              		.cfi_def_cfa_offset 8
  31              		.cfi_offset 11, -8
  32              		.cfi_offset 14, -4
  33 0004 04B08DE2 		add	fp, sp, #4
  34              	.LCFI1:
  35              		.cfi_def_cfa 11, 4
  36 0008 08D04DE2 		sub	sp, sp, #8
  37 000c 08000BE5 		str	r0, [fp, #-8]
  38              	.LBB2:
  39              		.loc 1 13 0
  40 0010 08301BE5 		ldr	r3, [fp, #-8]
  41 0014 0300A0E1 		mov	r0, r3
  42 0018 FEFFFFEB 		bl	_ZN9tinyUnity9ComponentC2Ev
  43 001c 08301BE5 		ldr	r3, [fp, #-8]
  44 0020 14209FE5 		ldr	r2, .L4
  45 0024 002083E5 		str	r2, [r3]
  46              	.LBE2:
  47 0028 08301BE5 		ldr	r3, [fp, #-8]
  48 002c 0300A0E1 		mov	r0, r3
  49 0030 04D04BE2 		sub	sp, fp, #4
  50              		@ sp needed
  51 0034 0048BDE8 		ldmfd	sp!, {fp, lr}
  52 0038 1EFF2FE1 		bx	lr
  53              	.L5:
  54              		.align	2
  55              	.L4:
  56 003c 08000000 		.word	_ZTVN9tinyUnity9BehaviourE+8
  57              		.cfi_endproc
  58              	.LFE2:
  60              		.weak	_ZN9tinyUnity9BehaviourC1Ev
  61              		.set	_ZN9tinyUnity9BehaviourC1Ev,_ZN9tinyUnity9BehaviourC2Ev
  62              		.section	.text._ZN9tinyUnity9BehaviourD2Ev,"axG",%progbits,_ZN9tinyUnity9BehaviourD5Ev,comdat
  63              		.align	2
  64              		.weak	_ZN9tinyUnity9BehaviourD2Ev
  66              	_ZN9tinyUnity9BehaviourD2Ev:
  67              	.LFB5:
  68              		.loc 1 13 0
  69              		.cfi_startproc
  70              		@ Function supports interworking.
  71              		@ args = 0, pretend = 0, frame = 8
  72              		@ frame_needed = 1, uses_anonymous_args = 0
  73 0000 00482DE9 		stmfd	sp!, {fp, lr}
  74              	.LCFI2:
  75              		.cfi_def_cfa_offset 8
  76              		.cfi_offset 11, -8
  77              		.cfi_offset 14, -4
  78 0004 04B08DE2 		add	fp, sp, #4
  79              	.LCFI3:
  80              		.cfi_def_cfa 11, 4
  81 0008 08D04DE2 		sub	sp, sp, #8
  82 000c 08000BE5 		str	r0, [fp, #-8]
  83              	.LBB3:
  84              		.loc 1 13 0
  85 0010 08301BE5 		ldr	r3, [fp, #-8]
  86 0014 20209FE5 		ldr	r2, .L9
  87 0018 002083E5 		str	r2, [r3]
  88 001c 08301BE5 		ldr	r3, [fp, #-8]
  89 0020 0300A0E1 		mov	r0, r3
  90 0024 FEFFFFEB 		bl	_ZN9tinyUnity9ComponentD2Ev
  91              	.LBE3:
  92 0028 08301BE5 		ldr	r3, [fp, #-8]
  93 002c 0300A0E1 		mov	r0, r3
  94 0030 04D04BE2 		sub	sp, fp, #4
  95              		@ sp needed
  96 0034 0048BDE8 		ldmfd	sp!, {fp, lr}
  97 0038 1EFF2FE1 		bx	lr
  98              	.L10:
  99              		.align	2
 100              	.L9:
 101 003c 08000000 		.word	_ZTVN9tinyUnity9BehaviourE+8
 102              		.cfi_endproc
 103              	.LFE5:
 105              		.weak	_ZN9tinyUnity9BehaviourD1Ev
 106              		.set	_ZN9tinyUnity9BehaviourD1Ev,_ZN9tinyUnity9BehaviourD2Ev
 107              		.text
 108              		.align	2
 109              		.global	_ZN9tinyUnity13MonoBehaviourC2Ev
 111              	_ZN9tinyUnity13MonoBehaviourC2Ev:
 112              	.LFB7:
 113              		.file 2 "../source/tinyUnity/MonoBehaviour.cpp"
   1:../source/tinyUnity/MonoBehaviour.cpp **** /*
   2:../source/tinyUnity/MonoBehaviour.cpp ****  * MonoBehaviour.cpp
   3:../source/tinyUnity/MonoBehaviour.cpp ****  *
   4:../source/tinyUnity/MonoBehaviour.cpp ****  *  Created on: Sep 1, 2014
   5:../source/tinyUnity/MonoBehaviour.cpp ****  *      Author: awiebe
   6:../source/tinyUnity/MonoBehaviour.cpp ****  */
   7:../source/tinyUnity/MonoBehaviour.cpp **** 
   8:../source/tinyUnity/MonoBehaviour.cpp **** #include "MonoBehaviour.h"
   9:../source/tinyUnity/MonoBehaviour.cpp **** 
  10:../source/tinyUnity/MonoBehaviour.cpp **** namespace tinyUnity {
  11:../source/tinyUnity/MonoBehaviour.cpp **** 
  12:../source/tinyUnity/MonoBehaviour.cpp **** MonoBehaviour::MonoBehaviour() {
 114              		.loc 2 12 0
 115              		.cfi_startproc
 116              		@ Function supports interworking.
 117              		@ args = 0, pretend = 0, frame = 8
 118              		@ frame_needed = 1, uses_anonymous_args = 0
 119 0000 00482DE9 		stmfd	sp!, {fp, lr}
 120              	.LCFI4:
 121              		.cfi_def_cfa_offset 8
 122              		.cfi_offset 11, -8
 123              		.cfi_offset 14, -4
 124 0004 04B08DE2 		add	fp, sp, #4
 125              	.LCFI5:
 126              		.cfi_def_cfa 11, 4
 127 0008 08D04DE2 		sub	sp, sp, #8
 128 000c 08000BE5 		str	r0, [fp, #-8]
 129              	.LBB4:
 130              		.loc 2 12 0
 131 0010 08301BE5 		ldr	r3, [fp, #-8]
 132 0014 0300A0E1 		mov	r0, r3
 133 0018 FEFFFFEB 		bl	_ZN9tinyUnity9BehaviourC2Ev
 134 001c 08301BE5 		ldr	r3, [fp, #-8]
 135 0020 14209FE5 		ldr	r2, .L14
 136 0024 002083E5 		str	r2, [r3]
 137              	.LBE4:
  13:../source/tinyUnity/MonoBehaviour.cpp **** 	// TODO Auto-generated constructor stub
  14:../source/tinyUnity/MonoBehaviour.cpp **** 
  15:../source/tinyUnity/MonoBehaviour.cpp **** }
 138              		.loc 2 15 0
 139 0028 08301BE5 		ldr	r3, [fp, #-8]
 140 002c 0300A0E1 		mov	r0, r3
 141 0030 04D04BE2 		sub	sp, fp, #4
 142              		@ sp needed
 143 0034 0048BDE8 		ldmfd	sp!, {fp, lr}
 144 0038 1EFF2FE1 		bx	lr
 145              	.L15:
 146              		.align	2
 147              	.L14:
 148 003c 08000000 		.word	_ZTVN9tinyUnity13MonoBehaviourE+8
 149              		.cfi_endproc
 150              	.LFE7:
 152              		.global	_ZN9tinyUnity13MonoBehaviourC1Ev
 153              		.set	_ZN9tinyUnity13MonoBehaviourC1Ev,_ZN9tinyUnity13MonoBehaviourC2Ev
 154              		.align	2
 155              		.global	_ZN9tinyUnity13MonoBehaviourD2Ev
 157              	_ZN9tinyUnity13MonoBehaviourD2Ev:
 158              	.LFB10:
  16:../source/tinyUnity/MonoBehaviour.cpp **** 
  17:../source/tinyUnity/MonoBehaviour.cpp **** MonoBehaviour::~MonoBehaviour() {
 159              		.loc 2 17 0
 160              		.cfi_startproc
 161              		@ Function supports interworking.
 162              		@ args = 0, pretend = 0, frame = 8
 163              		@ frame_needed = 1, uses_anonymous_args = 0
 164 0040 00482DE9 		stmfd	sp!, {fp, lr}
 165              	.LCFI6:
 166              		.cfi_def_cfa_offset 8
 167              		.cfi_offset 11, -8
 168              		.cfi_offset 14, -4
 169 0044 04B08DE2 		add	fp, sp, #4
 170              	.LCFI7:
 171              		.cfi_def_cfa 11, 4
 172 0048 08D04DE2 		sub	sp, sp, #8
 173 004c 08000BE5 		str	r0, [fp, #-8]
 174              	.LBB5:
 175              		.loc 2 17 0
 176 0050 08301BE5 		ldr	r3, [fp, #-8]
 177 0054 34209FE5 		ldr	r2, .L20
 178 0058 002083E5 		str	r2, [r3]
 179 005c 08301BE5 		ldr	r3, [fp, #-8]
  18:../source/tinyUnity/MonoBehaviour.cpp **** 	// TODO Auto-generated destructor stub
  19:../source/tinyUnity/MonoBehaviour.cpp **** }
 180              		.loc 2 19 0
 181 0060 0300A0E1 		mov	r0, r3
 182 0064 FEFFFFEB 		bl	_ZN9tinyUnity9BehaviourD2Ev
 183              	.LBE5:
 184 0068 0030A0E3 		mov	r3, #0
 185 006c 000053E3 		cmp	r3, #0
 186 0070 0100000A 		beq	.L18
 187              		.loc 2 19 0 is_stmt 0 discriminator 1
 188 0074 08001BE5 		ldr	r0, [fp, #-8]
 189 0078 FEFFFFEB 		bl	_ZdlPv
 190              	.L18:
 191              		.loc 2 19 0 discriminator 2
 192 007c 08301BE5 		ldr	r3, [fp, #-8]
 193 0080 0300A0E1 		mov	r0, r3
 194 0084 04D04BE2 		sub	sp, fp, #4
 195              		@ sp needed
 196 0088 0048BDE8 		ldmfd	sp!, {fp, lr}
 197 008c 1EFF2FE1 		bx	lr
 198              	.L21:
 199              		.align	2
 200              	.L20:
 201 0090 08000000 		.word	_ZTVN9tinyUnity13MonoBehaviourE+8
 202              		.cfi_endproc
 203              	.LFE10:
 205              		.global	_ZN9tinyUnity13MonoBehaviourD1Ev
 206              		.set	_ZN9tinyUnity13MonoBehaviourD1Ev,_ZN9tinyUnity13MonoBehaviourD2Ev
 207              		.align	2
 208              		.global	_ZN9tinyUnity13MonoBehaviourD0Ev
 210              	_ZN9tinyUnity13MonoBehaviourD0Ev:
 211              	.LFB12:
  17:../source/tinyUnity/MonoBehaviour.cpp **** 	// TODO Auto-generated destructor stub
 212              		.loc 2 17 0 is_stmt 1
 213              		.cfi_startproc
 214              		@ Function supports interworking.
 215              		@ args = 0, pretend = 0, frame = 8
 216              		@ frame_needed = 1, uses_anonymous_args = 0
 217 0094 00482DE9 		stmfd	sp!, {fp, lr}
 218              	.LCFI8:
 219              		.cfi_def_cfa_offset 8
 220              		.cfi_offset 11, -8
 221              		.cfi_offset 14, -4
 222 0098 04B08DE2 		add	fp, sp, #4
 223              	.LCFI9:
 224              		.cfi_def_cfa 11, 4
 225 009c 08D04DE2 		sub	sp, sp, #8
 226 00a0 08000BE5 		str	r0, [fp, #-8]
 227              		.loc 2 19 0
 228 00a4 08001BE5 		ldr	r0, [fp, #-8]
 229 00a8 FEFFFFEB 		bl	_ZN9tinyUnity13MonoBehaviourD1Ev
 230 00ac 08001BE5 		ldr	r0, [fp, #-8]
 231 00b0 FEFFFFEB 		bl	_ZdlPv
 232 00b4 08301BE5 		ldr	r3, [fp, #-8]
 233 00b8 0300A0E1 		mov	r0, r3
 234 00bc 04D04BE2 		sub	sp, fp, #4
 235              		@ sp needed
 236 00c0 0048BDE8 		ldmfd	sp!, {fp, lr}
 237 00c4 1EFF2FE1 		bx	lr
 238              		.cfi_endproc
 239              	.LFE12:
 241              		.align	2
 242              		.global	_ZN9tinyUnity13MonoBehaviour6EnableEv
 244              	_ZN9tinyUnity13MonoBehaviour6EnableEv:
 245              	.LFB13:
  20:../source/tinyUnity/MonoBehaviour.cpp **** 
  21:../source/tinyUnity/MonoBehaviour.cpp **** void MonoBehaviour::Enable()
  22:../source/tinyUnity/MonoBehaviour.cpp **** {
 246              		.loc 2 22 0
 247              		.cfi_startproc
 248              		@ Function supports interworking.
 249              		@ args = 0, pretend = 0, frame = 8
 250              		@ frame_needed = 1, uses_anonymous_args = 0
 251 00c8 00482DE9 		stmfd	sp!, {fp, lr}
 252              	.LCFI10:
 253              		.cfi_def_cfa_offset 8
 254              		.cfi_offset 11, -8
 255              		.cfi_offset 14, -4
 256 00cc 04B08DE2 		add	fp, sp, #4
 257              	.LCFI11:
 258              		.cfi_def_cfa 11, 4
 259 00d0 08D04DE2 		sub	sp, sp, #8
 260 00d4 08000BE5 		str	r0, [fp, #-8]
  23:../source/tinyUnity/MonoBehaviour.cpp **** 	OnEnable();
 261              		.loc 2 23 0
 262 00d8 08301BE5 		ldr	r3, [fp, #-8]
 263 00dc 003093E5 		ldr	r3, [r3]
 264 00e0 283083E2 		add	r3, r3, #40
 265 00e4 003093E5 		ldr	r3, [r3]
 266 00e8 08001BE5 		ldr	r0, [fp, #-8]
 267 00ec 0FE0A0E1 		mov	lr, pc
 268 00f0 13FF2FE1 		bx	r3
  24:../source/tinyUnity/MonoBehaviour.cpp **** }
 269              		.loc 2 24 0
 270 00f4 04D04BE2 		sub	sp, fp, #4
 271              		@ sp needed
 272 00f8 0048BDE8 		ldmfd	sp!, {fp, lr}
 273 00fc 1EFF2FE1 		bx	lr
 274              		.cfi_endproc
 275              	.LFE13:
 277              		.align	2
 278              		.global	_ZN9tinyUnity13MonoBehaviour7DisableEv
 280              	_ZN9tinyUnity13MonoBehaviour7DisableEv:
 281              	.LFB14:
  25:../source/tinyUnity/MonoBehaviour.cpp **** 
  26:../source/tinyUnity/MonoBehaviour.cpp **** void MonoBehaviour::Disable()
  27:../source/tinyUnity/MonoBehaviour.cpp **** {
 282              		.loc 2 27 0
 283              		.cfi_startproc
 284              		@ Function supports interworking.
 285              		@ args = 0, pretend = 0, frame = 8
 286              		@ frame_needed = 1, uses_anonymous_args = 0
 287 0100 00482DE9 		stmfd	sp!, {fp, lr}
 288              	.LCFI12:
 289              		.cfi_def_cfa_offset 8
 290              		.cfi_offset 11, -8
 291              		.cfi_offset 14, -4
 292 0104 04B08DE2 		add	fp, sp, #4
 293              	.LCFI13:
 294              		.cfi_def_cfa 11, 4
 295 0108 08D04DE2 		sub	sp, sp, #8
 296 010c 08000BE5 		str	r0, [fp, #-8]
  28:../source/tinyUnity/MonoBehaviour.cpp **** 	OnDisable();
 297              		.loc 2 28 0
 298 0110 08301BE5 		ldr	r3, [fp, #-8]
 299 0114 003093E5 		ldr	r3, [r3]
 300 0118 2C3083E2 		add	r3, r3, #44
 301 011c 003093E5 		ldr	r3, [r3]
 302 0120 08001BE5 		ldr	r0, [fp, #-8]
 303 0124 0FE0A0E1 		mov	lr, pc
 304 0128 13FF2FE1 		bx	r3
  29:../source/tinyUnity/MonoBehaviour.cpp **** }
 305              		.loc 2 29 0
 306 012c 04D04BE2 		sub	sp, fp, #4
 307              		@ sp needed
 308 0130 0048BDE8 		ldmfd	sp!, {fp, lr}
 309 0134 1EFF2FE1 		bx	lr
 310              		.cfi_endproc
 311              	.LFE14:
 313              		.global	_ZTVN9tinyUnity13MonoBehaviourE
 314              		.section	.rodata
 315              		.align	3
 318              	_ZTVN9tinyUnity13MonoBehaviourE:
 319 0000 00000000 		.word	0
 320 0004 00000000 		.word	0
 321 0008 00000000 		.word	_ZN9tinyUnity9Component19runScheduledRoutineEi
 322 000c 00000000 		.word	_ZN9tinyUnity13MonoBehaviour6EnableEv
 323 0010 00000000 		.word	_ZN9tinyUnity13MonoBehaviour7DisableEv
 324 0014 00000000 		.word	_ZN9tinyUnity13MonoBehaviourD1Ev
 325 0018 00000000 		.word	_ZN9tinyUnity13MonoBehaviourD0Ev
 326 001c 00000000 		.word	_ZN9tinyUnity13MonoBehaviour11fixedUpdateEv
 327 0020 00000000 		.word	_ZN9tinyUnity13MonoBehaviour6updateEv
 328 0024 00000000 		.word	_ZN9tinyUnity13MonoBehaviour5awakeEv
 329 0028 00000000 		.word	_ZN9tinyUnity13MonoBehaviour16onCollisionEnterEv
 330 002c 00000000 		.word	_ZN9tinyUnity13MonoBehaviour15onCollisionExitEv
 331 0030 00000000 		.word	_ZN9tinyUnity13MonoBehaviour8OnEnableEv
 332 0034 00000000 		.word	_ZN9tinyUnity13MonoBehaviour9OnDisableEv
 333              		.text
 334              	.Letext0:
 335              		.file 3 "../source/tinyUnity/MonoBehaviour.h"
 336              		.file 4 "../source/tinyUnity/Component.h"
DEFINED SYMBOLS
                            *ABS*:00000000 MonoBehaviour.cpp
/var/folders/0q/0rgskkgj3ms6cdw3tql51gsc0000gv/T//ccWemVqO.s:17     .text._ZN9tinyUnity9BehaviourC2Ev:00000000 $a
/var/folders/0q/0rgskkgj3ms6cdw3tql51gsc0000gv/T//ccWemVqO.s:20     .text._ZN9tinyUnity9BehaviourC2Ev:00000000 _ZN9tinyUnity9BehaviourC2Ev
/var/folders/0q/0rgskkgj3ms6cdw3tql51gsc0000gv/T//ccWemVqO.s:56     .text._ZN9tinyUnity9BehaviourC2Ev:0000003c $d
/var/folders/0q/0rgskkgj3ms6cdw3tql51gsc0000gv/T//ccWemVqO.s:20     .text._ZN9tinyUnity9BehaviourC2Ev:00000000 _ZN9tinyUnity9BehaviourC1Ev
/var/folders/0q/0rgskkgj3ms6cdw3tql51gsc0000gv/T//ccWemVqO.s:63     .text._ZN9tinyUnity9BehaviourD2Ev:00000000 $a
/var/folders/0q/0rgskkgj3ms6cdw3tql51gsc0000gv/T//ccWemVqO.s:66     .text._ZN9tinyUnity9BehaviourD2Ev:00000000 _ZN9tinyUnity9BehaviourD2Ev
/var/folders/0q/0rgskkgj3ms6cdw3tql51gsc0000gv/T//ccWemVqO.s:101    .text._ZN9tinyUnity9BehaviourD2Ev:0000003c $d
/var/folders/0q/0rgskkgj3ms6cdw3tql51gsc0000gv/T//ccWemVqO.s:66     .text._ZN9tinyUnity9BehaviourD2Ev:00000000 _ZN9tinyUnity9BehaviourD1Ev
/var/folders/0q/0rgskkgj3ms6cdw3tql51gsc0000gv/T//ccWemVqO.s:108    .text:00000000 $a
/var/folders/0q/0rgskkgj3ms6cdw3tql51gsc0000gv/T//ccWemVqO.s:111    .text:00000000 _ZN9tinyUnity13MonoBehaviourC2Ev
/var/folders/0q/0rgskkgj3ms6cdw3tql51gsc0000gv/T//ccWemVqO.s:148    .text:0000003c $d
/var/folders/0q/0rgskkgj3ms6cdw3tql51gsc0000gv/T//ccWemVqO.s:318    .rodata:00000000 _ZTVN9tinyUnity13MonoBehaviourE
/var/folders/0q/0rgskkgj3ms6cdw3tql51gsc0000gv/T//ccWemVqO.s:111    .text:00000000 _ZN9tinyUnity13MonoBehaviourC1Ev
/var/folders/0q/0rgskkgj3ms6cdw3tql51gsc0000gv/T//ccWemVqO.s:154    .text:00000040 $a
/var/folders/0q/0rgskkgj3ms6cdw3tql51gsc0000gv/T//ccWemVqO.s:157    .text:00000040 _ZN9tinyUnity13MonoBehaviourD2Ev
/var/folders/0q/0rgskkgj3ms6cdw3tql51gsc0000gv/T//ccWemVqO.s:201    .text:00000090 $d
/var/folders/0q/0rgskkgj3ms6cdw3tql51gsc0000gv/T//ccWemVqO.s:157    .text:00000040 _ZN9tinyUnity13MonoBehaviourD1Ev
/var/folders/0q/0rgskkgj3ms6cdw3tql51gsc0000gv/T//ccWemVqO.s:207    .text:00000094 $a
/var/folders/0q/0rgskkgj3ms6cdw3tql51gsc0000gv/T//ccWemVqO.s:210    .text:00000094 _ZN9tinyUnity13MonoBehaviourD0Ev
/var/folders/0q/0rgskkgj3ms6cdw3tql51gsc0000gv/T//ccWemVqO.s:244    .text:000000c8 _ZN9tinyUnity13MonoBehaviour6EnableEv
/var/folders/0q/0rgskkgj3ms6cdw3tql51gsc0000gv/T//ccWemVqO.s:280    .text:00000100 _ZN9tinyUnity13MonoBehaviour7DisableEv
/var/folders/0q/0rgskkgj3ms6cdw3tql51gsc0000gv/T//ccWemVqO.s:315    .rodata:00000000 $d
                     .debug_frame:00000010 $d
                           .group:00000000 _ZN9tinyUnity9BehaviourC5Ev
                           .group:00000000 _ZN9tinyUnity9BehaviourD5Ev
                           .group:00000000 wm4.1.7940548cbb415e0ae4b2385326857eac

UNDEFINED SYMBOLS
_ZN9tinyUnity9ComponentC2Ev
_ZTVN9tinyUnity9BehaviourE
_ZN9tinyUnity9ComponentD2Ev
_ZdlPv
_ZN9tinyUnity9Component19runScheduledRoutineEi
_ZN9tinyUnity13MonoBehaviour11fixedUpdateEv
_ZN9tinyUnity13MonoBehaviour6updateEv
_ZN9tinyUnity13MonoBehaviour5awakeEv
_ZN9tinyUnity13MonoBehaviour16onCollisionEnterEv
_ZN9tinyUnity13MonoBehaviour15onCollisionExitEv
_ZN9tinyUnity13MonoBehaviour8OnEnableEv
_ZN9tinyUnity13MonoBehaviour9OnDisableEv
