   1              		.cpu arm9
   2              		.fpu softvfp
   3              		.eabi_attribute 20, 1
   4              		.eabi_attribute 21, 1
   5              		.eabi_attribute 23, 3
   6              		.eabi_attribute 24, 1
   7              		.eabi_attribute 25, 1
   8              		.eabi_attribute 26, 1
   9              		.eabi_attribute 30, 6
  10              		.eabi_attribute 34, 0
  11              		.eabi_attribute 18, 4
  12              		.file	"RenderMaster.cpp"
  13              		.text
  14              	.Ltext0:
  15              		.cfi_sections	.debug_frame
  16              		.data
  17              		.align	2
  20              	_ZL6glGlob:
  21 0000 00000000 		.word	glGlobalData
  22              		.section	.rodata
  23              		.align	2
  26              	_ZStL19piecewise_construct:
  27 0000 00       		.space	1
  28              		.text
  29              		.align	2
  30              		.global	_ZN9tinyUnity12RenderMasterC2Ev
  32              	_ZN9tinyUnity12RenderMasterC2Ev:
  33              	.LFB846:
  34              		.file 1 "../source/tinyUnity/RenderMaster.cpp"
   1:../source/tinyUnity/RenderMaster.cpp **** /*
   2:../source/tinyUnity/RenderMaster.cpp ****  * RenderMaster.cpp
   3:../source/tinyUnity/RenderMaster.cpp ****  *
   4:../source/tinyUnity/RenderMaster.cpp ****  *  Created on: 2013-06-15
   5:../source/tinyUnity/RenderMaster.cpp ****  *      Author: awiebe
   6:../source/tinyUnity/RenderMaster.cpp ****  */
   7:../source/tinyUnity/RenderMaster.cpp **** 
   8:../source/tinyUnity/RenderMaster.cpp **** #include "RenderMaster.h"
   9:../source/tinyUnity/RenderMaster.cpp **** namespace tinyUnity{
  10:../source/tinyUnity/RenderMaster.cpp **** RenderMaster::RenderMaster() {
  35              		.loc 1 10 0
  36              		.cfi_startproc
  37              		@ Function supports interworking.
  38              		@ args = 0, pretend = 0, frame = 8
  39              		@ frame_needed = 1, uses_anonymous_args = 0
  40              		@ link register save eliminated.
  41 0000 04B02DE5 		str	fp, [sp, #-4]!
  42              	.LCFI0:
  43              		.cfi_def_cfa_offset 4
  44              		.cfi_offset 11, -4
  45 0004 00B08DE2 		add	fp, sp, #0
  46              	.LCFI1:
  47              		.cfi_def_cfa_register 11
  48 0008 0CD04DE2 		sub	sp, sp, #12
  49 000c 08000BE5 		str	r0, [fp, #-8]
  50              	.LBB2:
  51              		.loc 1 10 0
  52 0010 08301BE5 		ldr	r3, [fp, #-8]
  53 0014 14209FE5 		ldr	r2, .L4
  54 0018 002083E5 		str	r2, [r3]
  55              	.LBE2:
  11:../source/tinyUnity/RenderMaster.cpp **** 	// TODO Auto-generated constructor stub
  12:../source/tinyUnity/RenderMaster.cpp **** 
  13:../source/tinyUnity/RenderMaster.cpp **** }
  56              		.loc 1 13 0
  57 001c 08301BE5 		ldr	r3, [fp, #-8]
  58 0020 0300A0E1 		mov	r0, r3
  59 0024 00D04BE2 		sub	sp, fp, #0
  60              		@ sp needed
  61 0028 04B09DE4 		ldr	fp, [sp], #4
  62 002c 1EFF2FE1 		bx	lr
  63              	.L5:
  64              		.align	2
  65              	.L4:
  66 0030 08000000 		.word	_ZTVN9tinyUnity12RenderMasterE+8
  67              		.cfi_endproc
  68              	.LFE846:
  70              		.global	_ZN9tinyUnity12RenderMasterC1Ev
  71              		.set	_ZN9tinyUnity12RenderMasterC1Ev,_ZN9tinyUnity12RenderMasterC2Ev
  72              		.align	2
  73              		.global	_ZN9tinyUnity12RenderMasterD2Ev
  75              	_ZN9tinyUnity12RenderMasterD2Ev:
  76              	.LFB849:
  14:../source/tinyUnity/RenderMaster.cpp **** 
  15:../source/tinyUnity/RenderMaster.cpp **** RenderMaster::~RenderMaster() {
  77              		.loc 1 15 0
  78              		.cfi_startproc
  79              		@ Function supports interworking.
  80              		@ args = 0, pretend = 0, frame = 8
  81              		@ frame_needed = 1, uses_anonymous_args = 0
  82 0034 00482DE9 		stmfd	sp!, {fp, lr}
  83              	.LCFI2:
  84              		.cfi_def_cfa_offset 8
  85              		.cfi_offset 11, -8
  86              		.cfi_offset 14, -4
  87 0038 04B08DE2 		add	fp, sp, #4
  88              	.LCFI3:
  89              		.cfi_def_cfa 11, 4
  90 003c 08D04DE2 		sub	sp, sp, #8
  91 0040 08000BE5 		str	r0, [fp, #-8]
  92              	.LBB3:
  93              		.loc 1 15 0
  94 0044 08301BE5 		ldr	r3, [fp, #-8]
  95 0048 28209FE5 		ldr	r2, .L10
  96 004c 002083E5 		str	r2, [r3]
  97              	.LBE3:
  16:../source/tinyUnity/RenderMaster.cpp **** 	// TODO Auto-generated destructor stub
  17:../source/tinyUnity/RenderMaster.cpp **** }
  98              		.loc 1 17 0
  99 0050 0030A0E3 		mov	r3, #0
 100 0054 000053E3 		cmp	r3, #0
 101 0058 0100000A 		beq	.L8
 102              		.loc 1 17 0 is_stmt 0 discriminator 1
 103 005c 08001BE5 		ldr	r0, [fp, #-8]
 104 0060 FEFFFFEB 		bl	_ZdlPv
 105              	.L8:
 106              		.loc 1 17 0 discriminator 2
 107 0064 08301BE5 		ldr	r3, [fp, #-8]
 108 0068 0300A0E1 		mov	r0, r3
 109 006c 04D04BE2 		sub	sp, fp, #4
 110              		@ sp needed
 111 0070 0048BDE8 		ldmfd	sp!, {fp, lr}
 112 0074 1EFF2FE1 		bx	lr
 113              	.L11:
 114              		.align	2
 115              	.L10:
 116 0078 08000000 		.word	_ZTVN9tinyUnity12RenderMasterE+8
 117              		.cfi_endproc
 118              	.LFE849:
 120              		.global	_ZN9tinyUnity12RenderMasterD1Ev
 121              		.set	_ZN9tinyUnity12RenderMasterD1Ev,_ZN9tinyUnity12RenderMasterD2Ev
 122              		.align	2
 123              		.global	_ZN9tinyUnity12RenderMasterD0Ev
 125              	_ZN9tinyUnity12RenderMasterD0Ev:
 126              	.LFB851:
  15:../source/tinyUnity/RenderMaster.cpp **** 	// TODO Auto-generated destructor stub
 127              		.loc 1 15 0 is_stmt 1
 128              		.cfi_startproc
 129              		@ Function supports interworking.
 130              		@ args = 0, pretend = 0, frame = 8
 131              		@ frame_needed = 1, uses_anonymous_args = 0
 132 007c 00482DE9 		stmfd	sp!, {fp, lr}
 133              	.LCFI4:
 134              		.cfi_def_cfa_offset 8
 135              		.cfi_offset 11, -8
 136              		.cfi_offset 14, -4
 137 0080 04B08DE2 		add	fp, sp, #4
 138              	.LCFI5:
 139              		.cfi_def_cfa 11, 4
 140 0084 08D04DE2 		sub	sp, sp, #8
 141 0088 08000BE5 		str	r0, [fp, #-8]
 142              		.loc 1 17 0
 143 008c 08001BE5 		ldr	r0, [fp, #-8]
 144 0090 FEFFFFEB 		bl	_ZN9tinyUnity12RenderMasterD1Ev
 145 0094 08001BE5 		ldr	r0, [fp, #-8]
 146 0098 FEFFFFEB 		bl	_ZdlPv
 147 009c 08301BE5 		ldr	r3, [fp, #-8]
 148 00a0 0300A0E1 		mov	r0, r3
 149 00a4 04D04BE2 		sub	sp, fp, #4
 150              		@ sp needed
 151 00a8 0048BDE8 		ldmfd	sp!, {fp, lr}
 152 00ac 1EFF2FE1 		bx	lr
 153              		.cfi_endproc
 154              	.LFE851:
 156              		.global	_ZTVN9tinyUnity12RenderMasterE
 157              		.section	.rodata
 158 0001 00000000 		.align	3
 158      000000
 161              	_ZTVN9tinyUnity12RenderMasterE:
 162 0008 00000000 		.word	0
 163 000c 00000000 		.word	0
 164 0010 00000000 		.word	_ZN9tinyUnity12RenderMasterD1Ev
 165 0014 00000000 		.word	_ZN9tinyUnity12RenderMasterD0Ev
 166              		.text
 167              	.Letext0:
 168              		.file 2 "/Users/awiebe/devkitPro/devkitARM/arm-none-eabi/include/machine/_default_types.h"
 169              		.file 3 "/Users/awiebe/devkitPro/devkitARM/arm-none-eabi/include/stdint.h"
 170              		.file 4 "/Users/awiebe/devkitPro/libnds/include/nds/ndstypes.h"
 171              		.file 5 "/Users/awiebe/devkitPro/libnds/include/nds/system.h"
 172              		.file 6 "/Users/awiebe/devkitPro/libnds/include/nds/arm9/dynamicArray.h"
 173              		.file 7 "/Users/awiebe/devkitPro/libnds/include/nds/arm9/background.h"
 174              		.file 8 "/Users/awiebe/devkitPro/libnds/include/nds/arm9/videoGL.h"
 175              		.file 9 "/Users/awiebe/devkitPro/libnds/include/nds/arm9/sprite.h"
 176              		.file 10 "/Users/awiebe/devkitPro/devkitARM/arm-none-eabi/include/c++/4.8.2/type_traits"
 177              		.file 11 "/Users/awiebe/devkitPro/devkitARM/arm-none-eabi/include/c++/4.8.2/arm-none-eabi/bits/c++
 178              		.file 12 "/Users/awiebe/devkitPro/devkitARM/arm-none-eabi/include/c++/4.8.2/ext/new_allocator.h"
 179              		.file 13 "/Users/awiebe/devkitPro/devkitARM/arm-none-eabi/include/c++/4.8.2/ext/numeric_traits.h"
 180              		.file 14 "/Users/awiebe/devkitPro/devkitARM/arm-none-eabi/include/c++/4.8.2/bits/cpp_type_traits.h
 181              		.file 15 "/Users/awiebe/devkitPro/devkitARM/arm-none-eabi/include/c++/4.8.2/debug/debug.h"
 182              		.file 16 "../source/tinyUnity/types.h"
 183              		.file 17 "../source/tinyUnity/RenderMaster.h"
 184              		.file 18 "/Users/awiebe/devkitPro/devkitARM/arm-none-eabi/include/c++/4.8.2/bits/stl_pair.h"
 185              		.file 19 "/Users/awiebe/devkitPro/libnds/include/nds/arm9/video.h"
 186              		.file 20 "<built-in>"
DEFINED SYMBOLS
                            *ABS*:00000000 RenderMaster.cpp
/var/folders/0q/0rgskkgj3ms6cdw3tql51gsc0000gv/T//ccwyOwuS.s:17     .data:00000000 $d
/var/folders/0q/0rgskkgj3ms6cdw3tql51gsc0000gv/T//ccwyOwuS.s:20     .data:00000000 _ZL6glGlob
/var/folders/0q/0rgskkgj3ms6cdw3tql51gsc0000gv/T//ccwyOwuS.s:23     .rodata:00000000 $d
/var/folders/0q/0rgskkgj3ms6cdw3tql51gsc0000gv/T//ccwyOwuS.s:26     .rodata:00000000 _ZStL19piecewise_construct
/var/folders/0q/0rgskkgj3ms6cdw3tql51gsc0000gv/T//ccwyOwuS.s:29     .text:00000000 $a
/var/folders/0q/0rgskkgj3ms6cdw3tql51gsc0000gv/T//ccwyOwuS.s:32     .text:00000000 _ZN9tinyUnity12RenderMasterC2Ev
/var/folders/0q/0rgskkgj3ms6cdw3tql51gsc0000gv/T//ccwyOwuS.s:66     .text:00000030 $d
/var/folders/0q/0rgskkgj3ms6cdw3tql51gsc0000gv/T//ccwyOwuS.s:161    .rodata:00000008 _ZTVN9tinyUnity12RenderMasterE
/var/folders/0q/0rgskkgj3ms6cdw3tql51gsc0000gv/T//ccwyOwuS.s:32     .text:00000000 _ZN9tinyUnity12RenderMasterC1Ev
/var/folders/0q/0rgskkgj3ms6cdw3tql51gsc0000gv/T//ccwyOwuS.s:72     .text:00000034 $a
/var/folders/0q/0rgskkgj3ms6cdw3tql51gsc0000gv/T//ccwyOwuS.s:75     .text:00000034 _ZN9tinyUnity12RenderMasterD2Ev
/var/folders/0q/0rgskkgj3ms6cdw3tql51gsc0000gv/T//ccwyOwuS.s:116    .text:00000078 $d
/var/folders/0q/0rgskkgj3ms6cdw3tql51gsc0000gv/T//ccwyOwuS.s:75     .text:00000034 _ZN9tinyUnity12RenderMasterD1Ev
/var/folders/0q/0rgskkgj3ms6cdw3tql51gsc0000gv/T//ccwyOwuS.s:122    .text:0000007c $a
/var/folders/0q/0rgskkgj3ms6cdw3tql51gsc0000gv/T//ccwyOwuS.s:125    .text:0000007c _ZN9tinyUnity12RenderMasterD0Ev
                     .debug_frame:00000010 $d
                           .group:00000000 wm4.1.7940548cbb415e0ae4b2385326857eac
                           .group:00000000 wm4.nds.h.219.3a246e32827d01484c32560cb6386a4e
                           .group:00000000 wm4.libversion.h.2.18bf62264b22c269b0002d03167cd230
                           .group:00000000 wm4.stdint.h.4.659be5aa44c4ab4eb7c7cc2b24d8ceee
                           .group:00000000 wm4.features.h.22.6a4ca7cd053637cc1d0db6c16f39b2d7
                           .group:00000000 wm4._default_types.h.15.8b2cb27e528498f8ff711db085d6e489
                           .group:00000000 wm4.stdint.h.20.796e373797e732130a803d4c0338fa1b
                           .group:00000000 wm4.stdbool.h.29.918586c125f920236001deb211f41e92
                           .group:00000000 wm4.ndstypes.h.43.843a766a29031d4e29a34080490bc9e7
                           .group:00000000 wm4.bios.h.152.378f3b1fd073814d612a1ba3332493e4
                           .group:00000000 wm4.card.h.35.5af8b1d928ff6ee2d22f183e9cc6cbe4
                           .group:00000000 wm4.dma.h.46.470076ab039e7830357de3d6642dfa27
                           .group:00000000 wm4.interrupts.h.36.0043cda252880b023f6c6ebf569dd321
                           .group:00000000 wm4.ipc.h.30.fbcd65cbf2747d2105139787728cf9e6
                           .group:00000000 wm4.memory.h.33.5d65bad382e61a8ebefcc049f5d87b52
                           .group:00000000 wm4.system.h.37.48409549d245f15638a161f782a42fc7
                           .group:00000000 wm4.timers.h.39.4b84c7e880d6307c6b835d087ae7883b
                           .group:00000000 wm4.input.h.26.668c351ed5998cd41b7cf188a22bed7c
                           .group:00000000 wm4.newlib.h.8.30891898d18e8c5555d1f81eacc760e7
                           .group:00000000 wm4.config.h.212.4163ef2871a828c674038d036b081cfd
                           .group:00000000 wm4._ansi.h.23.dab33ce643b14ed3207d08fca482d2c9
                           .group:00000000 wm4.stdlib.h.13.4ed386f5c1a80d71e72172885d946ef2
                           .group:00000000 wm4.stddef.h.184.ee8e6917b4e86549ab466905cf65c430
                           .group:00000000 wm4.stddef.h.39.7a7c9736cc6d4c59c817f754af461a43
                           .group:00000000 wm4.lock.h.2.9bc98482741e5e2a9450b12934a684ea
                           .group:00000000 wm4._types.h.54.d3d34a3b7f3cc230cd159baf022b4b08
                           .group:00000000 wm4.stddef.h.158.e57d9a24f6f3b6eaa274e44743a335a7
                           .group:00000000 wm4.reent.h.17.8bd9e4098e0428508c282cad794fae43
                           .group:00000000 wm4.stdlib.h.53.a73f7e963d962393b7f9086194931e4a
                           .group:00000000 wm4.cdefs.h.56.862c22ff4fc3f08ba284da94c8439388
                           .group:00000000 wm4.string.h.15.dab3980bf35408a4c507182805e2de3a
                           .group:00000000 wm4.stddef.h.158.bfd00fa34c523ce50423876e66a2d374
                           .group:00000000 wm4.malloc.h.4.62bd13b8107d5245f60bd92bb5994838
                           .group:00000000 wm4.malloc.h.148.73b7de3bd065dafbd594b04197a9466e
                           .group:00000000 wm4.sassert.h.35.09af1094f947be321ad495ba445e020a
                           .group:00000000 wm4.video.h.100.1e8430a318c8dbd537397e7b54f75e06
                           .group:00000000 wm4.background.h.126.e2819423dbec0f01a2c161be17215d1b
                           .group:00000000 wm4.trig_lut.h.31.05e8d4f6471e5776263e413a2d294f89
                           .group:00000000 wm4.math.h.33.ee7a4ca882824fafdd2f17cf66692f53
                           .group:00000000 wm4.videoGL.h.52.c73e1a09c4f988160d4a8ba260f501f7
                           .group:00000000 wm4.exceptions.h.25.52606812c666ab6cfd8bf635c7f2a084
                           .group:00000000 wm4.guitarGrip.h.26.5ddf3818ecb5c8b4af08c800ce313a80
                           .group:00000000 wm4.piano.h.29.f45975aa2219b49eb0380c2585d1f4b5
                           .group:00000000 wm4.rumble.h.29.041709ebb3e71022d49e6e8cd0c3ddfc
                           .group:00000000 wm4.sprite.h.48.d5d68d7969c43c17fbe48e3349c2572c
                           .group:00000000 wm4.cconfig.h.31.c7dcfa542e28bd9698a8d20f88154445
                           .group:00000000 wm4.cconfig.h.434.069089a5f433cea001bd4e8dc11c2229
                           .group:00000000 wm4.exception_defines.h.31.b944334bb23842f2d39bb0d8b467613a
                           .group:00000000 wm4.numeric_traits.h.30.aa01a98564b7e55086aad9e53c7e5c53
                           .group:00000000 wm4.concept_check.h.31.3d579f007de71573a5abea960f72bfb9
                           .group:00000000 wm4.type_traits.30.50c46aa307e7a8ab77156aef79316fff
                           .group:00000000 wm4.move.h.142.423dcca5e718bf1b0a544eb61ae8c60d
                           .group:00000000 wm4.debug.h.30.d58369f6a5680b4507179eb46c141328
                           .group:00000000 wm4.stl_iterator.h.61.8a566d39b117b448087ef185ba94d11c
                           .group:00000000 wm4.stl_algobase.h.495.6cac589b3940118adfc6ef3f8132a921
                           .group:00000000 wm4.atomic_lockfree_defines.h.31.d5c6334fb1e95c9462b052951f1411df
                           .group:00000000 wm4.alloc_traits.h.92.a767d537a24e6ec551b4cadfd08e330c
                           .group:00000000 wm4.functional_hash.h.70.cc33b6cebe8994531b9602e1a54d32b1

UNDEFINED SYMBOLS
glGlobalData
_ZdlPv
