   1              		.cpu arm9
   2              		.fpu softvfp
   3              		.eabi_attribute 20, 1
   4              		.eabi_attribute 21, 1
   5              		.eabi_attribute 23, 3
   6              		.eabi_attribute 24, 1
   7              		.eabi_attribute 25, 1
   8              		.eabi_attribute 26, 1
   9              		.eabi_attribute 30, 6
  10              		.eabi_attribute 34, 0
  11              		.eabi_attribute 18, 4
  12              		.file	"ShaderMaterial.cpp"
  13              		.text
  14              	.Ltext0:
  15              		.cfi_sections	.debug_frame
  16              		.align	2
  17              		.global	_ZN9tinyUnity14ShaderMaterialC2Ev
  19              	_ZN9tinyUnity14ShaderMaterialC2Ev:
  20              	.LFB1:
  21              		.file 1 "../source/tinyUnity/ShaderMaterial.cpp"
   1:../source/tinyUnity/ShaderMaterial.cpp **** /*
   2:../source/tinyUnity/ShaderMaterial.cpp ****  * ShaderMaterial.cpp
   3:../source/tinyUnity/ShaderMaterial.cpp ****  *
   4:../source/tinyUnity/ShaderMaterial.cpp ****  *  Created on: 2013-06-15
   5:../source/tinyUnity/ShaderMaterial.cpp ****  *      Author: awiebe
   6:../source/tinyUnity/ShaderMaterial.cpp ****  */
   7:../source/tinyUnity/ShaderMaterial.cpp **** 
   8:../source/tinyUnity/ShaderMaterial.cpp **** #include "ShaderMaterial.h"
   9:../source/tinyUnity/ShaderMaterial.cpp **** namespace tinyUnity{
  10:../source/tinyUnity/ShaderMaterial.cpp **** ShaderMaterial::ShaderMaterial() {
  22              		.loc 1 10 0
  23              		.cfi_startproc
  24              		@ Function supports interworking.
  25              		@ args = 0, pretend = 0, frame = 8
  26              		@ frame_needed = 1, uses_anonymous_args = 0
  27 0000 00482DE9 		stmfd	sp!, {fp, lr}
  28              	.LCFI0:
  29              		.cfi_def_cfa_offset 8
  30              		.cfi_offset 11, -8
  31              		.cfi_offset 14, -4
  32 0004 04B08DE2 		add	fp, sp, #4
  33              	.LCFI1:
  34              		.cfi_def_cfa 11, 4
  35 0008 08D04DE2 		sub	sp, sp, #8
  36 000c 08000BE5 		str	r0, [fp, #-8]
  37              	.LBB2:
  38              		.loc 1 10 0
  39 0010 08301BE5 		ldr	r3, [fp, #-8]
  40 0014 0300A0E1 		mov	r0, r3
  41 0018 FEFFFFEB 		bl	_ZN8MaterialC2Ev
  42 001c 08301BE5 		ldr	r3, [fp, #-8]
  43 0020 14209FE5 		ldr	r2, .L4
  44 0024 002083E5 		str	r2, [r3]
  45              	.LBE2:
  11:../source/tinyUnity/ShaderMaterial.cpp **** 	// TODO Auto-generated constructor stub
  12:../source/tinyUnity/ShaderMaterial.cpp **** 
  13:../source/tinyUnity/ShaderMaterial.cpp **** }
  46              		.loc 1 13 0
  47 0028 08301BE5 		ldr	r3, [fp, #-8]
  48 002c 0300A0E1 		mov	r0, r3
  49 0030 04D04BE2 		sub	sp, fp, #4
  50              		@ sp needed
  51 0034 0048BDE8 		ldmfd	sp!, {fp, lr}
  52 0038 1EFF2FE1 		bx	lr
  53              	.L5:
  54              		.align	2
  55              	.L4:
  56 003c 08000000 		.word	_ZTVN9tinyUnity14ShaderMaterialE+8
  57              		.cfi_endproc
  58              	.LFE1:
  60              		.global	_ZN9tinyUnity14ShaderMaterialC1Ev
  61              		.set	_ZN9tinyUnity14ShaderMaterialC1Ev,_ZN9tinyUnity14ShaderMaterialC2Ev
  62              		.align	2
  63              		.global	_ZN9tinyUnity14ShaderMaterialD2Ev
  65              	_ZN9tinyUnity14ShaderMaterialD2Ev:
  66              	.LFB4:
  14:../source/tinyUnity/ShaderMaterial.cpp **** 
  15:../source/tinyUnity/ShaderMaterial.cpp **** ShaderMaterial::~ShaderMaterial() {
  67              		.loc 1 15 0
  68              		.cfi_startproc
  69              		@ Function supports interworking.
  70              		@ args = 0, pretend = 0, frame = 8
  71              		@ frame_needed = 1, uses_anonymous_args = 0
  72 0040 00482DE9 		stmfd	sp!, {fp, lr}
  73              	.LCFI2:
  74              		.cfi_def_cfa_offset 8
  75              		.cfi_offset 11, -8
  76              		.cfi_offset 14, -4
  77 0044 04B08DE2 		add	fp, sp, #4
  78              	.LCFI3:
  79              		.cfi_def_cfa 11, 4
  80 0048 08D04DE2 		sub	sp, sp, #8
  81 004c 08000BE5 		str	r0, [fp, #-8]
  82              	.LBB3:
  83              		.loc 1 15 0
  84 0050 08301BE5 		ldr	r3, [fp, #-8]
  85 0054 34209FE5 		ldr	r2, .L10
  86 0058 002083E5 		str	r2, [r3]
  87 005c 08301BE5 		ldr	r3, [fp, #-8]
  16:../source/tinyUnity/ShaderMaterial.cpp **** 	// TODO Auto-generated destructor stub
  17:../source/tinyUnity/ShaderMaterial.cpp **** }
  88              		.loc 1 17 0
  89 0060 0300A0E1 		mov	r0, r3
  90 0064 FEFFFFEB 		bl	_ZN8MaterialD2Ev
  91              	.LBE3:
  92 0068 0030A0E3 		mov	r3, #0
  93 006c 000053E3 		cmp	r3, #0
  94 0070 0100000A 		beq	.L8
  95              		.loc 1 17 0 is_stmt 0 discriminator 1
  96 0074 08001BE5 		ldr	r0, [fp, #-8]
  97 0078 FEFFFFEB 		bl	_ZdlPv
  98              	.L8:
  99              		.loc 1 17 0 discriminator 2
 100 007c 08301BE5 		ldr	r3, [fp, #-8]
 101 0080 0300A0E1 		mov	r0, r3
 102 0084 04D04BE2 		sub	sp, fp, #4
 103              		@ sp needed
 104 0088 0048BDE8 		ldmfd	sp!, {fp, lr}
 105 008c 1EFF2FE1 		bx	lr
 106              	.L11:
 107              		.align	2
 108              	.L10:
 109 0090 08000000 		.word	_ZTVN9tinyUnity14ShaderMaterialE+8
 110              		.cfi_endproc
 111              	.LFE4:
 113              		.global	_ZN9tinyUnity14ShaderMaterialD1Ev
 114              		.set	_ZN9tinyUnity14ShaderMaterialD1Ev,_ZN9tinyUnity14ShaderMaterialD2Ev
 115              		.align	2
 116              		.global	_ZN9tinyUnity14ShaderMaterialD0Ev
 118              	_ZN9tinyUnity14ShaderMaterialD0Ev:
 119              	.LFB6:
  15:../source/tinyUnity/ShaderMaterial.cpp **** 	// TODO Auto-generated destructor stub
 120              		.loc 1 15 0 is_stmt 1
 121              		.cfi_startproc
 122              		@ Function supports interworking.
 123              		@ args = 0, pretend = 0, frame = 8
 124              		@ frame_needed = 1, uses_anonymous_args = 0
 125 0094 00482DE9 		stmfd	sp!, {fp, lr}
 126              	.LCFI4:
 127              		.cfi_def_cfa_offset 8
 128              		.cfi_offset 11, -8
 129              		.cfi_offset 14, -4
 130 0098 04B08DE2 		add	fp, sp, #4
 131              	.LCFI5:
 132              		.cfi_def_cfa 11, 4
 133 009c 08D04DE2 		sub	sp, sp, #8
 134 00a0 08000BE5 		str	r0, [fp, #-8]
 135              		.loc 1 17 0
 136 00a4 08001BE5 		ldr	r0, [fp, #-8]
 137 00a8 FEFFFFEB 		bl	_ZN9tinyUnity14ShaderMaterialD1Ev
 138 00ac 08001BE5 		ldr	r0, [fp, #-8]
 139 00b0 FEFFFFEB 		bl	_ZdlPv
 140 00b4 08301BE5 		ldr	r3, [fp, #-8]
 141 00b8 0300A0E1 		mov	r0, r3
 142 00bc 04D04BE2 		sub	sp, fp, #4
 143              		@ sp needed
 144 00c0 0048BDE8 		ldmfd	sp!, {fp, lr}
 145 00c4 1EFF2FE1 		bx	lr
 146              		.cfi_endproc
 147              	.LFE6:
 149              		.global	_ZTVN9tinyUnity14ShaderMaterialE
 150              		.section	.rodata
 151              		.align	3
 154              	_ZTVN9tinyUnity14ShaderMaterialE:
 155 0000 00000000 		.word	0
 156 0004 00000000 		.word	0
 157 0008 00000000 		.word	_ZN9tinyUnity14ShaderMaterialD1Ev
 158 000c 00000000 		.word	_ZN9tinyUnity14ShaderMaterialD0Ev
 159 0010 00000000 		.word	_ZN8Material7executeEv
 160 0014 00000000 		.text
 161              	.Letext0:
 162              		.file 2 "../source/tinyUnity/ShaderMaterial.h"
DEFINED SYMBOLS
                            *ABS*:00000000 ShaderMaterial.cpp
/var/folders/0q/0rgskkgj3ms6cdw3tql51gsc0000gv/T//ccS5pVb8.s:16     .text:00000000 $a
/var/folders/0q/0rgskkgj3ms6cdw3tql51gsc0000gv/T//ccS5pVb8.s:19     .text:00000000 _ZN9tinyUnity14ShaderMaterialC2Ev
/var/folders/0q/0rgskkgj3ms6cdw3tql51gsc0000gv/T//ccS5pVb8.s:56     .text:0000003c $d
/var/folders/0q/0rgskkgj3ms6cdw3tql51gsc0000gv/T//ccS5pVb8.s:154    .rodata:00000000 _ZTVN9tinyUnity14ShaderMaterialE
/var/folders/0q/0rgskkgj3ms6cdw3tql51gsc0000gv/T//ccS5pVb8.s:19     .text:00000000 _ZN9tinyUnity14ShaderMaterialC1Ev
/var/folders/0q/0rgskkgj3ms6cdw3tql51gsc0000gv/T//ccS5pVb8.s:62     .text:00000040 $a
/var/folders/0q/0rgskkgj3ms6cdw3tql51gsc0000gv/T//ccS5pVb8.s:65     .text:00000040 _ZN9tinyUnity14ShaderMaterialD2Ev
/var/folders/0q/0rgskkgj3ms6cdw3tql51gsc0000gv/T//ccS5pVb8.s:109    .text:00000090 $d
/var/folders/0q/0rgskkgj3ms6cdw3tql51gsc0000gv/T//ccS5pVb8.s:65     .text:00000040 _ZN9tinyUnity14ShaderMaterialD1Ev
/var/folders/0q/0rgskkgj3ms6cdw3tql51gsc0000gv/T//ccS5pVb8.s:115    .text:00000094 $a
/var/folders/0q/0rgskkgj3ms6cdw3tql51gsc0000gv/T//ccS5pVb8.s:118    .text:00000094 _ZN9tinyUnity14ShaderMaterialD0Ev
/var/folders/0q/0rgskkgj3ms6cdw3tql51gsc0000gv/T//ccS5pVb8.s:151    .rodata:00000000 $d
                     .debug_frame:00000010 $d
                           .group:00000000 wm4.1.c1d3c39fe92b3c0ea0c4445ea1455857

UNDEFINED SYMBOLS
_ZN8MaterialC2Ev
_ZN8MaterialD2Ev
_ZdlPv
_ZN8Material7executeEv
