   1              		.cpu arm9
   2              		.fpu softvfp
   3              		.eabi_attribute 20, 1
   4              		.eabi_attribute 21, 1
   5              		.eabi_attribute 23, 3
   6              		.eabi_attribute 24, 1
   7              		.eabi_attribute 25, 1
   8              		.eabi_attribute 26, 1
   9              		.eabi_attribute 30, 6
  10              		.eabi_attribute 34, 0
  11              		.eabi_attribute 18, 4
  12              		.file	"Box.cpp"
  13              		.text
  14              	.Ltext0:
  15              		.cfi_sections	.debug_frame
  16              		.data
  17              		.align	2
  20              	_ZL6glGlob:
  21 0000 00000000 		.word	glGlobalData
  22              		.text
  23              		.align	2
  24              		.global	_ZN9tinyUnity3BoxC2Ev
  26              	_ZN9tinyUnity3BoxC2Ev:
  27              	.LFB187:
  28              		.file 1 "../source/tinyUnity/physics/Box.cpp"
   1:../source/tinyUnity/physics/Box.cpp **** /*
   2:../source/tinyUnity/physics/Box.cpp ****  * Box.cpp
   3:../source/tinyUnity/physics/Box.cpp ****  *
   4:../source/tinyUnity/physics/Box.cpp ****  *  Created on: 2013-07-09
   5:../source/tinyUnity/physics/Box.cpp ****  *      Author: awiebe
   6:../source/tinyUnity/physics/Box.cpp ****  */
   7:../source/tinyUnity/physics/Box.cpp **** 
   8:../source/tinyUnity/physics/Box.cpp **** #include "Box.h"
   9:../source/tinyUnity/physics/Box.cpp **** 
  10:../source/tinyUnity/physics/Box.cpp **** namespace tinyUnity {
  11:../source/tinyUnity/physics/Box.cpp **** 
  12:../source/tinyUnity/physics/Box.cpp **** Box::Box() {
  29              		.loc 1 12 0
  30              		.cfi_startproc
  31              		@ Function supports interworking.
  32              		@ args = 0, pretend = 0, frame = 8
  33              		@ frame_needed = 1, uses_anonymous_args = 0
  34 0000 00482DE9 		stmfd	sp!, {fp, lr}
  35              	.LCFI0:
  36              		.cfi_def_cfa_offset 8
  37              		.cfi_offset 11, -8
  38              		.cfi_offset 14, -4
  39 0004 04B08DE2 		add	fp, sp, #4
  40              	.LCFI1:
  41              		.cfi_def_cfa 11, 4
  42 0008 08D04DE2 		sub	sp, sp, #8
  43 000c 08000BE5 		str	r0, [fp, #-8]
  44              	.LBB2:
  45              		.loc 1 12 0
  46 0010 08301BE5 		ldr	r3, [fp, #-8]
  47 0014 34209FE5 		ldr	r2, .L4
  48 0018 002083E5 		str	r2, [r3]
  49 001c 08301BE5 		ldr	r3, [fp, #-8]
  50 0020 043083E2 		add	r3, r3, #4
  51 0024 0300A0E1 		mov	r0, r3
  52 0028 FEFFFFEB 		bl	_ZN9tinyUnity7Vector3C1Ev
  53 002c 08301BE5 		ldr	r3, [fp, #-8]
  54 0030 103083E2 		add	r3, r3, #16
  55 0034 0300A0E1 		mov	r0, r3
  56 0038 FEFFFFEB 		bl	_ZN9tinyUnity7Vector3C1Ev
  57              	.LBE2:
  13:../source/tinyUnity/physics/Box.cpp **** 	// TODO Auto-generated constructor stub
  14:../source/tinyUnity/physics/Box.cpp **** 
  15:../source/tinyUnity/physics/Box.cpp **** }
  58              		.loc 1 15 0
  59 003c 08301BE5 		ldr	r3, [fp, #-8]
  60 0040 0300A0E1 		mov	r0, r3
  61 0044 04D04BE2 		sub	sp, fp, #4
  62              		@ sp needed
  63 0048 0048BDE8 		ldmfd	sp!, {fp, lr}
  64 004c 1EFF2FE1 		bx	lr
  65              	.L5:
  66              		.align	2
  67              	.L4:
  68 0050 08000000 		.word	_ZTVN9tinyUnity3BoxE+8
  69              		.cfi_endproc
  70              	.LFE187:
  72              		.global	_ZN9tinyUnity3BoxC1Ev
  73              		.set	_ZN9tinyUnity3BoxC1Ev,_ZN9tinyUnity3BoxC2Ev
  74              		.align	2
  75              		.global	_ZN9tinyUnity3BoxD2Ev
  77              	_ZN9tinyUnity3BoxD2Ev:
  78              	.LFB190:
  16:../source/tinyUnity/physics/Box.cpp **** 
  17:../source/tinyUnity/physics/Box.cpp **** Box::~Box() {
  79              		.loc 1 17 0
  80              		.cfi_startproc
  81              		@ Function supports interworking.
  82              		@ args = 0, pretend = 0, frame = 8
  83              		@ frame_needed = 1, uses_anonymous_args = 0
  84 0054 00482DE9 		stmfd	sp!, {fp, lr}
  85              	.LCFI2:
  86              		.cfi_def_cfa_offset 8
  87              		.cfi_offset 11, -8
  88              		.cfi_offset 14, -4
  89 0058 04B08DE2 		add	fp, sp, #4
  90              	.LCFI3:
  91              		.cfi_def_cfa 11, 4
  92 005c 08D04DE2 		sub	sp, sp, #8
  93 0060 08000BE5 		str	r0, [fp, #-8]
  94              	.LBB3:
  95              		.loc 1 17 0
  96 0064 08301BE5 		ldr	r3, [fp, #-8]
  97 0068 48209FE5 		ldr	r2, .L10
  98 006c 002083E5 		str	r2, [r3]
  99 0070 08301BE5 		ldr	r3, [fp, #-8]
 100 0074 103083E2 		add	r3, r3, #16
 101 0078 0300A0E1 		mov	r0, r3
 102 007c FEFFFFEB 		bl	_ZN9tinyUnity7Vector3D1Ev
 103 0080 08301BE5 		ldr	r3, [fp, #-8]
 104 0084 043083E2 		add	r3, r3, #4
  18:../source/tinyUnity/physics/Box.cpp **** 	// TODO Auto-generated destructor stub
  19:../source/tinyUnity/physics/Box.cpp **** }
 105              		.loc 1 19 0
 106 0088 0300A0E1 		mov	r0, r3
 107 008c FEFFFFEB 		bl	_ZN9tinyUnity7Vector3D1Ev
 108              	.LBE3:
 109 0090 0030A0E3 		mov	r3, #0
 110 0094 000053E3 		cmp	r3, #0
 111 0098 0100000A 		beq	.L8
 112              		.loc 1 19 0 is_stmt 0 discriminator 1
 113 009c 08001BE5 		ldr	r0, [fp, #-8]
 114 00a0 FEFFFFEB 		bl	_ZdlPv
 115              	.L8:
 116              		.loc 1 19 0 discriminator 2
 117 00a4 08301BE5 		ldr	r3, [fp, #-8]
 118 00a8 0300A0E1 		mov	r0, r3
 119 00ac 04D04BE2 		sub	sp, fp, #4
 120              		@ sp needed
 121 00b0 0048BDE8 		ldmfd	sp!, {fp, lr}
 122 00b4 1EFF2FE1 		bx	lr
 123              	.L11:
 124              		.align	2
 125              	.L10:
 126 00b8 08000000 		.word	_ZTVN9tinyUnity3BoxE+8
 127              		.cfi_endproc
 128              	.LFE190:
 130              		.global	_ZN9tinyUnity3BoxD1Ev
 131              		.set	_ZN9tinyUnity3BoxD1Ev,_ZN9tinyUnity3BoxD2Ev
 132              		.align	2
 133              		.global	_ZN9tinyUnity3BoxD0Ev
 135              	_ZN9tinyUnity3BoxD0Ev:
 136              	.LFB192:
  17:../source/tinyUnity/physics/Box.cpp **** 	// TODO Auto-generated destructor stub
 137              		.loc 1 17 0 is_stmt 1
 138              		.cfi_startproc
 139              		@ Function supports interworking.
 140              		@ args = 0, pretend = 0, frame = 8
 141              		@ frame_needed = 1, uses_anonymous_args = 0
 142 00bc 00482DE9 		stmfd	sp!, {fp, lr}
 143              	.LCFI4:
 144              		.cfi_def_cfa_offset 8
 145              		.cfi_offset 11, -8
 146              		.cfi_offset 14, -4
 147 00c0 04B08DE2 		add	fp, sp, #4
 148              	.LCFI5:
 149              		.cfi_def_cfa 11, 4
 150 00c4 08D04DE2 		sub	sp, sp, #8
 151 00c8 08000BE5 		str	r0, [fp, #-8]
 152              		.loc 1 19 0
 153 00cc 08001BE5 		ldr	r0, [fp, #-8]
 154 00d0 FEFFFFEB 		bl	_ZN9tinyUnity3BoxD1Ev
 155 00d4 08001BE5 		ldr	r0, [fp, #-8]
 156 00d8 FEFFFFEB 		bl	_ZdlPv
 157 00dc 08301BE5 		ldr	r3, [fp, #-8]
 158 00e0 0300A0E1 		mov	r0, r3
 159 00e4 04D04BE2 		sub	sp, fp, #4
 160              		@ sp needed
 161 00e8 0048BDE8 		ldmfd	sp!, {fp, lr}
 162 00ec 1EFF2FE1 		bx	lr
 163              		.cfi_endproc
 164              	.LFE192:
 166              		.global	_ZTVN9tinyUnity3BoxE
 167              		.section	.rodata
 168              		.align	3
 171              	_ZTVN9tinyUnity3BoxE:
 172 0000 00000000 		.word	0
 173 0004 00000000 		.word	0
 174 0008 00000000 		.word	_ZN9tinyUnity3BoxD1Ev
 175 000c 00000000 		.word	_ZN9tinyUnity3BoxD0Ev
 176              		.text
 177              	.Letext0:
 178              		.file 2 "/Users/awiebe/devkitPro/devkitARM/arm-none-eabi/include/machine/_default_types.h"
 179              		.file 3 "/Users/awiebe/devkitPro/devkitARM/arm-none-eabi/include/stdint.h"
 180              		.file 4 "/Users/awiebe/devkitPro/libnds/include/nds/ndstypes.h"
 181              		.file 5 "/Users/awiebe/devkitPro/libnds/include/nds/arm9/dynamicArray.h"
 182              		.file 6 "/Users/awiebe/devkitPro/libnds/include/nds/arm9/videoGL.h"
 183              		.file 7 "/Users/awiebe/devkitPro/libnds/include/nds/arm9/background.h"
 184              		.file 8 "/Users/awiebe/devkitPro/libnds/include/nds/arm9/sprite.h"
 185              		.file 9 "../source/tinyUnity/physics/Box.h"
 186              		.file 10 "/Users/awiebe/devkitPro/libnds/include/nds/arm9/video.h"
 187              		.file 11 "../source/tinyUnity/physics/../types.h"
DEFINED SYMBOLS
                            *ABS*:00000000 Box.cpp
/var/folders/0q/0rgskkgj3ms6cdw3tql51gsc0000gv/T//ccqhUTaq.s:17     .data:00000000 $d
/var/folders/0q/0rgskkgj3ms6cdw3tql51gsc0000gv/T//ccqhUTaq.s:20     .data:00000000 _ZL6glGlob
/var/folders/0q/0rgskkgj3ms6cdw3tql51gsc0000gv/T//ccqhUTaq.s:23     .text:00000000 $a
/var/folders/0q/0rgskkgj3ms6cdw3tql51gsc0000gv/T//ccqhUTaq.s:26     .text:00000000 _ZN9tinyUnity3BoxC2Ev
/var/folders/0q/0rgskkgj3ms6cdw3tql51gsc0000gv/T//ccqhUTaq.s:68     .text:00000050 $d
/var/folders/0q/0rgskkgj3ms6cdw3tql51gsc0000gv/T//ccqhUTaq.s:171    .rodata:00000000 _ZTVN9tinyUnity3BoxE
/var/folders/0q/0rgskkgj3ms6cdw3tql51gsc0000gv/T//ccqhUTaq.s:26     .text:00000000 _ZN9tinyUnity3BoxC1Ev
/var/folders/0q/0rgskkgj3ms6cdw3tql51gsc0000gv/T//ccqhUTaq.s:74     .text:00000054 $a
/var/folders/0q/0rgskkgj3ms6cdw3tql51gsc0000gv/T//ccqhUTaq.s:77     .text:00000054 _ZN9tinyUnity3BoxD2Ev
/var/folders/0q/0rgskkgj3ms6cdw3tql51gsc0000gv/T//ccqhUTaq.s:126    .text:000000b8 $d
/var/folders/0q/0rgskkgj3ms6cdw3tql51gsc0000gv/T//ccqhUTaq.s:77     .text:00000054 _ZN9tinyUnity3BoxD1Ev
/var/folders/0q/0rgskkgj3ms6cdw3tql51gsc0000gv/T//ccqhUTaq.s:132    .text:000000bc $a
/var/folders/0q/0rgskkgj3ms6cdw3tql51gsc0000gv/T//ccqhUTaq.s:135    .text:000000bc _ZN9tinyUnity3BoxD0Ev
/var/folders/0q/0rgskkgj3ms6cdw3tql51gsc0000gv/T//ccqhUTaq.s:168    .rodata:00000000 $d
                     .debug_frame:00000010 $d
                           .group:00000000 wm4.1.c1d3c39fe92b3c0ea0c4445ea1455857
                           .group:00000000 wm4.features.h.22.6a4ca7cd053637cc1d0db6c16f39b2d7
                           .group:00000000 wm4._default_types.h.15.8b2cb27e528498f8ff711db085d6e489
                           .group:00000000 wm4.stdint.h.20.796e373797e732130a803d4c0338fa1b
                           .group:00000000 wm4.stdbool.h.29.918586c125f920236001deb211f41e92
                           .group:00000000 wm4.ndstypes.h.43.843a766a29031d4e29a34080490bc9e7
                           .group:00000000 wm4.dma.h.50.a955dbc97e195f4838666434bca4a52b
                           .group:00000000 wm4.newlib.h.8.30891898d18e8c5555d1f81eacc760e7
                           .group:00000000 wm4.config.h.212.4163ef2871a828c674038d036b081cfd
                           .group:00000000 wm4._ansi.h.23.ec336385f0acb2b8514cd40ae0acc4ae
                           .group:00000000 wm4.sassert.h.43.7e84097964ba1c61c895bb636f8df047
                           .group:00000000 wm4.video.h.83.235168beab22bda04c79ff9483358ca5
                           .group:00000000 wm4.trig_lut.h.31.05e8d4f6471e5776263e413a2d294f89
                           .group:00000000 wm4.math.h.33.ee7a4ca882824fafdd2f17cf66692f53
                           .group:00000000 wm4.stdlib.h.13.4ed386f5c1a80d71e72172885d946ef2
                           .group:00000000 wm4.stddef.h.184.ee8e6917b4e86549ab466905cf65c430
                           .group:00000000 wm4.stddef.h.39.14405de79e849c7e89fd312e10f494ac
                           .group:00000000 wm4.lock.h.2.9bc98482741e5e2a9450b12934a684ea
                           .group:00000000 wm4._types.h.54.d3d34a3b7f3cc230cd159baf022b4b08
                           .group:00000000 wm4.stddef.h.158.e57d9a24f6f3b6eaa274e44743a335a7
                           .group:00000000 wm4.reent.h.17.8bd9e4098e0428508c282cad794fae43
                           .group:00000000 wm4.alloca.h.8.dfc0c703c47ec3e69746825b17d9e66d
                           .group:00000000 wm4.stdlib.h.53.1a82a3cc35cb0a04319c41bcf41d2a02
                           .group:00000000 wm4.cdefs.h.56.d8c921dd752528cc5369e93873b9bfb1
                           .group:00000000 wm4.string.h.15.dab3980bf35408a4c507182805e2de3a
                           .group:00000000 wm4.stddef.h.158.bfd00fa34c523ce50423876e66a2d374
                           .group:00000000 wm4.string.h.126.6ff3aa59129e7f66b2c273baf353e066
                           .group:00000000 wm4.videoGL.h.52.c73e1a09c4f988160d4a8ba260f501f7
                           .group:00000000 wm4.nds.h.219.3a246e32827d01484c32560cb6386a4e
                           .group:00000000 wm4.libversion.h.2.18bf62264b22c269b0002d03167cd230
                           .group:00000000 wm4.bios.h.30.169aa6d169a53cccccf3763844018a52
                           .group:00000000 wm4.card.h.35.5af8b1d928ff6ee2d22f183e9cc6cbe4
                           .group:00000000 wm4.interrupts.h.36.0043cda252880b023f6c6ebf569dd321
                           .group:00000000 wm4.ipc.h.30.fbcd65cbf2747d2105139787728cf9e6
                           .group:00000000 wm4.memory.h.33.5d65bad382e61a8ebefcc049f5d87b52
                           .group:00000000 wm4.system.h.37.48409549d245f15638a161f782a42fc7
                           .group:00000000 wm4.timers.h.39.4b84c7e880d6307c6b835d087ae7883b
                           .group:00000000 wm4.input.h.26.668c351ed5998cd41b7cf188a22bed7c
                           .group:00000000 wm4.malloc.h.4.62bd13b8107d5245f60bd92bb5994838
                           .group:00000000 wm4.malloc.h.148.73b7de3bd065dafbd594b04197a9466e
                           .group:00000000 wm4.background.h.126.e2819423dbec0f01a2c161be17215d1b
                           .group:00000000 wm4.exceptions.h.25.52606812c666ab6cfd8bf635c7f2a084
                           .group:00000000 wm4.guitarGrip.h.26.5ddf3818ecb5c8b4af08c800ce313a80
                           .group:00000000 wm4.piano.h.29.f45975aa2219b49eb0380c2585d1f4b5
                           .group:00000000 wm4.rumble.h.29.041709ebb3e71022d49e6e8cd0c3ddfc
                           .group:00000000 wm4.sprite.h.48.d5d68d7969c43c17fbe48e3349c2572c

UNDEFINED SYMBOLS
glGlobalData
_ZN9tinyUnity7Vector3C1Ev
_ZN9tinyUnity7Vector3D1Ev
_ZdlPv
